#
# There is insufficient memory for the Java Runtime Environment to continue.
# Native memory allocation (mmap) failed to map 19922944 bytes for G1 virtual space
# Possible reasons:
#   The system is out of physical RAM or swap space
#   The process is running with CompressedOops enabled, and the Java Heap may be blocking the growth of the native heap
# Possible solutions:
#   Reduce memory load on the system
#   Increase physical memory or swap space
#   Check if swap backing store is full
#   Decrease Java heap size (-Xmx/-Xms)
#   Decrease number of Java threads
#   Decrease Java thread stack sizes (-Xss)
#   Set larger code cache with -XX:ReservedCodeCacheSize=
#   JVM is running with Unscaled Compressed Oops mode in which the Java heap is
#     placed in the first 4GB address space. The Java Heap base address is the
#     maximum limit for the native heap growth. Please use -XX:HeapBaseMinAddress
#     to set the Java Heap base and to place the Java Heap above 4GB virtual address.
# This output file may be truncated or incomplete.
#
#  Out of Memory Error (os_windows.cpp:3769), pid=23244, tid=17192
#
# JRE version: OpenJDK Runtime Environment (17.0.6) (build 17.0.6+0-b2043.56-9586694)
# Java VM: OpenJDK 64-Bit Server VM (17.0.6+0-b2043.56-9586694, mixed mode, tiered, compressed oops, compressed class ptrs, g1 gc, windows-amd64)
# No core dump will be written. Minidumps are not enabled by default on client versions of Windows
#

---------------  S U M M A R Y ------------

Command Line: --add-opens=java.base/java.util=ALL-UNNAMED --add-opens=java.base/java.lang=ALL-UNNAMED --add-opens=java.base/java.lang.invoke=ALL-UNNAMED --add-opens=java.prefs/java.util.prefs=ALL-UNNAMED --add-opens=java.base/java.nio.charset=ALL-UNNAMED --add-opens=java.base/java.net=ALL-UNNAMED --add-opens=java.base/java.util.concurrent.atomic=ALL-UNNAMED -Xmx2048m -Dfile.encoding=UTF-8 -Duser.country=IN -Duser.language=en -Duser.variant org.gradle.launcher.daemon.bootstrap.GradleDaemon 8.0

Host: 12th Gen Intel(R) Core(TM) i5-1235U, 12 cores, 3G,  Windows 11 , 64 bit Build 22621 (10.0.22621.2070)
Time: Thu Aug 17 19:15:13 2023 India Standard Time elapsed time: 10.418156 seconds (0d 0h 0m 10s)

---------------  T H R E A D  ---------------

Current thread (0x0000021f007476f0):  VMThread "VM Thread" [stack: 0x000000bdaf300000,0x000000bdaf400000] [id=17192]

Stack: [0x000000bdaf300000,0x000000bdaf400000]
Native frames: (J=compiled Java code, j=interpreted, Vv=VM code, C=native code)
V  [jvm.dll+0x683b4a]
V  [jvm.dll+0x842654]
V  [jvm.dll+0x843dfe]
V  [jvm.dll+0x844463]
V  [jvm.dll+0x249b75]
V  [jvm.dll+0x680a19]
V  [jvm.dll+0x674f0a]
V  [jvm.dll+0x309acb]
V  [jvm.dll+0x310f86]
V  [jvm.dll+0x3608ee]
V  [jvm.dll+0x360b1f]
V  [jvm.dll+0x2dfbf8]
V  [jvm.dll+0x2e2ce6]
V  [jvm.dll+0x2ed478]
V  [jvm.dll+0x322150]
V  [jvm.dll+0x84893b]
V  [jvm.dll+0x849674]
V  [jvm.dll+0x849b8d]
V  [jvm.dll+0x849f64]
V  [jvm.dll+0x84a030]
V  [jvm.dll+0x7f25fa]
V  [jvm.dll+0x682985]
C  [ucrtbase.dll+0x29363]
C  [KERNEL32.DLL+0x126ad]
C  [ntdll.dll+0x5aa68]

VM_Operation (0x000000bdaefff460): G1Concurrent, mode: safepoint, requested by thread 0x0000021f669e5d20


---------------  P R O C E S S  ---------------

Threads class SMR info:
_java_thread_list=0x0000021f05c78be0, length=45, elements={
0x0000021f66979c40, 0x0000021f01816280, 0x0000021f018170b0, 0x0000021f0075dce0,
0x0000021f0075e890, 0x0000021f01837420, 0x0000021f0183b1e0, 0x0000021f01843ed0,
0x0000021f01844970, 0x0000021f01865b00, 0x0000021f019db020, 0x0000021f019fe120,
0x0000021f02df8d50, 0x0000021f03332080, 0x0000021f03ca7640, 0x0000021f04149860,
0x0000021f032cd0e0, 0x0000021f04885890, 0x0000021f046138e0, 0x0000021f03fa53a0,
0x0000021f03fa36c0, 0x0000021f03fa4a00, 0x0000021f03fa5870, 0x0000021f03fa4060,
0x0000021f03fa6210, 0x0000021f03fa31f0, 0x0000021f03fa5d40, 0x0000021f03fa3b90,
0x0000021f03fa4530, 0x0000021f03fa4ed0, 0x0000021f03fa66e0, 0x0000021f03fa2d20,
0x0000021f01b06e00, 0x0000021f01b05ac0, 0x0000021f01b02f70, 0x0000021f01b04c50,
0x0000021f01b04780, 0x0000021f01b02aa0, 0x0000021f01b03440, 0x0000021f01b05120,
0x0000021f01b01c30, 0x0000021f01b06930, 0x0000021f01b072d0, 0x0000021f01b055f0,
0x0000021f01b077a0
}

Java Threads: ( => current thread )
  0x0000021f66979c40 JavaThread "main" [_thread_blocked, id=24200, stack(0x000000bdaed00000,0x000000bdaee00000)]
  0x0000021f01816280 JavaThread "Reference Handler" daemon [_thread_blocked, id=12248, stack(0x000000bdaf400000,0x000000bdaf500000)]
  0x0000021f018170b0 JavaThread "Finalizer" daemon [_thread_blocked, id=2724, stack(0x000000bdaf500000,0x000000bdaf600000)]
  0x0000021f0075dce0 JavaThread "Signal Dispatcher" daemon [_thread_blocked, id=16512, stack(0x000000bdaf600000,0x000000bdaf700000)]
  0x0000021f0075e890 JavaThread "Attach Listener" daemon [_thread_blocked, id=23056, stack(0x000000bdaf700000,0x000000bdaf800000)]
  0x0000021f01837420 JavaThread "Service Thread" daemon [_thread_blocked, id=25876, stack(0x000000bdaf800000,0x000000bdaf900000)]
  0x0000021f0183b1e0 JavaThread "Monitor Deflation Thread" daemon [_thread_blocked, id=3268, stack(0x000000bdaf900000,0x000000bdafa00000)]
  0x0000021f01843ed0 JavaThread "C2 CompilerThread0" daemon [_thread_in_native, id=24916, stack(0x000000bdafa00000,0x000000bdafb00000)]
  0x0000021f01844970 JavaThread "C1 CompilerThread0" daemon [_thread_blocked, id=11352, stack(0x000000bdafb00000,0x000000bdafc00000)]
  0x0000021f01865b00 JavaThread "Sweeper thread" daemon [_thread_blocked, id=23816, stack(0x000000bdafc00000,0x000000bdafd00000)]
  0x0000021f019db020 JavaThread "Common-Cleaner" daemon [_thread_blocked, id=21004, stack(0x000000bdafd00000,0x000000bdafe00000)]
  0x0000021f019fe120 JavaThread "Notification Thread" daemon [_thread_blocked, id=22344, stack(0x000000bdafe00000,0x000000bdaff00000)]
  0x0000021f02df8d50 JavaThread "Daemon health stats" [_thread_blocked, id=21612, stack(0x000000bdb0400000,0x000000bdb0500000)]
  0x0000021f03332080 JavaThread "Incoming local TCP Connector on port 59835" [_thread_in_native, id=26264, stack(0x000000bdb0900000,0x000000bdb0a00000)]
  0x0000021f03ca7640 JavaThread "Daemon periodic checks" [_thread_blocked, id=20312, stack(0x000000bdb0a00000,0x000000bdb0b00000)]
  0x0000021f04149860 JavaThread "Daemon" [_thread_blocked, id=12524, stack(0x000000bdb0b00000,0x000000bdb0c00000)]
  0x0000021f032cd0e0 JavaThread "Handler for socket connection from /127.0.0.1:59835 to /127.0.0.1:59836" [_thread_in_native, id=23968, stack(0x000000bdb0c00000,0x000000bdb0d00000)]
  0x0000021f04885890 JavaThread "Cancel handler" [_thread_blocked, id=22864, stack(0x000000bdb0d00000,0x000000bdb0e00000)]
  0x0000021f046138e0 JavaThread "Daemon worker" [_thread_blocked, id=14108, stack(0x000000bdb0e00000,0x000000bdb0f00000)]
  0x0000021f03fa53a0 JavaThread "Asynchronous log dispatcher for DefaultDaemonConnection: socket connection from /127.0.0.1:59835 to /127.0.0.1:59836" [_thread_blocked, id=26520, stack(0x000000bdb0f00000,0x000000bdb1000000)]
  0x0000021f03fa36c0 JavaThread "Stdin handler" [_thread_blocked, id=9196, stack(0x000000bdb1000000,0x000000bdb1100000)]
  0x0000021f03fa4a00 JavaThread "Daemon client event forwarder" [_thread_blocked, id=24156, stack(0x000000bdb1100000,0x000000bdb1200000)]
  0x0000021f03fa5870 JavaThread "Cache worker for journal cache (C:\Users\vidye\.gradle\caches\journal-1)" [_thread_blocked, id=14600, stack(0x000000bdb1500000,0x000000bdb1600000)]
  0x0000021f03fa4060 JavaThread "File lock request listener" [_thread_in_native, id=22608, stack(0x000000bdb1600000,0x000000bdb1700000)]
  0x0000021f03fa6210 JavaThread "Cache worker for file hash cache (C:\Users\vidye\.gradle\caches\8.0\fileHashes)" [_thread_blocked, id=3136, stack(0x000000bdb1700000,0x000000bdb1800000)]
  0x0000021f03fa31f0 JavaThread "File watcher server" daemon [_thread_in_native, id=15748, stack(0x000000bdb1800000,0x000000bdb1900000)]
  0x0000021f03fa5d40 JavaThread "File watcher consumer" daemon [_thread_blocked, id=4024, stack(0x000000bdb1900000,0x000000bdb1a00000)]
  0x0000021f03fa3b90 JavaThread "jar transforms" [_thread_blocked, id=17540, stack(0x000000bdb1a00000,0x000000bdb1b00000)]
  0x0000021f03fa4530 JavaThread "jar transforms Thread 2" [_thread_blocked, id=24716, stack(0x000000bdb1b00000,0x000000bdb1c00000)]
  0x0000021f03fa4ed0 JavaThread "jar transforms Thread 3" [_thread_blocked, id=17392, stack(0x000000bdb1c00000,0x000000bdb1d00000)]
  0x0000021f03fa66e0 JavaThread "jar transforms Thread 4" [_thread_blocked, id=1900, stack(0x000000bdb1d00000,0x000000bdb1e00000)]
  0x0000021f03fa2d20 JavaThread "jar transforms Thread 5" [_thread_blocked, id=16864, stack(0x000000bdb1e00000,0x000000bdb1f00000)]
  0x0000021f01b06e00 JavaThread "jar transforms Thread 6" [_thread_blocked, id=23828, stack(0x000000bdb1f00000,0x000000bdb2000000)]
  0x0000021f01b05ac0 JavaThread "jar transforms Thread 7" [_thread_blocked, id=25436, stack(0x000000bdb2000000,0x000000bdb2100000)]
  0x0000021f01b02f70 JavaThread "jar transforms Thread 8" [_thread_blocked, id=2396, stack(0x000000bdb2100000,0x000000bdb2200000)]
  0x0000021f01b04c50 JavaThread "jar transforms Thread 9" [_thread_blocked, id=21996, stack(0x000000bdb2200000,0x000000bdb2300000)]
  0x0000021f01b04780 JavaThread "jar transforms Thread 10" [_thread_blocked, id=25632, stack(0x000000bdb2300000,0x000000bdb2400000)]
  0x0000021f01b02aa0 JavaThread "jar transforms Thread 11" [_thread_blocked, id=12656, stack(0x000000bdb2400000,0x000000bdb2500000)]
  0x0000021f01b03440 JavaThread "jar transforms Thread 12" [_thread_blocked, id=18760, stack(0x000000bdb2500000,0x000000bdb2600000)]
  0x0000021f01b05120 JavaThread "Cache worker for checksums cache (C:\Users\vidye\AndroidStudioProjects\Chatbot\.gradle\8.0\checksums)" [_thread_blocked, id=17588, stack(0x000000bdb2600000,0x000000bdb2700000)]
  0x0000021f01b01c30 JavaThread "Cache worker for cache directory md-rule (C:\Users\vidye\.gradle\caches\8.0\md-rule)" [_thread_blocked, id=22892, stack(0x000000bdb2700000,0x000000bdb2800000)]
  0x0000021f01b06930 JavaThread "Cache worker for file content cache (C:\Users\vidye\.gradle\caches\8.0\fileContent)" [_thread_blocked, id=6016, stack(0x000000bdb2800000,0x000000bdb2900000)]
  0x0000021f01b072d0 JavaThread "Cache worker for file hash cache (C:\Users\vidye\AndroidStudioProjects\Chatbot\.gradle\8.0\fileHashes)" [_thread_blocked, id=23528, stack(0x000000bdb2900000,0x000000bdb2a00000)]
  0x0000021f01b055f0 JavaThread "Cache worker for cache directory md-supplier (C:\Users\vidye\.gradle\caches\8.0\md-supplier)" [_thread_blocked, id=23032, stack(0x000000bdb2a00000,0x000000bdb2b00000)]
  0x0000021f01b077a0 JavaThread "Cache worker for execution history cache (C:\Users\vidye\.gradle\caches\8.0\executionHistory)" [_thread_blocked, id=24752, stack(0x000000bdb2b00000,0x000000bdb2c00000)]

Other Threads:
=>0x0000021f007476f0 VMThread "VM Thread" [stack: 0x000000bdaf300000,0x000000bdaf400000] [id=17192]
  0x0000021f01a00600 WatcherThread [stack: 0x000000bdaff00000,0x000000bdb0000000] [id=5068]
  0x0000021f669d44e0 GCTaskThread "GC Thread#0" [stack: 0x000000bdaee00000,0x000000bdaef00000] [id=23756]
  0x0000021f01d1dd50 GCTaskThread "GC Thread#1" [stack: 0x000000bdb0000000,0x000000bdb0100000] [id=22220]
  0x0000021f0254be80 GCTaskThread "GC Thread#2" [stack: 0x000000bdb0100000,0x000000bdb0200000] [id=16440]
  0x0000021f02984ad0 GCTaskThread "GC Thread#3" [stack: 0x000000bdb0200000,0x000000bdb0300000] [id=24352]
  0x0000021f025bd7e0 GCTaskThread "GC Thread#4" [stack: 0x000000bdb0300000,0x000000bdb0400000] [id=24216]
  0x0000021f03c89060 GCTaskThread "GC Thread#5" [stack: 0x000000bdb0500000,0x000000bdb0600000] [id=11948]
  0x0000021f03c89dd0 GCTaskThread "GC Thread#6" [stack: 0x000000bdb0600000,0x000000bdb0700000] [id=20500]
  0x0000021f03c8a080 GCTaskThread "GC Thread#7" [stack: 0x000000bdb0700000,0x000000bdb0800000] [id=23268]
  0x0000021f03c89310 GCTaskThread "GC Thread#8" [stack: 0x000000bdb0800000,0x000000bdb0900000] [id=23208]
  0x0000021f03c895c0 GCTaskThread "GC Thread#9" [stack: 0x000000bdb1200000,0x000000bdb1300000] [id=11476]
  0x0000021f669e5d20 ConcurrentGCThread "G1 Main Marker" [stack: 0x000000bdaef00000,0x000000bdaf000000] [id=8524]
  0x0000021f669e7740 ConcurrentGCThread "G1 Conc#0" [stack: 0x000000bdaf000000,0x000000bdaf100000] [id=9332]
  0x0000021f03c8ab40 ConcurrentGCThread "G1 Conc#1" [stack: 0x000000bdb1300000,0x000000bdb1400000] [id=9872]
  0x0000021f03c8a5e0 ConcurrentGCThread "G1 Conc#2" [stack: 0x000000bdb1400000,0x000000bdb1500000] [id=25564]
  0x0000021f005a3cf0 ConcurrentGCThread "G1 Refine#0" [stack: 0x000000bdaf100000,0x000000bdaf200000] [id=11992]
  0x0000021f66a26530 ConcurrentGCThread "G1 Service" [stack: 0x000000bdaf200000,0x000000bdaf300000] [id=22772]

Threads with active compile tasks:
C2 CompilerThread0    10465 4102       4       groovy.lang.MetaClassImpl$1MOPIter::methodNameAction (325 bytes)

VM state: at safepoint (normal execution)

VM Mutex/Monitor currently owned by a thread:  ([mutex/lock_event])
[0x0000021f669750c0] Threads_lock - owner thread: 0x0000021f007476f0
[0x0000021f66976500] Heap_lock - owner thread: 0x0000021f669e5d20

Heap address: 0x0000000080000000, size: 2048 MB, Compressed Oops mode: 32-bit

CDS archive(s) not mapped
Compressed class space mapped at: 0x0000000100000000-0x0000000140000000, reserved size: 1073741824
Narrow klass base: 0x0000000000000000, Narrow klass shift: 3, Narrow klass range: 0x140000000

GC Precious Log:
 CPUs: 12 total, 12 available
 Memory: 3767M
 Large Page Support: Disabled
 NUMA Support: Disabled
 Compressed Oops: Enabled (32-bit)
 Heap Region Size: 1M
 Heap Min Capacity: 8M
 Heap Initial Capacity: 60M
 Heap Max Capacity: 2G
 Pre-touch: Disabled
 Parallel Workers: 10
 Concurrent Workers: 3
 Concurrent Refinement Workers: 10
 Periodic GC: Disabled

Heap:
 garbage-first heap   total 115712K, used 78999K [0x0000000080000000, 0x0000000100000000)
  region size 1024K, 3 young (3072K), 2 survivors (2048K)
 Metaspace       used 46554K, committed 47040K, reserved 1089536K
  class space    used 6187K, committed 6400K, reserved 1048576K

Heap Regions: E=young(eden), S=young(survivor), O=old, HS=humongous(starts), HC=humongous(continues), CS=collection set, F=free, OA=open archive, CA=closed archive, TAMS=top-at-mark-start (previous, next)
|   0|0x0000000080000000, 0x0000000080100000, 0x0000000080100000|100%|HS|  |TAMS 0x0000000080100000, 0x0000000080000000| Complete 
|   1|0x0000000080100000, 0x0000000080200000, 0x0000000080200000|100%|HC|  |TAMS 0x0000000080200000, 0x0000000080100000| Complete 
|   2|0x0000000080200000, 0x0000000080300000, 0x0000000080300000|100%|HC|  |TAMS 0x0000000080300000, 0x0000000080200000| Complete 
|   3|0x0000000080300000, 0x0000000080400000, 0x0000000080400000|100%|HC|  |TAMS 0x0000000080400000, 0x0000000080300000| Complete 
|   4|0x0000000080400000, 0x0000000080500000, 0x0000000080500000|100%| O|  |TAMS 0x0000000080500000, 0x0000000080400000| Untracked 
|   5|0x0000000080500000, 0x0000000080600000, 0x0000000080600000|100%| O|  |TAMS 0x0000000080600000, 0x0000000080500000| Untracked 
|   6|0x0000000080600000, 0x0000000080700000, 0x0000000080700000|100%| O|  |TAMS 0x0000000080700000, 0x0000000080600000| Untracked 
|   7|0x0000000080700000, 0x0000000080800000, 0x0000000080800000|100%| O|  |TAMS 0x0000000080800000, 0x0000000080700000| Untracked 
|   8|0x0000000080800000, 0x0000000080900000, 0x0000000080900000|100%| O|  |TAMS 0x0000000080900000, 0x0000000080800000| Untracked 
|   9|0x0000000080900000, 0x0000000080a00000, 0x0000000080a00000|100%| O|  |TAMS 0x0000000080a00000, 0x0000000080900000| Updating 
|  10|0x0000000080a00000, 0x0000000080b00000, 0x0000000080b00000|100%| O|  |TAMS 0x0000000080b00000, 0x0000000080a00000| Untracked 
|  11|0x0000000080b00000, 0x0000000080c00000, 0x0000000080c00000|100%| O|  |TAMS 0x0000000080c00000, 0x0000000080b00000| Untracked 
|  12|0x0000000080c00000, 0x0000000080d00000, 0x0000000080d00000|100%| O|  |TAMS 0x0000000080d00000, 0x0000000080c00000| Untracked 
|  13|0x0000000080d00000, 0x0000000080e00000, 0x0000000080e00000|100%| O|  |TAMS 0x0000000080e00000, 0x0000000080d00000| Updating 
|  14|0x0000000080e00000, 0x0000000080f00000, 0x0000000080f00000|100%| O|  |TAMS 0x0000000080f00000, 0x0000000080e00000| Untracked 
|  15|0x0000000080f00000, 0x0000000081000000, 0x0000000081000000|100%| O|  |TAMS 0x0000000081000000, 0x0000000080f00000| Untracked 
|  16|0x0000000081000000, 0x0000000081100000, 0x0000000081100000|100%| O|  |TAMS 0x0000000081100000, 0x0000000081000000| Updating 
|  17|0x0000000081100000, 0x0000000081200000, 0x0000000081200000|100%| O|  |TAMS 0x0000000081200000, 0x0000000081100000| Untracked 
|  18|0x0000000081200000, 0x0000000081300000, 0x0000000081300000|100%| O|  |TAMS 0x0000000081300000, 0x0000000081200000| Untracked 
|  19|0x0000000081300000, 0x0000000081400000, 0x0000000081400000|100%| O|  |TAMS 0x0000000081400000, 0x0000000081300000| Untracked 
|  20|0x0000000081400000, 0x0000000081500000, 0x0000000081500000|100%| O|  |TAMS 0x0000000081500000, 0x0000000081400000| Updating 
|  21|0x0000000081500000, 0x0000000081600000, 0x0000000081600000|100%|HS|  |TAMS 0x0000000081600000, 0x0000000081500000| Complete 
|  22|0x0000000081600000, 0x0000000081700000, 0x0000000081700000|100%|HC|  |TAMS 0x0000000081700000, 0x0000000081600000| Complete 
|  23|0x0000000081700000, 0x0000000081800000, 0x0000000081800000|100%|HS|  |TAMS 0x0000000081800000, 0x0000000081700000| Complete 
|  24|0x0000000081800000, 0x0000000081900000, 0x0000000081900000|100%|HC|  |TAMS 0x0000000081900000, 0x0000000081800000| Complete 
|  25|0x0000000081900000, 0x0000000081a00000, 0x0000000081a00000|100%|HC|  |TAMS 0x0000000081a00000, 0x0000000081900000| Complete 
|  26|0x0000000081a00000, 0x0000000081b00000, 0x0000000081b00000|100%|HS|  |TAMS 0x0000000081b00000, 0x0000000081a00000| Complete 
|  27|0x0000000081b00000, 0x0000000081c00000, 0x0000000081c00000|100%|HC|  |TAMS 0x0000000081c00000, 0x0000000081b00000| Complete 
|  28|0x0000000081c00000, 0x0000000081d00000, 0x0000000081d00000|100%|HC|  |TAMS 0x0000000081d00000, 0x0000000081c00000| Complete 
|  29|0x0000000081d00000, 0x0000000081e00000, 0x0000000081e00000|100%| O|  |TAMS 0x0000000081e00000, 0x0000000081d00000| Untracked 
|  30|0x0000000081e00000, 0x0000000081f00000, 0x0000000081f00000|100%| O|  |TAMS 0x0000000081f00000, 0x0000000081e00000| Updating 
|  31|0x0000000081f00000, 0x0000000082000000, 0x0000000082000000|100%|HS|  |TAMS 0x0000000082000000, 0x0000000081f00000| Complete 
|  32|0x0000000082000000, 0x0000000082100000, 0x0000000082100000|100%|HC|  |TAMS 0x0000000082100000, 0x0000000082000000| Complete 
|  33|0x0000000082100000, 0x0000000082200000, 0x0000000082200000|100%|HS|  |TAMS 0x0000000082200000, 0x0000000082100000| Complete 
|  34|0x0000000082200000, 0x0000000082300000, 0x0000000082300000|100%|HC|  |TAMS 0x0000000082300000, 0x0000000082200000| Complete 
|  35|0x0000000082300000, 0x0000000082400000, 0x0000000082400000|100%|HC|  |TAMS 0x0000000082400000, 0x0000000082300000| Complete 
|  36|0x0000000082400000, 0x0000000082500000, 0x0000000082500000|100%|HC|  |TAMS 0x0000000082500000, 0x0000000082400000| Complete 
|  37|0x0000000082500000, 0x0000000082600000, 0x0000000082600000|100%|HC|  |TAMS 0x0000000082600000, 0x0000000082500000| Complete 
|  38|0x0000000082600000, 0x0000000082700000, 0x0000000082700000|100%|HC|  |TAMS 0x0000000082700000, 0x0000000082600000| Complete 
|  39|0x0000000082700000, 0x0000000082800000, 0x0000000082800000|100%|HC|  |TAMS 0x0000000082800000, 0x0000000082700000| Complete 
|  40|0x0000000082800000, 0x0000000082900000, 0x0000000082900000|100%|HC|  |TAMS 0x0000000082900000, 0x0000000082800000| Complete 
|  41|0x0000000082900000, 0x0000000082a00000, 0x0000000082a00000|100%|HC|  |TAMS 0x0000000082a00000, 0x0000000082900000| Complete 
|  42|0x0000000082a00000, 0x0000000082b00000, 0x0000000082b00000|100%|HC|  |TAMS 0x0000000082b00000, 0x0000000082a00000| Complete 
|  43|0x0000000082b00000, 0x0000000082c00000, 0x0000000082c00000|100%|HS|  |TAMS 0x0000000082c00000, 0x0000000082b00000| Complete 
|  44|0x0000000082c00000, 0x0000000082d00000, 0x0000000082d00000|100%|HC|  |TAMS 0x0000000082d00000, 0x0000000082c00000| Complete 
|  45|0x0000000082d00000, 0x0000000082e00000, 0x0000000082e00000|100%|HS|  |TAMS 0x0000000082e00000, 0x0000000082d00000| Complete 
|  46|0x0000000082e00000, 0x0000000082f00000, 0x0000000082f00000|100%|HC|  |TAMS 0x0000000082f00000, 0x0000000082e00000| Complete 
|  47|0x0000000082f00000, 0x0000000083000000, 0x0000000083000000|100%|HC|  |TAMS 0x0000000083000000, 0x0000000082f00000| Complete 
|  48|0x0000000083000000, 0x0000000083100000, 0x0000000083100000|100%|HC|  |TAMS 0x0000000083100000, 0x0000000083000000| Complete 
|  49|0x0000000083100000, 0x0000000083200000, 0x0000000083200000|100%|HC|  |TAMS 0x0000000083200000, 0x0000000083100000| Complete 
|  50|0x0000000083200000, 0x0000000083300000, 0x0000000083300000|100%|HC|  |TAMS 0x0000000083300000, 0x0000000083200000| Complete 
|  51|0x0000000083300000, 0x0000000083400000, 0x0000000083400000|100%| O|  |TAMS 0x0000000083400000, 0x0000000083300000| Updating 
|  52|0x0000000083400000, 0x0000000083500000, 0x0000000083500000|100%|HS|  |TAMS 0x0000000083500000, 0x0000000083400000| Complete 
|  53|0x0000000083500000, 0x0000000083600000, 0x0000000083600000|100%| O|  |TAMS 0x0000000083600000, 0x0000000083500000| Untracked 
|  54|0x0000000083600000, 0x0000000083700000, 0x0000000083700000|100%| O|  |TAMS 0x0000000083700000, 0x0000000083600000| Updating 
|  55|0x0000000083700000, 0x0000000083800000, 0x0000000083800000|100%| O|  |TAMS 0x0000000083800000, 0x0000000083700000| Untracked 
|  56|0x0000000083800000, 0x0000000083900000, 0x0000000083900000|100%| O|  |TAMS 0x0000000083900000, 0x0000000083800000| Updating 
|  57|0x0000000083900000, 0x0000000083a00000, 0x0000000083a00000|100%| O|  |TAMS 0x0000000083a00000, 0x0000000083900000| Untracked 
|  58|0x0000000083a00000, 0x0000000083b00000, 0x0000000083b00000|100%| O|  |TAMS 0x0000000083b00000, 0x0000000083a00000| Untracked 
|  59|0x0000000083b00000, 0x0000000083c00000, 0x0000000083c00000|100%| O|  |TAMS 0x0000000083c00000, 0x0000000083b00000| Untracked 
|  60|0x0000000083c00000, 0x0000000083d00000, 0x0000000083d00000|100%| O|  |TAMS 0x0000000083ce1c00, 0x0000000083c00000| Untracked 
|  61|0x0000000083d00000, 0x0000000083e00000, 0x0000000083e00000|100%| O|  |TAMS 0x0000000083d00000, 0x0000000083d00000| Untracked 
|  62|0x0000000083e00000, 0x0000000083f00000, 0x0000000083f00000|100%| O|  |TAMS 0x0000000083e00000, 0x0000000083e00000| Untracked 
|  63|0x0000000083f00000, 0x0000000084000000, 0x0000000084000000|100%| O|  |TAMS 0x0000000083f00000, 0x0000000083f00000| Untracked 
|  64|0x0000000084000000, 0x000000008408ac00, 0x0000000084100000| 54%| O|  |TAMS 0x0000000084000000, 0x0000000084000000| Updating 
|  65|0x0000000084100000, 0x0000000084200000, 0x0000000084200000|100%|HS|  |TAMS 0x0000000084100000, 0x0000000084100000| Complete 
|  66|0x0000000084200000, 0x0000000084300000, 0x0000000084300000|100%|HC|  |TAMS 0x0000000084200000, 0x0000000084200000| Complete 
|  67|0x0000000084300000, 0x0000000084400000, 0x0000000084400000|100%|HC|  |TAMS 0x0000000084300000, 0x0000000084300000| Complete 
|  68|0x0000000084400000, 0x0000000084500000, 0x0000000084500000|100%|HC|  |TAMS 0x0000000084400000, 0x0000000084400000| Complete 
|  69|0x0000000084500000, 0x0000000084600000, 0x0000000084600000|100%|HC|  |TAMS 0x0000000084500000, 0x0000000084500000| Complete 
|  70|0x0000000084600000, 0x0000000084700000, 0x0000000084700000|100%|HC|  |TAMS 0x0000000084600000, 0x0000000084600000| Complete 
|  71|0x0000000084700000, 0x0000000084800000, 0x0000000084800000|100%|HC|  |TAMS 0x0000000084700000, 0x0000000084700000| Complete 
|  72|0x0000000084800000, 0x0000000084900000, 0x0000000084900000|100%|HC|  |TAMS 0x0000000084800000, 0x0000000084800000| Complete 
|  73|0x0000000084900000, 0x0000000084a00000, 0x0000000084a00000|100%|HC|  |TAMS 0x0000000084900000, 0x0000000084900000| Complete 
|  74|0x0000000084a00000, 0x0000000084b00000, 0x0000000084b00000|100%|HC|  |TAMS 0x0000000084a00000, 0x0000000084a00000| Complete 
|  75|0x0000000084b00000, 0x0000000084c00000, 0x0000000084c00000|100%|HC|  |TAMS 0x0000000084b00000, 0x0000000084b00000| Complete 
|  76|0x0000000084c00000, 0x0000000084c00000, 0x0000000084d00000|  0%| F|  |TAMS 0x0000000084c00000, 0x0000000084c00000| Untracked 
|  77|0x0000000084d00000, 0x0000000084d00000, 0x0000000084e00000|  0%| F|  |TAMS 0x0000000084d00000, 0x0000000084d00000| Untracked 
|  78|0x0000000084e00000, 0x0000000084e00000, 0x0000000084f00000|  0%| F|  |TAMS 0x0000000084e00000, 0x0000000084e00000| Untracked 
|  79|0x0000000084f00000, 0x0000000084f00000, 0x0000000085000000|  0%| F|  |TAMS 0x0000000084f00000, 0x0000000084f00000| Untracked 
|  80|0x0000000085000000, 0x0000000085000000, 0x0000000085100000|  0%| F|  |TAMS 0x0000000085000000, 0x0000000085000000| Untracked 
|  81|0x0000000085100000, 0x0000000085100000, 0x0000000085200000|  0%| F|  |TAMS 0x0000000085100000, 0x0000000085100000| Untracked 
|  82|0x0000000085200000, 0x0000000085200000, 0x0000000085300000|  0%| F|  |TAMS 0x0000000085200000, 0x0000000085200000| Untracked 
|  83|0x0000000085300000, 0x0000000085300000, 0x0000000085400000|  0%| F|  |TAMS 0x0000000085300000, 0x0000000085300000| Untracked 
|  84|0x0000000085400000, 0x0000000085400000, 0x0000000085500000|  0%| F|  |TAMS 0x0000000085400000, 0x0000000085400000| Untracked 
|  85|0x0000000085500000, 0x0000000085500000, 0x0000000085600000|  0%| F|  |TAMS 0x0000000085500000, 0x0000000085500000| Untracked 
|  86|0x0000000085600000, 0x0000000085600000, 0x0000000085700000|  0%| F|  |TAMS 0x0000000085600000, 0x0000000085600000| Untracked 
|  87|0x0000000085700000, 0x0000000085700000, 0x0000000085800000|  0%| F|  |TAMS 0x0000000085700000, 0x0000000085700000| Untracked 
|  88|0x0000000085800000, 0x0000000085800000, 0x0000000085900000|  0%| F|  |TAMS 0x0000000085800000, 0x0000000085800000| Untracked 
|  89|0x0000000085900000, 0x0000000085900000, 0x0000000085a00000|  0%| F|  |TAMS 0x0000000085900000, 0x0000000085900000| Untracked 
|  90|0x0000000085a00000, 0x0000000085a00000, 0x0000000085b00000|  0%| F|  |TAMS 0x0000000085a00000, 0x0000000085a00000| Untracked 
|  91|0x0000000085b00000, 0x0000000085b00000, 0x0000000085c00000|  0%| F|  |TAMS 0x0000000085b00000, 0x0000000085b00000| Untracked 
|  92|0x0000000085c00000, 0x0000000085c00000, 0x0000000085d00000|  0%| F|  |TAMS 0x0000000085c00000, 0x0000000085c00000| Untracked 
|  93|0x0000000085d00000, 0x0000000085d00000, 0x0000000085e00000|  0%| F|  |TAMS 0x0000000085d00000, 0x0000000085d00000| Untracked 
|  94|0x0000000085e00000, 0x0000000085e00000, 0x0000000085f00000|  0%| F|  |TAMS 0x0000000085e00000, 0x0000000085e00000| Untracked 
|  95|0x0000000085f00000, 0x0000000085f00000, 0x0000000086000000|  0%| F|  |TAMS 0x0000000085f00000, 0x0000000085f00000| Untracked 
|  96|0x0000000086000000, 0x0000000086000000, 0x0000000086100000|  0%| F|  |TAMS 0x0000000086000000, 0x0000000086000000| Untracked 
|  97|0x0000000086100000, 0x0000000086100000, 0x0000000086200000|  0%| F|  |TAMS 0x0000000086100000, 0x0000000086100000| Untracked 
|  98|0x0000000086200000, 0x0000000086200000, 0x0000000086300000|  0%| F|  |TAMS 0x0000000086200000, 0x0000000086200000| Untracked 
|  99|0x0000000086300000, 0x0000000086300000, 0x0000000086400000|  0%| F|  |TAMS 0x0000000086300000, 0x0000000086300000| Untracked 
| 100|0x0000000086400000, 0x0000000086400000, 0x0000000086500000|  0%| F|  |TAMS 0x0000000086400000, 0x0000000086400000| Untracked 
| 101|0x0000000086500000, 0x0000000086500000, 0x0000000086600000|  0%| F|  |TAMS 0x0000000086500000, 0x0000000086500000| Untracked 
| 102|0x0000000086600000, 0x0000000086600000, 0x0000000086700000|  0%| F|  |TAMS 0x0000000086600000, 0x0000000086600000| Untracked 
| 103|0x0000000086700000, 0x0000000086700000, 0x0000000086800000|  0%| F|  |TAMS 0x0000000086700000, 0x0000000086700000| Untracked 
| 104|0x0000000086800000, 0x000000008689b280, 0x0000000086900000| 60%| S|CS|TAMS 0x0000000086800000, 0x0000000086800000| Complete 
| 105|0x0000000086900000, 0x0000000086a00000, 0x0000000086a00000|100%| S|CS|TAMS 0x0000000086900000, 0x0000000086900000| Complete 
| 106|0x0000000086a00000, 0x0000000086a00000, 0x0000000086b00000|  0%| F|  |TAMS 0x0000000086a00000, 0x0000000086a00000| Untracked 
| 107|0x0000000086b00000, 0x0000000086b00000, 0x0000000086c00000|  0%| F|  |TAMS 0x0000000086b00000, 0x0000000086b00000| Untracked 
| 108|0x0000000086c00000, 0x0000000086c00000, 0x0000000086d00000|  0%| F|  |TAMS 0x0000000086c00000, 0x0000000086c00000| Untracked 
| 109|0x0000000086d00000, 0x0000000086d00000, 0x0000000086e00000|  0%| F|  |TAMS 0x0000000086d00000, 0x0000000086d00000| Untracked 
| 110|0x0000000086e00000, 0x0000000086e00000, 0x0000000086f00000|  0%| F|  |TAMS 0x0000000086e00000, 0x0000000086e00000| Untracked 
| 111|0x0000000086f00000, 0x0000000086f00000, 0x0000000087000000|  0%| F|  |TAMS 0x0000000086f00000, 0x0000000086f00000| Untracked 
| 112|0x0000000087000000, 0x0000000087001960, 0x0000000087100000|  0%| E|  |TAMS 0x0000000087000000, 0x0000000087000000| Complete 

Card table byte_map: [0x0000021f797a0000,0x0000021f79ba0000] _byte_map_base: 0x0000021f793a0000

Marking Bits (Prev, Next): (CMBitMap*) 0x0000021f669d4af0, (CMBitMap*) 0x0000021f669d4b30
 Prev Bits: [0x0000021f79fa0000, 0x0000021f7bfa0000)
 Next Bits: [0x0000021f7bfa0000, 0x0000021f7dfa0000)

Polling page: 0x0000021f64700000

Metaspace:

Usage:
  Non-class:     39.42 MB used.
      Class:      6.04 MB used.
       Both:     45.46 MB used.

Virtual space:
  Non-class space:       40.00 MB reserved,      39.69 MB (>99%) committed,  5 nodes.
      Class space:        1.00 GB reserved,       6.25 MB ( <1%) committed,  1 nodes.
             Both:        1.04 GB reserved,      45.94 MB (  4%) committed. 

Chunk freelists:
   Non-Class:  48.00 KB
       Class:  1.62 MB
        Both:  1.66 MB

MaxMetaspaceSize: unlimited
CompressedClassSpaceSize: 1.00 GB
Initial GC threshold: 21.00 MB
Current GC threshold: 70.31 MB
CDS: off
MetaspaceReclaimPolicy: balanced
 - commit_granule_bytes: 65536.
 - commit_granule_words: 8192.
 - virtual_space_node_default_size: 1048576.
 - enlarge_chunks_in_place: 1.
 - new_chunks_are_fully_committed: 0.
 - uncommit_free_chunks: 1.
 - use_allocation_guard: 0.
 - handle_deallocations: 1.


Internal statistics:

num_allocs_failed_limit: 3.
num_arena_births: 436.
num_arena_deaths: 0.
num_vsnodes_births: 6.
num_vsnodes_deaths: 0.
num_space_committed: 735.
num_space_uncommitted: 0.
num_chunks_returned_to_freelist: 3.
num_chunks_taken_from_freelist: 1864.
num_chunk_merges: 3.
num_chunk_splits: 1209.
num_chunks_enlarged: 825.
num_purges: 0.
num_inconsistent_stats: 0.

CodeHeap 'non-profiled nmethods': size=120000Kb used=2264Kb max_used=2264Kb free=117735Kb
 bounds [0x0000021f71910000, 0x0000021f71b80000, 0x0000021f78e40000]
CodeHeap 'profiled nmethods': size=120000Kb used=8645Kb max_used=8645Kb free=111355Kb
 bounds [0x0000021f69e40000, 0x0000021f6a6c0000, 0x0000021f71370000]
CodeHeap 'non-nmethods': size=5760Kb used=2296Kb max_used=2338Kb free=3463Kb
 bounds [0x0000021f71370000, 0x0000021f715e0000, 0x0000021f71910000]
 total_blobs=4947 nmethods=4141 adapters=717
 compilation: enabled
              stopped_count=0, restarted_count=0
 full_count=0

Compilation events (20 events):
Event: 10.361 Thread 0x0000021f01844970 4159       1       com.google.common.collect.MapMakerInternalMap$AbstractStrongKeyEntry::getHash (5 bytes)
Event: 10.361 Thread 0x0000021f01844970 nmethod 4159 0x0000021f71b45990 code [0x0000021f71b45b20, 0x0000021f71b45bf8]
Event: 10.362 Thread 0x0000021f01844970 4160       1       org.gradle.internal.instantiation.generator.AbstractClassGenerator$GeneratedClassImpl::getConstructors (5 bytes)
Event: 10.363 Thread 0x0000021f01844970 nmethod 4160 0x0000021f71b45c90 code [0x0000021f71b45e20, 0x0000021f71b45ef8]
Event: 10.363 Thread 0x0000021f01844970 4161       3       java.util.stream.SpinedBuffer::capacity (38 bytes)
Event: 10.364 Thread 0x0000021f01844970 nmethod 4161 0x0000021f6a6ae310 code [0x0000021f6a6ae4c0, 0x0000021f6a6ae6b8]
Event: 10.364 Thread 0x0000021f01844970 4162       3       org.codehaus.groovy.runtime.metaclass.MetaMethodIndex::getHeader (38 bytes)
Event: 10.364 Thread 0x0000021f01844970 nmethod 4162 0x0000021f6a6ae810 code [0x0000021f6a6aea00, 0x0000021f6a6af018]
Event: 10.365 Thread 0x0000021f01844970 4164       1       groovy.lang.MetaClassImpl$MethodIndexAction::skipClass (2 bytes)
Event: 10.365 Thread 0x0000021f01844970 nmethod 4164 0x0000021f71b45f90 code [0x0000021f71b46120, 0x0000021f71b461f8]
Event: 10.366 Thread 0x0000021f01844970 4165       3       com.sun.beans.util.Cache$Kind$Soft::getReferent (5 bytes)
Event: 10.366 Thread 0x0000021f01844970 nmethod 4165 0x0000021f6a6af290 code [0x0000021f6a6af420, 0x0000021f6a6af5c8]
Event: 10.366 Thread 0x0000021f01844970 4166       3       java.beans.PropertyDescriptor::setClass0 (25 bytes)
Event: 10.366 Thread 0x0000021f01844970 nmethod 4166 0x0000021f6a6af690 code [0x0000021f6a6af8c0, 0x0000021f6a6b0358]
Event: 10.366 Thread 0x0000021f01844970 4168       3       org.codehaus.groovy.util.ComplexKeyHashMap$1::<init> (64 bytes)
Event: 10.367 Thread 0x0000021f01844970 nmethod 4168 0x0000021f6a6b0610 code [0x0000021f6a6b07c0, 0x0000021f6a6b0b18]
Event: 10.367 Thread 0x0000021f01844970 4167       3       org.codehaus.groovy.util.ComplexKeyHashMap::getEntrySetIterator (9 bytes)
Event: 10.367 Thread 0x0000021f01844970 nmethod 4167 0x0000021f6a6b0c90 code [0x0000021f6a6b0e40, 0x0000021f6a6b0fe8]
Event: 10.367 Thread 0x0000021f01844970 4169       3       org.codehaus.groovy.reflection.CachedField::getModifiers (8 bytes)
Event: 10.367 Thread 0x0000021f01844970 nmethod 4169 0x0000021f6a6b1090 code [0x0000021f6a6b1220, 0x0000021f6a6b1358]

GC Heap History (20 events):
Event: 6.953 GC heap before
{Heap before GC invocations=11 (full 0):
 garbage-first heap   total 61440K, used 33952K [0x0000000080000000, 0x0000000100000000)
  region size 1024K, 2 young (2048K), 1 survivors (1024K)
 Metaspace       used 29340K, committed 29696K, reserved 1081344K
  class space    used 3978K, committed 4160K, reserved 1048576K
}
Event: 6.955 GC heap after
{Heap after GC invocations=12 (full 0):
 garbage-first heap   total 93184K, used 34696K [0x0000000080000000, 0x0000000100000000)
  region size 1024K, 2 young (2048K), 2 survivors (2048K)
 Metaspace       used 29340K, committed 29696K, reserved 1081344K
  class space    used 3978K, committed 4160K, reserved 1048576K
}
Event: 7.087 GC heap before
{Heap before GC invocations=12 (full 0):
 garbage-first heap   total 93184K, used 44936K [0x0000000080000000, 0x0000000100000000)
  region size 1024K, 3 young (3072K), 2 survivors (2048K)
 Metaspace       used 29340K, committed 29696K, reserved 1081344K
  class space    used 3978K, committed 4160K, reserved 1048576K
}
Event: 7.088 GC heap after
{Heap after GC invocations=13 (full 0):
 garbage-first heap   total 93184K, used 45208K [0x0000000080000000, 0x0000000100000000)
  region size 1024K, 2 young (2048K), 2 survivors (2048K)
 Metaspace       used 29340K, committed 29696K, reserved 1081344K
  class space    used 3978K, committed 4160K, reserved 1048576K
}
Event: 7.118 GC heap before
{Heap before GC invocations=14 (full 0):
 garbage-first heap   total 93184K, used 47256K [0x0000000080000000, 0x0000000100000000)
  region size 1024K, 3 young (3072K), 2 survivors (2048K)
 Metaspace       used 29341K, committed 29696K, reserved 1081344K
  class space    used 3978K, committed 4160K, reserved 1048576K
}
Event: 7.120 GC heap after
{Heap after GC invocations=15 (full 0):
 garbage-first heap   total 93184K, used 47417K [0x0000000080000000, 0x0000000100000000)
  region size 1024K, 2 young (2048K), 2 survivors (2048K)
 Metaspace       used 29341K, committed 29696K, reserved 1081344K
  class space    used 3978K, committed 4160K, reserved 1048576K
}
Event: 7.260 GC heap before
{Heap before GC invocations=16 (full 0):
 garbage-first heap   total 93184K, used 53561K [0x0000000080000000, 0x0000000100000000)
  region size 1024K, 3 young (3072K), 2 survivors (2048K)
 Metaspace       used 29341K, committed 29696K, reserved 1081344K
  class space    used 3978K, committed 4160K, reserved 1048576K
}
Event: 7.265 GC heap after
{Heap after GC invocations=17 (full 0):
 garbage-first heap   total 93184K, used 53505K [0x0000000080000000, 0x0000000100000000)
  region size 1024K, 1 young (1024K), 1 survivors (1024K)
 Metaspace       used 29341K, committed 29696K, reserved 1081344K
  class space    used 3978K, committed 4160K, reserved 1048576K
}
Event: 7.609 GC heap before
{Heap before GC invocations=18 (full 0):
 garbage-first heap   total 94208K, used 70913K [0x0000000080000000, 0x0000000100000000)
  region size 1024K, 18 young (18432K), 1 survivors (1024K)
 Metaspace       used 31485K, committed 31872K, reserved 1081344K
  class space    used 4328K, committed 4480K, reserved 1048576K
}
Event: 7.614 GC heap after
{Heap after GC invocations=19 (full 0):
 garbage-first heap   total 115712K, used 56770K [0x0000000080000000, 0x0000000100000000)
  region size 1024K, 3 young (3072K), 3 survivors (3072K)
 Metaspace       used 31485K, committed 31872K, reserved 1081344K
  class space    used 4328K, committed 4480K, reserved 1048576K
}
Event: 8.299 GC heap before
{Heap before GC invocations=19 (full 0):
 garbage-first heap   total 115712K, used 85442K [0x0000000080000000, 0x0000000100000000)
  region size 1024K, 31 young (31744K), 3 survivors (3072K)
 Metaspace       used 36064K, committed 36480K, reserved 1081344K
  class space    used 5033K, committed 5184K, reserved 1048576K
}
Event: 8.303 GC heap after
{Heap after GC invocations=20 (full 0):
 garbage-first heap   total 115712K, used 58617K [0x0000000080000000, 0x0000000100000000)
  region size 1024K, 4 young (4096K), 4 survivors (4096K)
 Metaspace       used 36064K, committed 36480K, reserved 1081344K
  class space    used 5033K, committed 5184K, reserved 1048576K
}
Event: 8.890 GC heap before
{Heap before GC invocations=21 (full 0):
 garbage-first heap   total 115712K, used 87289K [0x0000000080000000, 0x0000000100000000)
  region size 1024K, 33 young (33792K), 4 survivors (4096K)
 Metaspace       used 41654K, committed 42048K, reserved 1089536K
  class space    used 5571K, committed 5760K, reserved 1048576K
}
Event: 8.897 GC heap after
{Heap after GC invocations=22 (full 0):
 garbage-first heap   total 115712K, used 62962K [0x0000000080000000, 0x0000000100000000)
  region size 1024K, 5 young (5120K), 5 survivors (5120K)
 Metaspace       used 41654K, committed 42048K, reserved 1089536K
  class space    used 5571K, committed 5760K, reserved 1048576K
}
Event: 9.129 GC heap before
{Heap before GC invocations=22 (full 0):
 garbage-first heap   total 115712K, used 73202K [0x0000000080000000, 0x0000000100000000)
  region size 1024K, 17 young (17408K), 5 survivors (5120K)
 Metaspace       used 42123K, committed 42560K, reserved 1089536K
  class space    used 5617K, committed 5824K, reserved 1048576K
}
Event: 9.136 GC heap after
{Heap after GC invocations=23 (full 0):
 garbage-first heap   total 115712K, used 64391K [0x0000000080000000, 0x0000000100000000)
  region size 1024K, 2 young (2048K), 2 survivors (2048K)
 Metaspace       used 42123K, committed 42560K, reserved 1089536K
  class space    used 5617K, committed 5824K, reserved 1048576K
}
Event: 10.132 GC heap before
{Heap before GC invocations=24 (full 0):
 garbage-first heap   total 115712K, used 93063K [0x0000000080000000, 0x0000000100000000)
  region size 1024K, 28 young (28672K), 2 survivors (2048K)
 Metaspace       used 46238K, committed 46720K, reserved 1089536K
  class space    used 6135K, committed 6336K, reserved 1048576K
}
Event: 10.136 GC heap after
{Heap after GC invocations=25 (full 0):
 garbage-first heap   total 115712K, used 66193K [0x0000000080000000, 0x0000000100000000)
  region size 1024K, 4 young (4096K), 4 survivors (4096K)
 Metaspace       used 46238K, committed 46720K, reserved 1089536K
  class space    used 6135K, committed 6336K, reserved 1048576K
}
Event: 10.380 GC heap before
{Heap before GC invocations=25 (full 0):
 garbage-first heap   total 115712K, used 72337K [0x0000000080000000, 0x0000000100000000)
  region size 1024K, 11 young (11264K), 4 survivors (4096K)
 Metaspace       used 46554K, committed 47040K, reserved 1089536K
  class space    used 6187K, committed 6400K, reserved 1048576K
}
Event: 10.385 GC heap after
{Heap after GC invocations=26 (full 0):
 garbage-first heap   total 115712K, used 67735K [0x0000000080000000, 0x0000000100000000)
  region size 1024K, 2 young (2048K), 2 survivors (2048K)
 Metaspace       used 46554K, committed 47040K, reserved 1089536K
  class space    used 6187K, committed 6400K, reserved 1048576K
}

Dll operation events (2 events):
Event: 0.063 Loaded shared library C:\Program Files\Android\Android Studio\jbr\bin\java.dll
Event: 1.408 Loaded shared library C:\Program Files\Android\Android Studio\jbr\bin\verify.dll

Deoptimization events (20 events):
Event: 9.274 Thread 0x0000021f046138e0 Uncommon trap: trap_request=0xffffffde fr.pc=0x0000021f71af750c relative=0x000000000000042c
Event: 9.274 Thread 0x0000021f046138e0 Uncommon trap: reason=class_check action=maybe_recompile pc=0x0000021f71af750c method=java.util.regex.Pattern$Start.match(Ljava/util/regex/Matcher;ILjava/lang/CharSequence;)Z @ 44 c2
Event: 9.274 Thread 0x0000021f046138e0 DEOPT PACKING pc=0x0000021f71af750c sp=0x000000bdb0ef8b20
Event: 9.275 Thread 0x0000021f046138e0 DEOPT UNPACKING pc=0x0000021f713c69a3 sp=0x000000bdb0ef8a60 mode 2
Event: 9.368 Thread 0x0000021f03fa66e0 Uncommon trap: trap_request=0xffffff45 fr.pc=0x0000021f719de1b8 relative=0x0000000000000218
Event: 9.368 Thread 0x0000021f03fa66e0 Uncommon trap: reason=unstable_if action=reinterpret pc=0x0000021f719de1b8 method=java.util.StringTokenizer.scanToken(I)I @ 42 c2
Event: 9.368 Thread 0x0000021f03fa66e0 DEOPT PACKING pc=0x0000021f719de1b8 sp=0x000000bdb1dfe700
Event: 9.368 Thread 0x0000021f03fa66e0 DEOPT UNPACKING pc=0x0000021f713c69a3 sp=0x000000bdb1dfe690 mode 2
Event: 9.582 Thread 0x0000021f046138e0 DEOPT PACKING pc=0x0000021f6a4c6295 sp=0x000000bdb0ef6710
Event: 9.582 Thread 0x0000021f046138e0 DEOPT UNPACKING pc=0x0000021f713c7143 sp=0x000000bdb0ef5b98 mode 0
Event: 9.689 Thread 0x0000021f046138e0 Uncommon trap: trap_request=0xffffff45 fr.pc=0x0000021f71aeadb0 relative=0x0000000000000110
Event: 9.690 Thread 0x0000021f046138e0 Uncommon trap: reason=unstable_if action=reinterpret pc=0x0000021f71aeadb0 method=java.util.Arrays.hashCode([Ljava/lang/Object;)I @ 34 c2
Event: 9.690 Thread 0x0000021f046138e0 DEOPT PACKING pc=0x0000021f71aeadb0 sp=0x000000bdb0ef7d00
Event: 9.690 Thread 0x0000021f046138e0 DEOPT UNPACKING pc=0x0000021f713c69a3 sp=0x000000bdb0ef7c78 mode 2
Event: 10.272 Thread 0x0000021f046138e0 Uncommon trap: trap_request=0xffffffcc fr.pc=0x0000021f71b3e708 relative=0x00000000000013e8
Event: 10.272 Thread 0x0000021f046138e0 Uncommon trap: reason=intrinsic_or_type_checked_inlining action=make_not_entrant pc=0x0000021f71b3e708 method=java.util.ArrayList.toArray([Ljava/lang/Object;)[Ljava/lang/Object; @ 36 c2
Event: 10.272 Thread 0x0000021f046138e0 DEOPT PACKING pc=0x0000021f71b3e708 sp=0x000000bdb0efa8e0
Event: 10.272 Thread 0x0000021f046138e0 DEOPT UNPACKING pc=0x0000021f713c69a3 sp=0x000000bdb0efa828 mode 2
Event: 10.317 Thread 0x0000021f01b04c50 DEOPT PACKING pc=0x0000021f6a286bd4 sp=0x000000bdb22fe990
Event: 10.317 Thread 0x0000021f01b04c50 DEOPT UNPACKING pc=0x0000021f713c7143 sp=0x000000bdb22fdee8 mode 0

Classes unloaded (0 events):
No events

Classes redefined (0 events):
No events

Internal exceptions (20 events):
Event: 9.486 Thread 0x0000021f046138e0 Exception <a 'java/lang/ClassNotFoundException'{0x0000000086a960b8}: org/gradle/api/internal/initialization/DefaultScriptHandlerCustomizer> (0x0000000086a960b8) 
thrown [s\src\hotspot\share\classfile\systemDictionary.cpp, line 256]
Event: 9.689 Thread 0x0000021f046138e0 Implicit null exception at 0x0000021f71aeacec to 0x0000021f71aead94
Event: 9.699 Thread 0x0000021f046138e0 Exception <a 'java/lang/ClassNotFoundException'{0x0000000086153020}: org/gradle/api/internal/artifacts/dsl/dependencies/DefaultDependencyHandler_DecoratedBeanInfo> (0x0000000086153020) 
thrown [s\src\hotspot\share\classfile\systemDictionary.cpp, line 256]
Event: 9.700 Thread 0x0000021f046138e0 Exception <a 'java/lang/ClassNotFoundException'{0x0000000086168b48}: org/gradle/api/internal/artifacts/dsl/dependencies/DefaultDependencyHandlerBeanInfo> (0x0000000086168b48) 
thrown [s\src\hotspot\share\classfile\systemDictionary.cpp, line 256]
Event: 9.701 Thread 0x0000021f046138e0 Exception <a 'java/lang/ClassNotFoundException'{0x000000008617db90}: org/gradle/api/internal/artifacts/dsl/dependencies/DefaultDependencyHandlerCustomizer> (0x000000008617db90) 
thrown [s\src\hotspot\share\classfile\systemDictionary.cpp, line 256]
Event: 9.706 Thread 0x0000021f046138e0 Exception <a 'java/lang/ClassNotFoundException'{0x00000000861bcbf0}: org/gradle/api/internal/artifacts/dsl/dependencies/DefaultDependencyHandler_DecoratedCustomizer> (0x00000000861bcbf0) 
thrown [s\src\hotspot\share\classfile\systemDictionary.cpp, line 256]
Event: 9.800 Thread 0x0000021f046138e0 Exception <a 'java/lang/NoSuchMethodError'{0x0000000085eca4a8}: 'java.lang.Object java.lang.invoke.DirectMethodHandle$Holder.newInvokeSpecial(java.lang.Object, int, java.lang.Object)'> (0x0000000085eca4a8) 
thrown [s\src\hotspot\share\interpreter\linkResolver.cpp, line 771]
Event: 10.171 Thread 0x0000021f046138e0 Exception <a 'java/lang/NoSuchMethodError'{0x00000000870d3908}: 'int java.lang.invoke.DirectMethodHandle$Holder.invokeStatic(java.lang.Object)'> (0x00000000870d3908) 
thrown [s\src\hotspot\share\interpreter\linkResolver.cpp, line 771]
Event: 10.171 Thread 0x0000021f046138e0 Exception <a 'java/lang/NoSuchMethodError'{0x00000000870d7cf8}: 'int java.lang.invoke.DirectMethodHandle$Holder.invokeStaticInit(java.lang.Object)'> (0x00000000870d7cf8) 
thrown [s\src\hotspot\share\interpreter\linkResolver.cpp, line 771]
Event: 10.235 Thread 0x0000021f03fa4530 Exception <a 'sun/nio/fs/WindowsException'{0x0000000086ff8d08}> (0x0000000086ff8d08) 
thrown [s\src\hotspot\share\prims\jni.cpp, line 517]
Event: 10.249 Thread 0x0000021f03fa4530 Exception <a 'sun/nio/fs/WindowsException'{0x0000000086e23930}> (0x0000000086e23930) 
thrown [s\src\hotspot\share\prims\jni.cpp, line 517]
Event: 10.251 Thread 0x0000021f03fa4530 Exception <a 'sun/nio/fs/WindowsException'{0x0000000086e34e98}> (0x0000000086e34e98) 
thrown [s\src\hotspot\share\prims\jni.cpp, line 517]
Event: 10.260 Thread 0x0000021f046138e0 Exception <a 'java/lang/ClassNotFoundException'{0x0000000086eabf50}: sync_studio_tooling5634_9rhvs4c9kl40fcaugji069sreBeanInfo> (0x0000000086eabf50) 
thrown [s\src\hotspot\share\classfile\systemDictionary.cpp, line 256]
Event: 10.260 Thread 0x0000021f046138e0 Exception <a 'java/lang/ClassNotFoundException'{0x0000000086eb2838}: sync_studio_tooling5634_9rhvs4c9kl40fcaugji069sreCustomizer> (0x0000000086eb2838) 
thrown [s\src\hotspot\share\classfile\systemDictionary.cpp, line 256]
Event: 10.295 Thread 0x0000021f046138e0 Exception <a 'java/lang/ClassNotFoundException'{0x0000000086d76028}: ijinit_4gjx10do84amnxkvq6yxzbef1BeanInfo> (0x0000000086d76028) 
thrown [s\src\hotspot\share\classfile\systemDictionary.cpp, line 256]
Event: 10.295 Thread 0x0000021f046138e0 Exception <a 'java/lang/ClassNotFoundException'{0x0000000086d7c8a8}: ijinit_4gjx10do84amnxkvq6yxzbef1Customizer> (0x0000000086d7c8a8) 
thrown [s\src\hotspot\share\classfile\systemDictionary.cpp, line 256]
Event: 10.301 Thread 0x0000021f046138e0 Exception <a 'java/lang/ClassNotFoundException'{0x0000000086dec930}: ijinit_4gjx10do84amnxkvq6yxzbef1$_run_closure1BeanInfo> (0x0000000086dec930) 
thrown [s\src\hotspot\share\classfile\systemDictionary.cpp, line 256]
Event: 10.301 Thread 0x0000021f046138e0 Exception <a 'java/lang/ClassNotFoundException'{0x0000000086df3890}: ijinit_4gjx10do84amnxkvq6yxzbef1$_run_closure1Customizer> (0x0000000086df3890) 
thrown [s\src\hotspot\share\classfile\systemDictionary.cpp, line 256]
Event: 10.365 Thread 0x0000021f046138e0 Exception <a 'java/lang/ClassNotFoundException'{0x0000000086a0caf8}: ijinit_4gjx10do84amnxkvq6yxzbef1BeanInfo> (0x0000000086a0caf8) 
thrown [s\src\hotspot\share\classfile\systemDictionary.cpp, line 256]
Event: 10.365 Thread 0x0000021f046138e0 Exception <a 'java/lang/ClassNotFoundException'{0x0000000086a13318}: ijinit_4gjx10do84amnxkvq6yxzbef1Customizer> (0x0000000086a13318) 
thrown [s\src\hotspot\share\classfile\systemDictionary.cpp, line 256]

VM Operations (20 events):
Event: 9.136 Executing VM operation: G1TryInitiateConcMark done
Event: 9.151 Executing VM operation: G1Concurrent
Event: 9.165 Executing VM operation: G1Concurrent done
Event: 9.173 Executing VM operation: G1Concurrent
Event: 9.192 Executing VM operation: G1Concurrent done
Event: 9.386 Executing VM operation: HandshakeAllThreads
Event: 9.386 Executing VM operation: HandshakeAllThreads done
Event: 9.391 Executing VM operation: HandshakeAllThreads
Event: 9.391 Executing VM operation: HandshakeAllThreads done
Event: 9.624 Executing VM operation: HandshakeAllThreads
Event: 9.624 Executing VM operation: HandshakeAllThreads done
Event: 9.664 Executing VM operation: HandshakeAllThreads
Event: 9.664 Executing VM operation: HandshakeAllThreads done
Event: 9.665 Executing VM operation: HandshakeAllThreads
Event: 9.665 Executing VM operation: HandshakeAllThreads done
Event: 10.132 Executing VM operation: G1CollectForAllocation
Event: 10.136 Executing VM operation: G1CollectForAllocation done
Event: 10.380 Executing VM operation: G1TryInitiateConcMark
Event: 10.385 Executing VM operation: G1TryInitiateConcMark done
Event: 10.404 Executing VM operation: G1Concurrent

Events (20 events):
Event: 9.352 loading class java/nio/charset/UnsupportedCharsetException
Event: 9.352 loading class java/nio/charset/UnsupportedCharsetException done
Event: 9.355 loading class java/util/zip/Deflater
Event: 9.356 loading class java/util/zip/Deflater done
Event: 9.357 loading class java/util/zip/Deflater$DeflaterZStreamRef
Event: 9.357 loading class java/util/zip/Deflater$DeflaterZStreamRef done
Event: 9.365 loading class java/nio/channels/Channels
Event: 9.365 loading class java/nio/channels/Channels done
Event: 9.365 loading class sun/nio/ch/ChannelInputStream
Event: 9.366 loading class sun/nio/ch/ChannelInputStream done
Event: 9.390 loading class java/nio/StringCharBuffer
Event: 9.390 loading class java/nio/StringCharBuffer done
Event: 9.433 loading class java/nio/file/StandardCopyOption
Event: 9.434 loading class java/nio/file/StandardCopyOption done
Event: 9.435 loading class sun/nio/fs/WindowsFileCopy
Event: 9.436 loading class sun/nio/fs/WindowsFileCopy done
Event: 10.078 loading class java/io/DeleteOnExitHook
Event: 10.079 loading class java/io/DeleteOnExitHook done
Event: 10.079 loading class java/io/DeleteOnExitHook$1
Event: 10.079 loading class java/io/DeleteOnExitHook$1 done


Dynamic libraries:
0x00007ff6e2f10000 - 0x00007ff6e2f1a000 	C:\Program Files\Android\Android Studio\jbr\bin\java.exe
0x00007fffb41f0000 - 0x00007fffb4404000 	C:\windows\SYSTEM32\ntdll.dll
0x00007fffb3820000 - 0x00007fffb38e4000 	C:\windows\System32\KERNEL32.DLL
0x00007fffb1a90000 - 0x00007fffb1e34000 	C:\windows\System32\KERNELBASE.dll
0x00007fffb17e0000 - 0x00007fffb18f1000 	C:\windows\System32\ucrtbase.dll
0x00007fffac3c0000 - 0x00007fffac3d7000 	C:\Program Files\Android\Android Studio\jbr\bin\jli.dll
0x00007fffac3e0000 - 0x00007fffac3fb000 	C:\Program Files\Android\Android Studio\jbr\bin\VCRUNTIME140.dll
0x00007fffb1fb0000 - 0x00007fffb215a000 	C:\windows\System32\USER32.dll
0x00007fff8d2e0000 - 0x00007fff8d56f000 	C:\windows\WinSxS\amd64_microsoft.windows.common-controls_6595b64144ccf1df_6.0.22621.2070_none_2713e6537381f706\COMCTL32.dll
0x00007fffb1690000 - 0x00007fffb16b6000 	C:\windows\System32\win32u.dll
0x00007fffb3210000 - 0x00007fffb3239000 	C:\windows\System32\GDI32.dll
0x00007fffb16c0000 - 0x00007fffb17d9000 	C:\windows\System32\gdi32full.dll
0x00007fffb2260000 - 0x00007fffb2307000 	C:\windows\System32\msvcrt.dll
0x00007fffb19f0000 - 0x00007fffb1a8a000 	C:\windows\System32\msvcp_win.dll
0x00007fffb4170000 - 0x00007fffb41a1000 	C:\windows\System32\IMM32.DLL
0x00007fffac440000 - 0x00007fffac44c000 	C:\Program Files\Android\Android Studio\jbr\bin\vcruntime140_1.dll
0x00007fff91a80000 - 0x00007fff91b0d000 	C:\Program Files\Android\Android Studio\jbr\bin\msvcp140.dll
0x00007fff2f930000 - 0x00007fff3059d000 	C:\Program Files\Android\Android Studio\jbr\bin\server\jvm.dll
0x00007fffb3e60000 - 0x00007fffb3f10000 	C:\windows\System32\ADVAPI32.dll
0x00007fffb40a0000 - 0x00007fffb4146000 	C:\windows\System32\sechost.dll
0x00007fffb2eb0000 - 0x00007fffb2fc7000 	C:\windows\System32\RPCRT4.dll
0x00007fffa6460000 - 0x00007fffa6494000 	C:\windows\SYSTEM32\WINMM.dll
0x00007fffa6040000 - 0x00007fffa604a000 	C:\windows\SYSTEM32\VERSION.dll
0x00007fff82010000 - 0x00007fff82019000 	C:\windows\SYSTEM32\WSOCK32.dll
0x00007fffb3d90000 - 0x00007fffb3e01000 	C:\windows\System32\ws2_32.DLL
0x00007fffb0590000 - 0x00007fffb05a8000 	C:\windows\SYSTEM32\kernel.appcore.dll
0x00007fff82000000 - 0x00007fff8200a000 	C:\Program Files\Android\Android Studio\jbr\bin\jimage.dll
0x00007fffaedf0000 - 0x00007fffaf01e000 	C:\windows\SYSTEM32\DBGHELP.DLL
0x00007fffb3a00000 - 0x00007fffb3d8a000 	C:\windows\System32\combase.dll
0x00007fffb2310000 - 0x00007fffb23e7000 	C:\windows\System32\OLEAUT32.dll
0x00007fff8d5a0000 - 0x00007fff8d5d2000 	C:\windows\SYSTEM32\dbgcore.DLL
0x00007fffb1900000 - 0x00007fffb197a000 	C:\windows\System32\bcryptPrimitives.dll
0x00007fff75290000 - 0x00007fff752b5000 	C:\Program Files\Android\Android Studio\jbr\bin\java.dll
0x00007fff78220000 - 0x00007fff78238000 	C:\Program Files\Android\Android Studio\jbr\bin\zip.dll
0x00007fffb2630000 - 0x00007fffb2e46000 	C:\windows\System32\SHELL32.dll
0x00007fffaf550000 - 0x00007fffafe3a000 	C:\windows\SYSTEM32\windows.storage.dll
0x00007fffaf410000 - 0x00007fffaf54e000 	C:\windows\SYSTEM32\wintypes.dll
0x00007fffb2160000 - 0x00007fffb2253000 	C:\windows\System32\SHCORE.dll
0x00007fffb3f10000 - 0x00007fffb3f6e000 	C:\windows\System32\shlwapi.dll
0x00007fffb1500000 - 0x00007fffb1526000 	C:\windows\SYSTEM32\profapi.dll
0x00007fff75270000 - 0x00007fff75289000 	C:\Program Files\Android\Android Studio\jbr\bin\net.dll
0x00007fffab650000 - 0x00007fffab787000 	C:\windows\SYSTEM32\WINHTTP.dll
0x00007fffb0a70000 - 0x00007fffb0ad9000 	C:\windows\system32\mswsock.dll
0x00007fff75250000 - 0x00007fff75266000 	C:\Program Files\Android\Android Studio\jbr\bin\nio.dll
0x00007fff75140000 - 0x00007fff75150000 	C:\Program Files\Android\Android Studio\jbr\bin\verify.dll
0x00007fffac450000 - 0x00007fffac477000 	C:\Users\vidye\.gradle\native\68d5fa5c4cc2d200863cafc0d521ce42e7d3e7ee720ec0a83991735586a16f82\windows-amd64\native-platform.dll
0x00007fff91710000 - 0x00007fff91854000 	C:\Users\vidye\.gradle\native\e376f236ea51e6404a007f0833ffe2c6e607c4080706a723a18a27aeea778392\windows-amd64\native-platform-file-events.dll
0x00007fff7be90000 - 0x00007fff7be99000 	C:\Program Files\Android\Android Studio\jbr\bin\management.dll
0x00007fff76790000 - 0x00007fff7679b000 	C:\Program Files\Android\Android Studio\jbr\bin\management_ext.dll
0x00007fffb38f0000 - 0x00007fffb38f8000 	C:\windows\System32\PSAPI.DLL
0x00007fffb0ce0000 - 0x00007fffb0cfb000 	C:\windows\SYSTEM32\CRYPTSP.dll
0x00007fffb0550000 - 0x00007fffb0585000 	C:\windows\system32\rsaenh.dll
0x00007fffb0b80000 - 0x00007fffb0bac000 	C:\windows\SYSTEM32\USERENV.dll
0x00007fffb0ea0000 - 0x00007fffb0ec8000 	C:\windows\SYSTEM32\bcrypt.dll
0x00007fffb0d00000 - 0x00007fffb0d0c000 	C:\windows\SYSTEM32\CRYPTBASE.dll
0x00007fffb00a0000 - 0x00007fffb00cd000 	C:\windows\SYSTEM32\IPHLPAPI.DLL
0x00007fffb3200000 - 0x00007fffb3209000 	C:\windows\System32\NSI.dll
0x00007fffa7190000 - 0x00007fffa71a9000 	C:\windows\SYSTEM32\dhcpcsvc6.DLL
0x00007fffa7140000 - 0x00007fffa715f000 	C:\windows\SYSTEM32\dhcpcsvc.DLL
0x00007fffb0110000 - 0x00007fffb0203000 	C:\windows\SYSTEM32\DNSAPI.dll
0x00007fff906c0000 - 0x00007fff906c8000 	C:\windows\system32\wshunix.dll

dbghelp: loaded successfully - version: 4.0.5 - missing functions: none
symbol engine: initialized successfully - sym options: 0x614 - pdb path: .;C:\Program Files\Android\Android Studio\jbr\bin;C:\windows\SYSTEM32;C:\windows\WinSxS\amd64_microsoft.windows.common-controls_6595b64144ccf1df_6.0.22621.2070_none_2713e6537381f706;C:\Program Files\Android\Android Studio\jbr\bin\server;C:\Users\vidye\.gradle\native\68d5fa5c4cc2d200863cafc0d521ce42e7d3e7ee720ec0a83991735586a16f82\windows-amd64;C:\Users\vidye\.gradle\native\e376f236ea51e6404a007f0833ffe2c6e607c4080706a723a18a27aeea778392\windows-amd64

VM Arguments:
jvm_args: --add-opens=java.base/java.util=ALL-UNNAMED --add-opens=java.base/java.lang=ALL-UNNAMED --add-opens=java.base/java.lang.invoke=ALL-UNNAMED --add-opens=java.prefs/java.util.prefs=ALL-UNNAMED --add-opens=java.base/java.nio.charset=ALL-UNNAMED --add-opens=java.base/java.net=ALL-UNNAMED --add-opens=java.base/java.util.concurrent.atomic=ALL-UNNAMED -Xmx2048m -Dfile.encoding=UTF-8 -Duser.country=IN -Duser.language=en -Duser.variant 
java_command: org.gradle.launcher.daemon.bootstrap.GradleDaemon 8.0
java_class_path (initial): C:\Users\vidye\.gradle\wrapper\dists\gradle-8.0-bin\ca5e32bp14vu59qr306oxotwh\gradle-8.0\lib\gradle-launcher-8.0.jar
Launcher Type: SUN_STANDARD

[Global flags]
     intx CICompilerCount                          = 4                                         {product} {ergonomic}
     uint ConcGCThreads                            = 3                                         {product} {ergonomic}
     uint G1ConcRefinementThreads                  = 10                                        {product} {ergonomic}
   size_t G1HeapRegionSize                         = 1048576                                   {product} {ergonomic}
    uintx GCDrainStackTargetSize                   = 64                                        {product} {ergonomic}
   size_t InitialHeapSize                          = 62914560                                  {product} {ergonomic}
   size_t MarkStackSize                            = 4194304                                   {product} {ergonomic}
   size_t MaxHeapSize                              = 2147483648                                {product} {command line}
   size_t MaxNewSize                               = 1287651328                                {product} {ergonomic}
   size_t MinHeapDeltaBytes                        = 1048576                                   {product} {ergonomic}
   size_t MinHeapSize                              = 8388608                                   {product} {ergonomic}
    uintx NonNMethodCodeHeapSize                   = 5839372                                {pd product} {ergonomic}
    uintx NonProfiledCodeHeapSize                  = 122909434                              {pd product} {ergonomic}
    uintx ProfiledCodeHeapSize                     = 122909434                              {pd product} {ergonomic}
    uintx ReservedCodeCacheSize                    = 251658240                              {pd product} {ergonomic}
     bool SegmentedCodeCache                       = true                                      {product} {ergonomic}
   size_t SoftMaxHeapSize                          = 2147483648                             {manageable} {ergonomic}
     bool UseCompressedClassPointers               = true                           {product lp64_product} {ergonomic}
     bool UseCompressedOops                        = true                           {product lp64_product} {ergonomic}
     bool UseG1GC                                  = true                                      {product} {ergonomic}
     bool UseLargePagesIndividualAllocation        = false                                  {pd product} {ergonomic}

Logging:
Log output configuration:
 #0: stdout all=warning uptime,level,tags
 #1: stderr all=off uptime,level,tags

Environment Variables:
JAVA_HOME=C:\Program Files\Java\jdk-19
PATH=C:\Program Files\Common Files\Oracle\Java\javapath;C:\windows\system32;C:\windows;C:\windows\System32\Wbem;C:\windows\System32\WindowsPowerShell\v1.0\;C:\Users\vidye\mingw64\bin;C:\Program Files\MySQL\MySQL Server 8.0\bin;C:\Program Files\Git\cmd;C:\Program Files\Java\jdk-19\bin;C:\Users\vidye\Downloads\apache-maven-3.9.1-bin\apache-maven-3.9.1\bin;C:\Program Files\nodejs\;C:\Users\vidye\AppData\Local\Programs\Python\Python310\Scripts\;C:\Users\vidye\AppData\Local\Programs\Python\Python310\;C:\Program Files\MySQL\MySQL Shell 8.0\bin\;C:\Users\vidye\AppData\Local\Microsoft\WindowsApps;C:\Users\vidye\AppData\Local\Programs\Microsoft VS Code\bin;C:\Users\vidye\Downloads\flutter_windows_3.3.10-stable\flutter\bin;;C:\Users\vidye\AppData\Local\JetBrains\IntelliJ IDEA Community Edition 2022.3.3\bin;;C:\Users\vidye\AppData\Roaming\npm
USERNAME=vidye
OS=Windows_NT
PROCESSOR_IDENTIFIER=Intel64 Family 6 Model 154 Stepping 4, GenuineIntel
TMP=C:\Users\vidye\AppData\Local\Temp
TEMP=C:\Users\vidye\AppData\Local\Temp



---------------  S Y S T E M  ---------------

OS:
 Windows 11 , 64 bit Build 22621 (10.0.22621.2070)
OS uptime: 0 days 2:55 hours
Hyper-V role detected

CPU: total 12 (initial active 12) (6 cores per cpu, 2 threads per core) family 6 model 154 stepping 4 microcode 0x423, cx8, cmov, fxsr, ht, mmx, 3dnowpref, sse, sse2, sse3, ssse3, sse4.1, sse4.2, popcnt, lzcnt, tsc, tscinvbit, avx, avx2, aes, erms, clmul, bmi1, bmi2, adx, sha, fma, vzeroupper, clflush, clflushopt, clwb, hv

Memory: 4k page, system-wide physical 3767M (80M free)
TotalPageFile size 15543M (AvailPageFile size 11M)
current process WorkingSet (physical memory assigned to process): 233M, peak: 234M
current process commit charge ("private bytes"): 302M, peak: 318M

vm_info: OpenJDK 64-Bit Server VM (17.0.6+0-b2043.56-9586694) for windows-amd64 JRE (17.0.6+0-b2043.56-9586694), built on Feb  9 2023 20:06:20 by "androidbuild" with MS VC++ 16.10 / 16.11 (VS2019)

END.
