#
# There is insufficient memory for the Java Runtime Environment to continue.
# Native memory allocation (malloc) failed to allocate 32744 bytes for ChunkPool::allocate
# Possible reasons:
#   The system is out of physical RAM or swap space
#   The process is running with CompressedOops enabled, and the Java Heap may be blocking the growth of the native heap
# Possible solutions:
#   Reduce memory load on the system
#   Increase physical memory or swap space
#   Check if swap backing store is full
#   Decrease Java heap size (-Xmx/-Xms)
#   Decrease number of Java threads
#   Decrease Java thread stack sizes (-Xss)
#   Set larger code cache with -XX:ReservedCodeCacheSize=
#   JVM is running with Unscaled Compressed Oops mode in which the Java heap is
#     placed in the first 4GB address space. The Java Heap base address is the
#     maximum limit for the native heap growth. Please use -XX:HeapBaseMinAddress
#     to set the Java Heap base and to place the Java Heap above 4GB virtual address.
# This output file may be truncated or incomplete.
#
#  Out of Memory Error (arena.cpp:78), pid=8548, tid=23516
#
# JRE version: OpenJDK Runtime Environment (17.0.6) (build 17.0.6+0-b2043.56-9586694)
# Java VM: OpenJDK 64-Bit Server VM (17.0.6+0-b2043.56-9586694, mixed mode, tiered, compressed oops, compressed class ptrs, g1 gc, windows-amd64)
# No core dump will be written. Minidumps are not enabled by default on client versions of Windows
#

---------------  S U M M A R Y ------------

Command Line: --add-opens=java.base/java.util=ALL-UNNAMED --add-opens=java.base/java.lang=ALL-UNNAMED --add-opens=java.base/java.lang.invoke=ALL-UNNAMED --add-opens=java.prefs/java.util.prefs=ALL-UNNAMED --add-opens=java.base/java.nio.charset=ALL-UNNAMED --add-opens=java.base/java.net=ALL-UNNAMED --add-opens=java.base/java.util.concurrent.atomic=ALL-UNNAMED -Xmx2048m -Dfile.encoding=UTF-8 -Duser.country=IN -Duser.language=en -Duser.variant org.gradle.launcher.daemon.bootstrap.GradleDaemon 8.0

Host: 12th Gen Intel(R) Core(TM) i5-1235U, 12 cores, 3G,  Windows 11 , 64 bit Build 22621 (10.0.22621.2070)
Time: Thu Aug 17 19:15:45 2023 India Standard Time elapsed time: 15.887382 seconds (0d 0h 0m 15s)

---------------  T H R E A D  ---------------

Current thread (0x000002527f03c6d0):  JavaThread "C1 CompilerThread0" daemon [_thread_in_native, id=23516, stack(0x00000080aed00000,0x00000080aee00000)]


Current CompileTask:
C1:  15887 3941       3       java.io.File::getName (42 bytes)

Stack: [0x00000080aed00000,0x00000080aee00000]
Native frames: (J=compiled Java code, j=interpreted, Vv=VM code, C=native code)
V  [jvm.dll+0x683b4a]
V  [jvm.dll+0x842654]
V  [jvm.dll+0x843dfe]
V  [jvm.dll+0x844463]
V  [jvm.dll+0x249b75]
V  [jvm.dll+0xabecc]
V  [jvm.dll+0xac27c]
V  [jvm.dll+0x190a60]
V  [jvm.dll+0x14e0a3]
V  [jvm.dll+0x141ff5]
V  [jvm.dll+0x13fe24]
V  [jvm.dll+0x14881d]
V  [jvm.dll+0x147d45]
V  [jvm.dll+0x13f58e]
V  [jvm.dll+0x141b45]
V  [jvm.dll+0x13fd2c]
V  [jvm.dll+0x14881d]
V  [jvm.dll+0x147d45]
V  [jvm.dll+0x13f58e]
V  [jvm.dll+0x141b45]
V  [jvm.dll+0x13fe24]
V  [jvm.dll+0x139d9f]
V  [jvm.dll+0x1499a6]
V  [jvm.dll+0x135490]
V  [jvm.dll+0x1357f0]
V  [jvm.dll+0x135ab6]
V  [jvm.dll+0x134f4a]
V  [jvm.dll+0x136c11]
V  [jvm.dll+0x22b098]
V  [jvm.dll+0x229159]
V  [jvm.dll+0x7f809c]
V  [jvm.dll+0x7f25fa]
V  [jvm.dll+0x682985]
C  [ucrtbase.dll+0x29363]
C  [KERNEL32.DLL+0x126ad]
C  [ntdll.dll+0x5aa68]


---------------  P R O C E S S  ---------------

Threads class SMR info:
_java_thread_list=0x0000025212e8e7b0, length=38, elements={
0x0000025273269d30, 0x000002527e502680, 0x000002527e503230, 0x000002527e51e140,
0x000002527e4eaca0, 0x000002527e4eb560, 0x000002527e4ec230, 0x000002527f03bce0,
0x000002527f03c6d0, 0x000002527f03d0c0, 0x000002527f1bb4a0, 0x000002527f1bd980,
0x000002520ff53750, 0x00000252108534c0, 0x000002520f210090, 0x000002527f492280,
0x000002527f3f3390, 0x000002520fcfad80, 0x000002520fcf9860, 0x000002527f4b66f0,
0x000002527f4b5880, 0x000002527f4b4ee0, 0x000002527f4b5d50, 0x000002527f4b4070,
0x000002527f4b6220, 0x000002527f4b4540, 0x000002527f4b4a10, 0x000002527f4b53b0,
0x000002527f4b7090, 0x000002527f4b36d0, 0x000002527f4b3ba0, 0x00000252116df2f0,
0x00000252116df7c0, 0x00000252116e2310, 0x00000252116dd610, 0x00000252116e1970,
0x00000252116e0160, 0x00000252116e3650
}

Java Threads: ( => current thread )
  0x0000025273269d30 JavaThread "main" [_thread_blocked, id=18336, stack(0x00000080adf00000,0x00000080ae000000)]
  0x000002527e502680 JavaThread "Reference Handler" daemon [_thread_blocked, id=13112, stack(0x00000080ae600000,0x00000080ae700000)]
  0x000002527e503230 JavaThread "Finalizer" daemon [_thread_blocked, id=1492, stack(0x00000080ae700000,0x00000080ae800000)]
  0x000002527e51e140 JavaThread "Signal Dispatcher" daemon [_thread_blocked, id=2580, stack(0x00000080ae800000,0x00000080ae900000)]
  0x000002527e4eaca0 JavaThread "Attach Listener" daemon [_thread_blocked, id=18228, stack(0x00000080ae900000,0x00000080aea00000)]
  0x000002527e4eb560 JavaThread "Service Thread" daemon [_thread_blocked, id=23264, stack(0x00000080aea00000,0x00000080aeb00000)]
  0x000002527e4ec230 JavaThread "Monitor Deflation Thread" daemon [_thread_blocked, id=15008, stack(0x00000080aeb00000,0x00000080aec00000)]
  0x000002527f03bce0 JavaThread "C2 CompilerThread0" daemon [_thread_in_native, id=8544, stack(0x00000080aec00000,0x00000080aed00000)]
=>0x000002527f03c6d0 JavaThread "C1 CompilerThread0" daemon [_thread_in_native, id=23516, stack(0x00000080aed00000,0x00000080aee00000)]
  0x000002527f03d0c0 JavaThread "Sweeper thread" daemon [_thread_blocked, id=25480, stack(0x00000080aee00000,0x00000080aef00000)]
  0x000002527f1bb4a0 JavaThread "Common-Cleaner" daemon [_thread_blocked, id=10496, stack(0x00000080aef00000,0x00000080af000000)]
  0x000002527f1bd980 JavaThread "Notification Thread" daemon [_thread_blocked, id=4708, stack(0x00000080af000000,0x00000080af100000)]
  0x000002520ff53750 JavaThread "Daemon health stats" [_thread_blocked, id=21032, stack(0x00000080af600000,0x00000080af700000)]
  0x00000252108534c0 JavaThread "Incoming local TCP Connector on port 59859" [_thread_in_native, id=24336, stack(0x00000080afb00000,0x00000080afc00000)]
  0x000002520f210090 JavaThread "Daemon periodic checks" [_thread_blocked, id=7224, stack(0x00000080afc00000,0x00000080afd00000)]
  0x000002527f492280 JavaThread "Daemon" [_thread_blocked, id=18904, stack(0x00000080afd00000,0x00000080afe00000)]
  0x000002527f3f3390 JavaThread "Handler for socket connection from /127.0.0.1:59859 to /127.0.0.1:59860" [_thread_in_native, id=16416, stack(0x00000080afe00000,0x00000080aff00000)]
  0x000002520fcfad80 JavaThread "Cancel handler" [_thread_blocked, id=24756, stack(0x00000080aff00000,0x00000080b0000000)]
  0x000002520fcf9860 JavaThread "Daemon worker" [_thread_in_native, id=8992, stack(0x00000080b0000000,0x00000080b0100000)]
  0x000002527f4b66f0 JavaThread "Asynchronous log dispatcher for DefaultDaemonConnection: socket connection from /127.0.0.1:59859 to /127.0.0.1:59860" [_thread_blocked, id=22600, stack(0x00000080b0100000,0x00000080b0200000)]
  0x000002527f4b5880 JavaThread "Stdin handler" [_thread_blocked, id=23948, stack(0x00000080b0200000,0x00000080b0300000)]
  0x000002527f4b4ee0 JavaThread "Daemon client event forwarder" [_thread_blocked, id=4820, stack(0x00000080b0300000,0x00000080b0400000)]
  0x000002527f4b5d50 JavaThread "Cache worker for journal cache (C:\Users\vidye\.gradle\caches\journal-1)" [_thread_blocked, id=26544, stack(0x00000080b0700000,0x00000080b0800000)]
  0x000002527f4b4070 JavaThread "File lock request listener" [_thread_in_native, id=4752, stack(0x00000080b0800000,0x00000080b0900000)]
  0x000002527f4b6220 JavaThread "Cache worker for file hash cache (C:\Users\vidye\.gradle\caches\8.0\fileHashes)" [_thread_blocked, id=25104, stack(0x00000080b0900000,0x00000080b0a00000)]
  0x000002527f4b4540 JavaThread "File watcher server" daemon [_thread_in_native, id=9392, stack(0x00000080b0a00000,0x00000080b0b00000)]
  0x000002527f4b4a10 JavaThread "File watcher consumer" daemon [_thread_blocked, id=24192, stack(0x00000080b0b00000,0x00000080b0c00000)]
  0x000002527f4b53b0 JavaThread "Cache worker for checksums cache (C:\Users\vidye\AndroidStudioProjects\Chatbot\.gradle\8.0\checksums)" [_thread_blocked, id=11180, stack(0x00000080b0c00000,0x00000080b0d00000)]
  0x000002527f4b7090 JavaThread "Cache worker for cache directory md-rule (C:\Users\vidye\.gradle\caches\8.0\md-rule)" [_thread_blocked, id=25880, stack(0x00000080b0d00000,0x00000080b0e00000)]
  0x000002527f4b36d0 JavaThread "Cache worker for file content cache (C:\Users\vidye\.gradle\caches\8.0\fileContent)" [_thread_blocked, id=21152, stack(0x00000080b0e00000,0x00000080b0f00000)]
  0x000002527f4b3ba0 JavaThread "Cache worker for file hash cache (C:\Users\vidye\AndroidStudioProjects\Chatbot\.gradle\8.0\fileHashes)" [_thread_blocked, id=26316, stack(0x00000080b0f00000,0x00000080b1000000)]
  0x00000252116df2f0 JavaThread "Cache worker for cache directory md-supplier (C:\Users\vidye\.gradle\caches\8.0\md-supplier)" [_thread_blocked, id=19100, stack(0x00000080b1000000,0x00000080b1100000)]
  0x00000252116df7c0 JavaThread "Cache worker for execution history cache (C:\Users\vidye\.gradle\caches\8.0\executionHistory)" [_thread_blocked, id=22764, stack(0x00000080b1100000,0x00000080b1200000)]
  0x00000252116e2310 JavaThread "jar transforms" [_thread_blocked, id=23564, stack(0x00000080b1200000,0x00000080b1300000)]
  0x00000252116dd610 JavaThread "jar transforms Thread 2" [_thread_blocked, id=25176, stack(0x00000080b1300000,0x00000080b1400000)]
  0x00000252116e1970 JavaThread "jar transforms Thread 3" [_thread_blocked, id=19476, stack(0x00000080b1400000,0x00000080b1500000)]
  0x00000252116e0160 JavaThread "jar transforms Thread 4" [_thread_blocked, id=22048, stack(0x00000080b1500000,0x00000080b1600000)]
  0x00000252116e3650 JavaThread "Cache worker for dependencies-accessors (C:\Users\vidye\AndroidStudioProjects\Chatbot\.gradle\8.0\dependencies-accessors)" [_thread_blocked, id=9544, stack(0x00000080b1600000,0x00000080b1700000)]

Other Threads:
  0x000002527e4dc1e0 VMThread "VM Thread" [stack: 0x00000080ae500000,0x00000080ae600000] [id=1308]
  0x000002527f1c1e60 WatcherThread [stack: 0x00000080af100000,0x00000080af200000] [id=25248]
  0x00000252732c43d0 GCTaskThread "GC Thread#0" [stack: 0x00000080ae000000,0x00000080ae100000] [id=17620]
  0x000002520f4789b0 GCTaskThread "GC Thread#1" [stack: 0x00000080af200000,0x00000080af300000] [id=2576]
  0x000002520f1728a0 GCTaskThread "GC Thread#2" [stack: 0x00000080af300000,0x00000080af400000] [id=12020]
  0x000002520f1471b0 GCTaskThread "GC Thread#3" [stack: 0x00000080af400000,0x00000080af500000] [id=19132]
  0x000002520f118710 GCTaskThread "GC Thread#4" [stack: 0x00000080af500000,0x00000080af600000] [id=11996]
  0x000002520fe41fb0 GCTaskThread "GC Thread#5" [stack: 0x00000080af700000,0x00000080af800000] [id=25268]
  0x000002520fe42260 GCTaskThread "GC Thread#6" [stack: 0x00000080af800000,0x00000080af900000] [id=3304]
  0x000002520fe42510 GCTaskThread "GC Thread#7" [stack: 0x00000080af900000,0x00000080afa00000] [id=24728]
  0x000002520fe427c0 GCTaskThread "GC Thread#8" [stack: 0x00000080afa00000,0x00000080afb00000] [id=20228]
  0x000002520f817e30 GCTaskThread "GC Thread#9" [stack: 0x00000080b0400000,0x00000080b0500000] [id=21196]
  0x00000252732d5310 ConcurrentGCThread "G1 Main Marker" [stack: 0x00000080ae100000,0x00000080ae200000] [id=23588]
  0x00000252732d6e90 ConcurrentGCThread "G1 Conc#0" [stack: 0x00000080ae200000,0x00000080ae300000] [id=10720]
  0x000002527f48dfb0 ConcurrentGCThread "G1 Conc#1" [stack: 0x00000080b0500000,0x00000080b0600000] [id=24056]
  0x000002527f4bb2e0 ConcurrentGCThread "G1 Conc#2" [stack: 0x00000080b0600000,0x00000080b0700000] [id=10548]
  0x0000025273321df0 ConcurrentGCThread "G1 Refine#0" [stack: 0x00000080ae300000,0x00000080ae400000] [id=25388]
  0x0000025273322810 ConcurrentGCThread "G1 Service" [stack: 0x00000080ae400000,0x00000080ae500000] [id=26156]

Threads with active compile tasks:
C2 CompilerThread0    16012 3872       4       groovy.lang.MetaClassImpl$1MOPIter::methodNameAction (325 bytes)
C1 CompilerThread0    16012 3941       3       java.io.File::getName (42 bytes)

VM state: not at safepoint (normal execution)

VM Mutex/Monitor currently owned by a thread: None

Heap address: 0x0000000080000000, size: 2048 MB, Compressed Oops mode: 32-bit

CDS archive(s) not mapped
Compressed class space mapped at: 0x0000000100000000-0x0000000140000000, reserved size: 1073741824
Narrow klass base: 0x0000000000000000, Narrow klass shift: 3, Narrow klass range: 0x140000000

GC Precious Log:
 CPUs: 12 total, 12 available
 Memory: 3767M
 Large Page Support: Disabled
 NUMA Support: Disabled
 Compressed Oops: Enabled (32-bit)
 Heap Region Size: 1M
 Heap Min Capacity: 8M
 Heap Initial Capacity: 60M
 Heap Max Capacity: 2G
 Pre-touch: Disabled
 Parallel Workers: 10
 Concurrent Workers: 3
 Concurrent Refinement Workers: 10
 Periodic GC: Disabled

Heap:
 garbage-first heap   total 112640K, used 58193K [0x0000000080000000, 0x0000000100000000)
  region size 1024K, 28 young (28672K), 2 survivors (2048K)
 Metaspace       used 43684K, committed 44096K, reserved 1089536K
  class space    used 5739K, committed 5888K, reserved 1048576K

Heap Regions: E=young(eden), S=young(survivor), O=old, HS=humongous(starts), HC=humongous(continues), CS=collection set, F=free, OA=open archive, CA=closed archive, TAMS=top-at-mark-start (previous, next)
|   0|0x0000000080000000, 0x0000000080100000, 0x0000000080100000|100%|HS|  |TAMS 0x0000000080100000, 0x0000000080100000| Complete 
|   1|0x0000000080100000, 0x0000000080200000, 0x0000000080200000|100%|HC|  |TAMS 0x0000000080200000, 0x0000000080200000| Complete 
|   2|0x0000000080200000, 0x0000000080300000, 0x0000000080300000|100%|HC|  |TAMS 0x0000000080300000, 0x0000000080300000| Complete 
|   3|0x0000000080300000, 0x0000000080400000, 0x0000000080400000|100%|HC|  |TAMS 0x0000000080400000, 0x0000000080400000| Complete 
|   4|0x0000000080400000, 0x0000000080500000, 0x0000000080500000|100%| O|  |TAMS 0x0000000080500000, 0x0000000080500000| Untracked 
|   5|0x0000000080500000, 0x0000000080600000, 0x0000000080600000|100%| O|  |TAMS 0x0000000080600000, 0x0000000080600000| Untracked 
|   6|0x0000000080600000, 0x0000000080700000, 0x0000000080700000|100%| O|  |TAMS 0x0000000080700000, 0x0000000080700000| Untracked 
|   7|0x0000000080700000, 0x0000000080800000, 0x0000000080800000|100%| O|  |TAMS 0x0000000080800000, 0x0000000080800000| Untracked 
|   8|0x0000000080800000, 0x0000000080900000, 0x0000000080900000|100%| O|  |TAMS 0x0000000080800000, 0x0000000080900000| Untracked 
|   9|0x0000000080900000, 0x0000000080a00000, 0x0000000080a00000|100%| O|  |TAMS 0x0000000080a00000, 0x0000000080a00000| Untracked 
|  10|0x0000000080a00000, 0x0000000080b00000, 0x0000000080b00000|100%| O|  |TAMS 0x0000000080b00000, 0x0000000080b00000| Untracked 
|  11|0x0000000080b00000, 0x0000000080c00000, 0x0000000080c00000|100%| O|  |TAMS 0x0000000080c00000, 0x0000000080c00000| Untracked 
|  12|0x0000000080c00000, 0x0000000080d00000, 0x0000000080d00000|100%| O|  |TAMS 0x0000000080d00000, 0x0000000080d00000| Untracked 
|  13|0x0000000080d00000, 0x0000000080e00000, 0x0000000080e00000|100%| O|  |TAMS 0x0000000080e00000, 0x0000000080e00000| Untracked 
|  14|0x0000000080e00000, 0x0000000080f00000, 0x0000000080f00000|100%| O|  |TAMS 0x0000000080f00000, 0x0000000080f00000| Untracked 
|  15|0x0000000080f00000, 0x0000000081000000, 0x0000000081000000|100%| O|  |TAMS 0x0000000081000000, 0x0000000081000000| Untracked 
|  16|0x0000000081000000, 0x0000000081100000, 0x0000000081100000|100%| O|  |TAMS 0x0000000081100000, 0x0000000081100000| Untracked 
|  17|0x0000000081100000, 0x0000000081200000, 0x0000000081200000|100%| O|  |TAMS 0x0000000081200000, 0x0000000081200000| Untracked 
|  18|0x0000000081200000, 0x0000000081300000, 0x0000000081300000|100%| O|  |TAMS 0x0000000081300000, 0x0000000081300000| Untracked 
|  19|0x0000000081300000, 0x0000000081400000, 0x0000000081400000|100%| O|  |TAMS 0x0000000081400000, 0x0000000081400000| Untracked 
|  20|0x0000000081400000, 0x0000000081500000, 0x0000000081500000|100%| O|  |TAMS 0x00000000814da200, 0x0000000081500000| Untracked 
|  21|0x0000000081500000, 0x0000000081600000, 0x0000000081600000|100%| O|  |TAMS 0x0000000081500000, 0x0000000081600000| Untracked 
|  22|0x0000000081600000, 0x0000000081700000, 0x0000000081700000|100%| O|  |TAMS 0x0000000081600000, 0x0000000081700000| Untracked 
|  23|0x0000000081700000, 0x0000000081800000, 0x0000000081800000|100%| O|  |TAMS 0x0000000081700000, 0x0000000081800000| Untracked 
|  24|0x0000000081800000, 0x0000000081900000, 0x0000000081900000|100%| O|  |TAMS 0x0000000081800000, 0x0000000081885800| Untracked 
|  25|0x0000000081900000, 0x0000000081a00000, 0x0000000081a00000|100%|HS|  |TAMS 0x0000000081900000, 0x0000000081a00000| Complete 
|  26|0x0000000081a00000, 0x0000000081b00000, 0x0000000081b00000|100%| O|  |TAMS 0x0000000081a00000, 0x0000000081a00000| Untracked 
|  27|0x0000000081b00000, 0x0000000081bde800, 0x0000000081c00000| 86%| O|  |TAMS 0x0000000081b00000, 0x0000000081b00000| Untracked 
|  28|0x0000000081c00000, 0x0000000081d00000, 0x0000000081d00000|100%|HS|  |TAMS 0x0000000081c00000, 0x0000000081c00000| Complete 
|  29|0x0000000081d00000, 0x0000000081e00000, 0x0000000081e00000|100%|HC|  |TAMS 0x0000000081d00000, 0x0000000081d00000| Complete 
|  30|0x0000000081e00000, 0x0000000081e00000, 0x0000000081f00000|  0%| F|  |TAMS 0x0000000081e00000, 0x0000000081e00000| Untracked 
|  31|0x0000000081f00000, 0x0000000081f00000, 0x0000000082000000|  0%| F|  |TAMS 0x0000000081f00000, 0x0000000081f00000| Untracked 
|  32|0x0000000082000000, 0x0000000082000000, 0x0000000082100000|  0%| F|  |TAMS 0x0000000082000000, 0x0000000082000000| Untracked 
|  33|0x0000000082100000, 0x0000000082100000, 0x0000000082200000|  0%| F|  |TAMS 0x0000000082100000, 0x0000000082100000| Untracked 
|  34|0x0000000082200000, 0x0000000082200000, 0x0000000082300000|  0%| F|  |TAMS 0x0000000082200000, 0x0000000082200000| Untracked 
|  35|0x0000000082300000, 0x0000000082300000, 0x0000000082400000|  0%| F|  |TAMS 0x0000000082300000, 0x0000000082300000| Untracked 
|  36|0x0000000082400000, 0x0000000082400000, 0x0000000082500000|  0%| F|  |TAMS 0x0000000082400000, 0x0000000082400000| Untracked 
|  37|0x0000000082500000, 0x0000000082500000, 0x0000000082600000|  0%| F|  |TAMS 0x0000000082500000, 0x0000000082500000| Untracked 
|  38|0x0000000082600000, 0x0000000082600000, 0x0000000082700000|  0%| F|  |TAMS 0x0000000082600000, 0x0000000082600000| Untracked 
|  39|0x0000000082700000, 0x00000000827f5f70, 0x0000000082800000| 96%| S|CS|TAMS 0x0000000082700000, 0x0000000082700000| Complete 
|  40|0x0000000082800000, 0x0000000082900000, 0x0000000082900000|100%| S|CS|TAMS 0x0000000082800000, 0x0000000082800000| Complete 
|  41|0x0000000082900000, 0x0000000082900000, 0x0000000082a00000|  0%| F|  |TAMS 0x0000000082900000, 0x0000000082900000| Untracked 
|  42|0x0000000082a00000, 0x0000000082a00000, 0x0000000082b00000|  0%| F|  |TAMS 0x0000000082a00000, 0x0000000082a00000| Untracked 
|  43|0x0000000082b00000, 0x0000000082b00000, 0x0000000082c00000|  0%| F|  |TAMS 0x0000000082b00000, 0x0000000082b00000| Untracked 
|  44|0x0000000082c00000, 0x0000000082c00000, 0x0000000082d00000|  0%| F|  |TAMS 0x0000000082c00000, 0x0000000082c00000| Untracked 
|  45|0x0000000082d00000, 0x0000000082d00000, 0x0000000082e00000|  0%| F|  |TAMS 0x0000000082d00000, 0x0000000082d00000| Untracked 
|  46|0x0000000082e00000, 0x0000000082e00000, 0x0000000082f00000|  0%| F|  |TAMS 0x0000000082e00000, 0x0000000082e00000| Untracked 
|  47|0x0000000082f00000, 0x0000000082f00000, 0x0000000083000000|  0%| F|  |TAMS 0x0000000082f00000, 0x0000000082f00000| Untracked 
|  48|0x0000000083000000, 0x0000000083000000, 0x0000000083100000|  0%| F|  |TAMS 0x0000000083000000, 0x0000000083000000| Untracked 
|  49|0x0000000083100000, 0x0000000083100000, 0x0000000083200000|  0%| F|  |TAMS 0x0000000083100000, 0x0000000083100000| Untracked 
|  50|0x0000000083200000, 0x0000000083200000, 0x0000000083300000|  0%| F|  |TAMS 0x0000000083200000, 0x0000000083200000| Untracked 
|  51|0x0000000083300000, 0x0000000083300000, 0x0000000083400000|  0%| F|  |TAMS 0x0000000083300000, 0x0000000083300000| Untracked 
|  52|0x0000000083400000, 0x0000000083400000, 0x0000000083500000|  0%| F|  |TAMS 0x0000000083400000, 0x0000000083400000| Untracked 
|  53|0x0000000083500000, 0x0000000083500000, 0x0000000083600000|  0%| F|  |TAMS 0x0000000083500000, 0x0000000083500000| Untracked 
|  54|0x0000000083600000, 0x0000000083600000, 0x0000000083700000|  0%| F|  |TAMS 0x0000000083600000, 0x0000000083600000| Untracked 
|  55|0x0000000083700000, 0x0000000083700000, 0x0000000083800000|  0%| F|  |TAMS 0x0000000083700000, 0x0000000083700000| Untracked 
|  56|0x0000000083800000, 0x0000000083800000, 0x0000000083900000|  0%| F|  |TAMS 0x0000000083800000, 0x0000000083800000| Untracked 
|  57|0x0000000083900000, 0x0000000083900000, 0x0000000083a00000|  0%| F|  |TAMS 0x0000000083900000, 0x0000000083900000| Untracked 
|  58|0x0000000083a00000, 0x0000000083a00000, 0x0000000083b00000|  0%| F|  |TAMS 0x0000000083a00000, 0x0000000083a00000| Untracked 
|  59|0x0000000083b00000, 0x0000000083b00000, 0x0000000083c00000|  0%| F|  |TAMS 0x0000000083b00000, 0x0000000083b00000| Untracked 
|  60|0x0000000083c00000, 0x0000000083c00000, 0x0000000083d00000|  0%| F|  |TAMS 0x0000000083c00000, 0x0000000083c00000| Untracked 
|  61|0x0000000083d00000, 0x0000000083d00000, 0x0000000083e00000|  0%| F|  |TAMS 0x0000000083d00000, 0x0000000083d00000| Untracked 
|  62|0x0000000083e00000, 0x0000000083e00000, 0x0000000083f00000|  0%| F|  |TAMS 0x0000000083e00000, 0x0000000083e00000| Untracked 
|  63|0x0000000083f00000, 0x0000000083f00000, 0x0000000084000000|  0%| F|  |TAMS 0x0000000083f00000, 0x0000000083f00000| Untracked 
|  64|0x0000000084000000, 0x0000000084000000, 0x0000000084100000|  0%| F|  |TAMS 0x0000000084000000, 0x0000000084000000| Untracked 
|  65|0x0000000084100000, 0x0000000084100000, 0x0000000084200000|  0%| F|  |TAMS 0x0000000084100000, 0x0000000084100000| Untracked 
|  66|0x0000000084200000, 0x0000000084200000, 0x0000000084300000|  0%| F|  |TAMS 0x0000000084200000, 0x0000000084200000| Untracked 
|  67|0x0000000084300000, 0x0000000084300000, 0x0000000084400000|  0%| F|  |TAMS 0x0000000084300000, 0x0000000084300000| Untracked 
|  68|0x0000000084400000, 0x0000000084400000, 0x0000000084500000|  0%| F|  |TAMS 0x0000000084400000, 0x0000000084400000| Untracked 
|  69|0x0000000084500000, 0x0000000084500000, 0x0000000084600000|  0%| F|  |TAMS 0x0000000084500000, 0x0000000084500000| Untracked 
|  70|0x0000000084600000, 0x0000000084600000, 0x0000000084700000|  0%| F|  |TAMS 0x0000000084600000, 0x0000000084600000| Untracked 
|  71|0x0000000084700000, 0x0000000084700000, 0x0000000084800000|  0%| F|  |TAMS 0x0000000084700000, 0x0000000084700000| Untracked 
|  72|0x0000000084800000, 0x0000000084800000, 0x0000000084900000|  0%| F|  |TAMS 0x0000000084800000, 0x0000000084800000| Untracked 
|  73|0x0000000084900000, 0x0000000084900000, 0x0000000084a00000|  0%| F|  |TAMS 0x0000000084900000, 0x0000000084900000| Untracked 
|  74|0x0000000084a00000, 0x0000000084a00000, 0x0000000084b00000|  0%| F|  |TAMS 0x0000000084a00000, 0x0000000084a00000| Untracked 
|  75|0x0000000084b00000, 0x0000000084b00000, 0x0000000084c00000|  0%| F|  |TAMS 0x0000000084b00000, 0x0000000084b00000| Untracked 
|  76|0x0000000084c00000, 0x0000000084c00000, 0x0000000084d00000|  0%| F|  |TAMS 0x0000000084c00000, 0x0000000084c00000| Untracked 
|  77|0x0000000084d00000, 0x0000000084d00000, 0x0000000084e00000|  0%| F|  |TAMS 0x0000000084d00000, 0x0000000084d00000| Untracked 
|  78|0x0000000084e00000, 0x0000000084e00000, 0x0000000084f00000|  0%| F|  |TAMS 0x0000000084e00000, 0x0000000084e00000| Untracked 
|  79|0x0000000084f00000, 0x0000000084f00000, 0x0000000085000000|  0%| F|  |TAMS 0x0000000084f00000, 0x0000000084f00000| Untracked 
|  80|0x0000000085000000, 0x0000000085000000, 0x0000000085100000|  0%| F|  |TAMS 0x0000000085000000, 0x0000000085000000| Untracked 
|  81|0x0000000085100000, 0x0000000085100000, 0x0000000085200000|  0%| F|  |TAMS 0x0000000085100000, 0x0000000085100000| Untracked 
|  82|0x0000000085200000, 0x0000000085200000, 0x0000000085300000|  0%| F|  |TAMS 0x0000000085200000, 0x0000000085200000| Untracked 
|  83|0x0000000085300000, 0x0000000085300000, 0x0000000085400000|  0%| F|  |TAMS 0x0000000085300000, 0x0000000085300000| Untracked 
|  84|0x0000000085400000, 0x0000000085480800, 0x0000000085500000| 50%| E|  |TAMS 0x0000000085400000, 0x0000000085400000| Complete 
|  85|0x0000000085500000, 0x0000000085600000, 0x0000000085600000|100%| E|CS|TAMS 0x0000000085500000, 0x0000000085500000| Complete 
|  86|0x0000000085600000, 0x0000000085700000, 0x0000000085700000|100%| E|CS|TAMS 0x0000000085600000, 0x0000000085600000| Complete 
|  87|0x0000000085700000, 0x0000000085800000, 0x0000000085800000|100%| E|CS|TAMS 0x0000000085700000, 0x0000000085700000| Complete 
|  88|0x0000000085800000, 0x0000000085900000, 0x0000000085900000|100%| E|CS|TAMS 0x0000000085800000, 0x0000000085800000| Complete 
|  89|0x0000000085900000, 0x0000000085a00000, 0x0000000085a00000|100%| E|CS|TAMS 0x0000000085900000, 0x0000000085900000| Complete 
|  90|0x0000000085a00000, 0x0000000085b00000, 0x0000000085b00000|100%| E|CS|TAMS 0x0000000085a00000, 0x0000000085a00000| Complete 
|  91|0x0000000085b00000, 0x0000000085c00000, 0x0000000085c00000|100%| E|CS|TAMS 0x0000000085b00000, 0x0000000085b00000| Complete 
|  92|0x0000000085c00000, 0x0000000085d00000, 0x0000000085d00000|100%| E|CS|TAMS 0x0000000085c00000, 0x0000000085c00000| Complete 
|  93|0x0000000085d00000, 0x0000000085e00000, 0x0000000085e00000|100%| E|CS|TAMS 0x0000000085d00000, 0x0000000085d00000| Complete 
|  94|0x0000000085e00000, 0x0000000085f00000, 0x0000000085f00000|100%| E|CS|TAMS 0x0000000085e00000, 0x0000000085e00000| Complete 
|  95|0x0000000085f00000, 0x0000000086000000, 0x0000000086000000|100%| E|CS|TAMS 0x0000000085f00000, 0x0000000085f00000| Complete 
|  96|0x0000000086000000, 0x0000000086100000, 0x0000000086100000|100%| E|CS|TAMS 0x0000000086000000, 0x0000000086000000| Complete 
|  97|0x0000000086100000, 0x0000000086200000, 0x0000000086200000|100%| E|CS|TAMS 0x0000000086100000, 0x0000000086100000| Complete 
|  98|0x0000000086200000, 0x0000000086300000, 0x0000000086300000|100%| E|CS|TAMS 0x0000000086200000, 0x0000000086200000| Complete 
|  99|0x0000000086300000, 0x0000000086400000, 0x0000000086400000|100%| E|CS|TAMS 0x0000000086300000, 0x0000000086300000| Complete 
| 100|0x0000000086400000, 0x0000000086500000, 0x0000000086500000|100%| E|CS|TAMS 0x0000000086400000, 0x0000000086400000| Complete 
| 101|0x0000000086500000, 0x0000000086600000, 0x0000000086600000|100%| E|CS|TAMS 0x0000000086500000, 0x0000000086500000| Complete 
| 102|0x0000000086600000, 0x0000000086700000, 0x0000000086700000|100%| E|CS|TAMS 0x0000000086600000, 0x0000000086600000| Complete 
| 103|0x0000000086700000, 0x0000000086800000, 0x0000000086800000|100%| E|CS|TAMS 0x0000000086700000, 0x0000000086700000| Complete 
| 104|0x0000000086800000, 0x0000000086900000, 0x0000000086900000|100%| E|CS|TAMS 0x0000000086800000, 0x0000000086800000| Complete 
| 105|0x0000000086900000, 0x0000000086a00000, 0x0000000086a00000|100%| E|CS|TAMS 0x0000000086900000, 0x0000000086900000| Complete 
| 106|0x0000000086a00000, 0x0000000086b00000, 0x0000000086b00000|100%| E|CS|TAMS 0x0000000086a00000, 0x0000000086a00000| Complete 
| 107|0x0000000086b00000, 0x0000000086c00000, 0x0000000086c00000|100%| E|CS|TAMS 0x0000000086b00000, 0x0000000086b00000| Complete 
| 108|0x0000000086c00000, 0x0000000086d00000, 0x0000000086d00000|100%| E|CS|TAMS 0x0000000086c00000, 0x0000000086c00000| Complete 
| 109|0x0000000086d00000, 0x0000000086e00000, 0x0000000086e00000|100%| E|CS|TAMS 0x0000000086d00000, 0x0000000086d00000| Complete 

Card table byte_map: [0x0000025277080000,0x0000025277480000] _byte_map_base: 0x0000025276c80000

Marking Bits (Prev, Next): (CMBitMap*) 0x00000252732c49e0, (CMBitMap*) 0x00000252732c4a20
 Prev Bits: [0x0000025277880000, 0x0000025279880000)
 Next Bits: [0x0000025279880000, 0x000002527b880000)

Polling page: 0x0000025271070000

Metaspace:

Usage:
  Non-class:     37.07 MB used.
      Class:      5.61 MB used.
       Both:     42.68 MB used.

Virtual space:
  Non-class space:       40.00 MB reserved,      37.31 MB ( 93%) committed,  5 nodes.
      Class space:        1.00 GB reserved,       5.75 MB ( <1%) committed,  1 nodes.
             Both:        1.04 GB reserved,      43.06 MB (  4%) committed. 

Chunk freelists:
   Non-Class:  2.16 MB
       Class:  2.16 MB
        Both:  4.31 MB

MaxMetaspaceSize: unlimited
CompressedClassSpaceSize: 1.00 GB
Initial GC threshold: 21.00 MB
Current GC threshold: 58.75 MB
CDS: off
MetaspaceReclaimPolicy: balanced
 - commit_granule_bytes: 65536.
 - commit_granule_words: 8192.
 - virtual_space_node_default_size: 1048576.
 - enlarge_chunks_in_place: 1.
 - new_chunks_are_fully_committed: 0.
 - uncommit_free_chunks: 1.
 - use_allocation_guard: 0.
 - handle_deallocations: 1.


Internal statistics:

num_allocs_failed_limit: 6.
num_arena_births: 342.
num_arena_deaths: 0.
num_vsnodes_births: 6.
num_vsnodes_deaths: 0.
num_space_committed: 689.
num_space_uncommitted: 0.
num_chunks_returned_to_freelist: 6.
num_chunks_taken_from_freelist: 1592.
num_chunk_merges: 6.
num_chunk_splits: 1065.
num_chunks_enlarged: 761.
num_purges: 0.
num_inconsistent_stats: 0.

CodeHeap 'non-profiled nmethods': size=120000Kb used=1898Kb max_used=1898Kb free=118101Kb
 bounds [0x0000025207ad0000, 0x0000025207d40000, 0x000002520f000000]
CodeHeap 'profiled nmethods': size=120000Kb used=8238Kb max_used=8238Kb free=111761Kb
 bounds [0x0000025200000000, 0x0000025200810000, 0x0000025207530000]
CodeHeap 'non-nmethods': size=5760Kb used=2282Kb max_used=2310Kb free=3477Kb
 bounds [0x0000025207530000, 0x00000252077a0000, 0x0000025207ad0000]
 total_blobs=4698 nmethods=3905 adapters=705
 compilation: enabled
              stopped_count=0, restarted_count=0
 full_count=0

Compilation events (20 events):
Event: 15.774 Thread 0x000002527f03c6d0 nmethod 3931 0x0000025200807290 code [0x0000025200807440, 0x0000025200807658]
Event: 15.814 Thread 0x000002527f03c6d0 3932       1       org.gradle.internal.operations.BuildOperationDescriptor::getDetails (5 bytes)
Event: 15.814 Thread 0x000002527f03c6d0 nmethod 3932 0x0000025207caa090 code [0x0000025207caa220, 0x0000025207caa2f8]
Event: 15.817 Thread 0x000002527f03c6d0 3933   !   3       org.gradle.internal.event.AbstractBroadcastDispatch::dispatch (74 bytes)
Event: 15.819 Thread 0x000002527f03c6d0 nmethod 3933 0x0000025200807790 code [0x0000025200807a60, 0x0000025200808b18]
Event: 15.836 Thread 0x000002527f03c6d0 3934       1       com.google.common.cache.CacheBuilder$3::read (2 bytes)
Event: 15.836 Thread 0x000002527f03c6d0 nmethod 3934 0x0000025207caa390 code [0x0000025207caa520, 0x0000025207caa5f8]
Event: 15.839 Thread 0x000002527f03c6d0 3935       1       org.gradle.internal.operations.BuildOperationDescriptor::getId (5 bytes)
Event: 15.840 Thread 0x000002527f03c6d0 nmethod 3935 0x0000025207caa690 code [0x0000025207caa820, 0x0000025207caa8f8]
Event: 15.846 Thread 0x000002527f03c6d0 3936       3       org.gradle.internal.dispatch.ReflectionDispatch::dispatch (9 bytes)
Event: 15.847 Thread 0x000002527f03c6d0 nmethod 3936 0x0000025200809190 code [0x0000025200809340, 0x0000025200809568]
Event: 15.847 Thread 0x000002527f03c6d0 3937   !   3       org.gradle.internal.dispatch.ReflectionDispatch::dispatch (42 bytes)
Event: 15.848 Thread 0x000002527f03c6d0 nmethod 3937 0x0000025200809610 code [0x00000252008098c0, 0x000002520080a558]
Event: 15.859 Thread 0x000002527f03c6d0 3938       3       java.util.HashMap::remove (26 bytes)
Event: 15.859 Thread 0x000002527f03c6d0 nmethod 3938 0x000002520080ac10 code [0x000002520080ade0, 0x000002520080b158]
Event: 15.860 Thread 0x000002527f03c6d0 3939       3       org.gradle.internal.time.TimeSource$1::nanoTime (4 bytes)
Event: 15.860 Thread 0x000002527f03c6d0 nmethod 3939 0x000002520080b290 code [0x000002520080b420, 0x000002520080b558]
Event: 15.865 Thread 0x000002527f03c6d0 3940       2       java.util.AbstractList$Itr::hasNext (20 bytes)
Event: 15.866 Thread 0x000002527f03c6d0 nmethod 3940 0x000002520080b610 code [0x000002520080b7a0, 0x000002520080b8e8]
Event: 15.873 Thread 0x000002527f03c6d0 3941       3       java.io.File::getName (42 bytes)

GC Heap History (20 events):
Event: 3.171 GC heap before
{Heap before GC invocations=1 (full 0):
 garbage-first heap   total 61440K, used 32686K [0x0000000080000000, 0x0000000100000000)
  region size 1024K, 25 young (25600K), 3 survivors (3072K)
 Metaspace       used 11163K, committed 11392K, reserved 1064960K
  class space    used 1163K, committed 1280K, reserved 1048576K
}
Event: 3.178 GC heap after
{Heap after GC invocations=2 (full 0):
 garbage-first heap   total 61440K, used 11095K [0x0000000080000000, 0x0000000100000000)
  region size 1024K, 1 young (1024K), 1 survivors (1024K)
 Metaspace       used 11163K, committed 11392K, reserved 1064960K
  class space    used 1163K, committed 1280K, reserved 1048576K
}
Event: 4.598 GC heap before
{Heap before GC invocations=2 (full 0):
 garbage-first heap   total 61440K, used 34647K [0x0000000080000000, 0x0000000100000000)
  region size 1024K, 24 young (24576K), 1 survivors (1024K)
 Metaspace       used 15595K, committed 15744K, reserved 1064960K
  class space    used 1784K, committed 1856K, reserved 1048576K
}
Event: 4.606 GC heap after
{Heap after GC invocations=3 (full 0):
 garbage-first heap   total 61440K, used 16807K [0x0000000080000000, 0x0000000100000000)
  region size 1024K, 3 young (3072K), 3 survivors (3072K)
 Metaspace       used 15595K, committed 15744K, reserved 1064960K
  class space    used 1784K, committed 1856K, reserved 1048576K
}
Event: 7.924 GC heap before
{Heap before GC invocations=3 (full 0):
 garbage-first heap   total 61440K, used 36263K [0x0000000080000000, 0x0000000100000000)
  region size 1024K, 23 young (23552K), 3 survivors (3072K)
 Metaspace       used 21199K, committed 21504K, reserved 1073152K
  class space    used 2570K, committed 2752K, reserved 1048576K
}
Event: 7.968 GC heap after
{Heap after GC invocations=4 (full 0):
 garbage-first heap   total 61440K, used 18914K [0x0000000080000000, 0x0000000100000000)
  region size 1024K, 2 young (2048K), 2 survivors (2048K)
 Metaspace       used 21199K, committed 21504K, reserved 1073152K
  class space    used 2570K, committed 2752K, reserved 1048576K
}
Event: 9.611 GC heap before
{Heap before GC invocations=5 (full 0):
 garbage-first heap   total 61440K, used 40418K [0x0000000080000000, 0x0000000100000000)
  region size 1024K, 24 young (24576K), 2 survivors (2048K)
 Metaspace       used 24999K, committed 25280K, reserved 1073152K
  class space    used 3223K, committed 3328K, reserved 1048576K
}
Event: 9.621 GC heap after
{Heap after GC invocations=6 (full 0):
 garbage-first heap   total 61440K, used 20413K [0x0000000080000000, 0x0000000100000000)
  region size 1024K, 2 young (2048K), 2 survivors (2048K)
 Metaspace       used 24999K, committed 25280K, reserved 1073152K
  class space    used 3223K, committed 3328K, reserved 1048576K
}
Event: 9.666 GC heap before
{Heap before GC invocations=6 (full 0):
 garbage-first heap   total 61440K, used 21437K [0x0000000080000000, 0x0000000100000000)
  region size 1024K, 3 young (3072K), 2 survivors (2048K)
 Metaspace       used 25085K, committed 25408K, reserved 1073152K
  class space    used 3245K, committed 3392K, reserved 1048576K
}
Event: 9.679 GC heap after
{Heap after GC invocations=7 (full 0):
 garbage-first heap   total 61440K, used 20469K [0x0000000080000000, 0x0000000100000000)
  region size 1024K, 1 young (1024K), 1 survivors (1024K)
 Metaspace       used 25085K, committed 25408K, reserved 1073152K
  class space    used 3245K, committed 3392K, reserved 1048576K
}
Event: 11.258 GC heap before
{Heap before GC invocations=7 (full 0):
 garbage-first heap   total 61440K, used 42997K [0x0000000080000000, 0x0000000100000000)
  region size 1024K, 23 young (23552K), 1 survivors (1024K)
 Metaspace       used 28682K, committed 28992K, reserved 1081344K
  class space    used 3834K, committed 3968K, reserved 1048576K
}
Event: 11.267 GC heap after
{Heap after GC invocations=8 (full 0):
 garbage-first heap   total 61440K, used 21842K [0x0000000080000000, 0x0000000100000000)
  region size 1024K, 2 young (2048K), 2 survivors (2048K)
 Metaspace       used 28682K, committed 28992K, reserved 1081344K
  class space    used 3834K, committed 3968K, reserved 1048576K
}
Event: 12.388 GC heap before
{Heap before GC invocations=8 (full 0):
 garbage-first heap   total 61440K, used 44370K [0x0000000080000000, 0x0000000100000000)
  region size 1024K, 24 young (24576K), 2 survivors (2048K)
 Metaspace       used 31777K, committed 32064K, reserved 1081344K
  class space    used 4341K, committed 4480K, reserved 1048576K
}
Event: 12.398 GC heap after
{Heap after GC invocations=9 (full 0):
 garbage-first heap   total 61440K, used 22951K [0x0000000080000000, 0x0000000100000000)
  region size 1024K, 3 young (3072K), 3 survivors (3072K)
 Metaspace       used 31777K, committed 32064K, reserved 1081344K
  class space    used 4341K, committed 4480K, reserved 1048576K
}
Event: 13.608 GC heap before
{Heap before GC invocations=9 (full 0):
 garbage-first heap   total 61440K, used 42407K [0x0000000080000000, 0x0000000100000000)
  region size 1024K, 23 young (23552K), 3 survivors (3072K)
 Metaspace       used 35616K, committed 35968K, reserved 1081344K
  class space    used 4874K, committed 5056K, reserved 1048576K
}
Event: 13.621 GC heap after
{Heap after GC invocations=10 (full 0):
 garbage-first heap   total 61440K, used 25062K [0x0000000080000000, 0x0000000100000000)
  region size 1024K, 4 young (4096K), 4 survivors (4096K)
 Metaspace       used 35616K, committed 35968K, reserved 1081344K
  class space    used 4874K, committed 5056K, reserved 1048576K
}
Event: 14.528 GC heap before
{Heap before GC invocations=11 (full 0):
 garbage-first heap   total 61440K, used 44518K [0x0000000080000000, 0x0000000100000000)
  region size 1024K, 24 young (24576K), 4 survivors (4096K)
 Metaspace       used 40417K, committed 40768K, reserved 1089536K
  class space    used 5357K, committed 5504K, reserved 1048576K
}
Event: 14.541 GC heap after
{Heap after GC invocations=12 (full 0):
 garbage-first heap   total 61440K, used 28182K [0x0000000080000000, 0x0000000100000000)
  region size 1024K, 3 young (3072K), 3 survivors (3072K)
 Metaspace       used 40417K, committed 40768K, reserved 1089536K
  class space    used 5357K, committed 5504K, reserved 1048576K
}
Event: 14.851 GC heap before
{Heap before GC invocations=12 (full 0):
 garbage-first heap   total 61440K, used 47638K [0x0000000080000000, 0x0000000100000000)
  region size 1024K, 22 young (22528K), 3 survivors (3072K)
 Metaspace       used 41123K, committed 41472K, reserved 1089536K
  class space    used 5440K, committed 5568K, reserved 1048576K
}
Event: 14.879 GC heap after
{Heap after GC invocations=13 (full 0):
 garbage-first heap   total 112640K, used 30545K [0x0000000080000000, 0x0000000100000000)
  region size 1024K, 2 young (2048K), 2 survivors (2048K)
 Metaspace       used 41123K, committed 41472K, reserved 1089536K
  class space    used 5440K, committed 5568K, reserved 1048576K
}

Dll operation events (2 events):
Event: 0.057 Loaded shared library C:\Program Files\Android\Android Studio\jbr\bin\java.dll
Event: 1.170 Loaded shared library C:\Program Files\Android\Android Studio\jbr\bin\verify.dll

Deoptimization events (20 events):
Event: 14.756 Thread 0x000002520fcf9860 DEOPT PACKING pc=0x0000025207c7f7f0 sp=0x00000080b00f9310
Event: 14.756 Thread 0x000002520fcf9860 DEOPT UNPACKING pc=0x00000252075869a3 sp=0x00000080b00f92c8 mode 2
Event: 14.756 Thread 0x000002520fcf9860 Uncommon trap: trap_request=0xffffffbe fr.pc=0x0000025207c7f7f0 relative=0x0000000000000730
Event: 14.756 Thread 0x000002520fcf9860 Uncommon trap: reason=profile_predicate action=maybe_recompile pc=0x0000025207c7f7f0 method=java.lang.PublicMethods$MethodList.filter([Ljava/lang/reflect/Method;Ljava/lang/String;[Ljava/lang/Class;Z)Ljava/lang/PublicMethods$MethodList; @ 21 c2
Event: 14.756 Thread 0x000002520fcf9860 DEOPT PACKING pc=0x0000025207c7f7f0 sp=0x00000080b00f9310
Event: 14.756 Thread 0x000002520fcf9860 DEOPT UNPACKING pc=0x00000252075869a3 sp=0x00000080b00f92c8 mode 2
Event: 15.442 Thread 0x000002520fcf9860 DEOPT PACKING pc=0x0000025200707215 sp=0x00000080b00f3e50
Event: 15.442 Thread 0x000002520fcf9860 DEOPT UNPACKING pc=0x0000025207587143 sp=0x00000080b00f32d8 mode 0
Event: 15.470 Thread 0x000002520fcf9860 Uncommon trap: trap_request=0xffffffde fr.pc=0x0000025207c635dc relative=0x00000000000015dc
Event: 15.470 Thread 0x000002520fcf9860 Uncommon trap: reason=class_check action=maybe_recompile pc=0x0000025207c635dc method=java.util.WeakHashMap.matchesKey(Ljava/util/WeakHashMap$Entry;Ljava/lang/Object;)Z @ 21 c2
Event: 15.470 Thread 0x000002520fcf9860 DEOPT PACKING pc=0x0000025207c635dc sp=0x00000080b00f4dc0
Event: 15.470 Thread 0x000002520fcf9860 DEOPT UNPACKING pc=0x00000252075869a3 sp=0x00000080b00f4d40 mode 2
Event: 15.728 Thread 0x000002520fcf9860 Uncommon trap: trap_request=0xffffffde fr.pc=0x0000025207c635dc relative=0x00000000000015dc
Event: 15.728 Thread 0x000002520fcf9860 Uncommon trap: reason=class_check action=maybe_recompile pc=0x0000025207c635dc method=java.util.WeakHashMap.matchesKey(Ljava/util/WeakHashMap$Entry;Ljava/lang/Object;)Z @ 21 c2
Event: 15.728 Thread 0x000002520fcf9860 DEOPT PACKING pc=0x0000025207c635dc sp=0x00000080b00f77a0
Event: 15.728 Thread 0x000002520fcf9860 DEOPT UNPACKING pc=0x00000252075869a3 sp=0x00000080b00f7720 mode 2
Event: 15.755 Thread 0x000002520fcf9860 Uncommon trap: trap_request=0xffffff45 fr.pc=0x0000025207c5d0ac relative=0x000000000000010c
Event: 15.755 Thread 0x000002520fcf9860 Uncommon trap: reason=unstable_if action=reinterpret pc=0x0000025207c5d0ac method=java.util.Arrays.hashCode([Ljava/lang/Object;)I @ 34 c2
Event: 15.755 Thread 0x000002520fcf9860 DEOPT PACKING pc=0x0000025207c5d0ac sp=0x00000080b00f8f80
Event: 15.755 Thread 0x000002520fcf9860 DEOPT UNPACKING pc=0x00000252075869a3 sp=0x00000080b00f8ef8 mode 2

Classes unloaded (0 events):
No events

Classes redefined (0 events):
No events

Internal exceptions (20 events):
Event: 15.643 Thread 0x000002520fcf9860 Exception <a 'java/lang/IncompatibleClassChangeError'{0x0000000085c2be50}: Found class java.lang.Object, but interface was expected> (0x0000000085c2be50) 
thrown [s\src\hotspot\share\interpreter\linkResolver.cpp, line 838]
Event: 15.674 Thread 0x000002520fcf9860 Exception <a 'java/lang/ClassNotFoundException'{0x0000000085cf7be0}: settings_8sszjlgr5ujrz6gbd7kc3l90aBeanInfo> (0x0000000085cf7be0) 
thrown [s\src\hotspot\share\classfile\systemDictionary.cpp, line 256]
Event: 15.674 Thread 0x000002520fcf9860 Exception <a 'java/lang/ClassNotFoundException'{0x0000000085cfe418}: settings_8sszjlgr5ujrz6gbd7kc3l90aCustomizer> (0x0000000085cfe418) 
thrown [s\src\hotspot\share\classfile\systemDictionary.cpp, line 256]
Event: 15.683 Thread 0x000002520fcf9860 Exception <a 'java/lang/ClassNotFoundException'{0x0000000085b5a620}: org/gradle/internal/management/DefaultDependencyResolutionManagement_DecoratedBeanInfo> (0x0000000085b5a620) 
thrown [s\src\hotspot\share\classfile\systemDictionary.cpp, line 256]
Event: 15.685 Thread 0x000002520fcf9860 Exception <a 'java/lang/ClassNotFoundException'{0x0000000085b6eb70}: org/gradle/internal/management/DefaultDependencyResolutionManagementBeanInfo> (0x0000000085b6eb70) 
thrown [s\src\hotspot\share\classfile\systemDictionary.cpp, line 256]
Event: 15.687 Thread 0x000002520fcf9860 Exception <a 'java/lang/ClassNotFoundException'{0x0000000085b82d98}: org/gradle/internal/management/DefaultDependencyResolutionManagementCustomizer> (0x0000000085b82d98) 
thrown [s\src\hotspot\share\classfile\systemDictionary.cpp, line 256]
Event: 15.688 Thread 0x000002520fcf9860 Exception <a 'java/lang/ClassNotFoundException'{0x0000000085ba9420}: org/gradle/internal/management/DefaultDependencyResolutionManagement_DecoratedCustomizer> (0x0000000085ba9420) 
thrown [s\src\hotspot\share\classfile\systemDictionary.cpp, line 256]
Event: 15.697 Thread 0x000002520fcf9860 Exception <a 'java/lang/ClassNotFoundException'{0x0000000085bf5dd0}: org/gradle/api/initialization/resolve/RepositoriesModeBeanInfo> (0x0000000085bf5dd0) 
thrown [s\src\hotspot\share\classfile\systemDictionary.cpp, line 256]
Event: 15.698 Thread 0x000002520fcf9860 Exception <a 'java/lang/ClassNotFoundException'{0x0000000085bfac18}: java/lang/EnumBeanInfo> (0x0000000085bfac18) 
thrown [s\src\hotspot\share\classfile\systemDictionary.cpp, line 256]
Event: 15.700 Thread 0x000002520fcf9860 Exception <a 'java/lang/ClassNotFoundException'{0x0000000085bffa80}: java/lang/EnumCustomizer> (0x0000000085bffa80) 
thrown [s\src\hotspot\share\classfile\systemDictionary.cpp, line 256]
Event: 15.704 Thread 0x000002520fcf9860 Exception <a 'java/lang/ClassNotFoundException'{0x0000000085a18a90}: org/gradle/api/initialization/resolve/RepositoriesModeCustomizer> (0x0000000085a18a90) 
thrown [s\src\hotspot\share\classfile\systemDictionary.cpp, line 256]
Event: 15.716 Thread 0x000002520fcf9860 Exception <a 'java/lang/ClassNotFoundException'{0x0000000085a86368}: org/gradle/api/internal/provider/DefaultPropertyBeanInfo> (0x0000000085a86368) 
thrown [s\src\hotspot\share\classfile\systemDictionary.cpp, line 256]
Event: 15.717 Thread 0x000002520fcf9860 Exception <a 'java/lang/ClassNotFoundException'{0x0000000085a97580}: org/gradle/api/internal/provider/AbstractPropertyBeanInfo> (0x0000000085a97580) 
thrown [s\src\hotspot\share\classfile\systemDictionary.cpp, line 256]
Event: 15.719 Thread 0x000002520fcf9860 Exception <a 'java/lang/ClassNotFoundException'{0x0000000085aa9070}: org/gradle/api/internal/provider/AbstractMinimalProviderBeanInfo> (0x0000000085aa9070) 
thrown [s\src\hotspot\share\classfile\systemDictionary.cpp, line 256]
Event: 15.720 Thread 0x000002520fcf9860 Exception <a 'java/lang/ClassNotFoundException'{0x0000000085aba398}: org/gradle/api/internal/provider/AbstractMinimalProviderCustomizer> (0x0000000085aba398) 
thrown [s\src\hotspot\share\classfile\systemDictionary.cpp, line 256]
Event: 15.725 Thread 0x000002520fcf9860 Exception <a 'java/lang/ClassNotFoundException'{0x0000000085ae4508}: org/gradle/api/internal/provider/AbstractPropertyCustomizer> (0x0000000085ae4508) 
thrown [s\src\hotspot\share\classfile\systemDictionary.cpp, line 256]
Event: 15.727 Thread 0x000002520fcf9860 Exception <a 'java/lang/ClassNotFoundException'{0x0000000085901820}: org/gradle/api/internal/provider/DefaultPropertyCustomizer> (0x0000000085901820) 
thrown [s\src\hotspot\share\classfile\systemDictionary.cpp, line 256]
Event: 15.746 Thread 0x000002520fcf9860 Exception <a 'java/lang/ClassNotFoundException'{0x000000008596a5e8}: org/gradle/initialization/DefaultProjectDescriptorBeanInfo> (0x000000008596a5e8) 
thrown [s\src\hotspot\share\classfile\systemDictionary.cpp, line 256]
Event: 15.747 Thread 0x000002520fcf9860 Exception <a 'java/lang/ClassNotFoundException'{0x0000000085978ad8}: org/gradle/initialization/DefaultProjectDescriptorCustomizer> (0x0000000085978ad8) 
thrown [s\src\hotspot\share\classfile\systemDictionary.cpp, line 256]
Event: 15.755 Thread 0x000002520fcf9860 Implicit null exception at 0x0000025207c5cfec to 0x0000025207c5d090

VM Operations (20 events):
Event: 13.999 Executing VM operation: HandshakeAllThreads
Event: 13.999 Executing VM operation: HandshakeAllThreads done
Event: 14.081 Executing VM operation: HandshakeAllThreads
Event: 14.081 Executing VM operation: HandshakeAllThreads done
Event: 14.306 Executing VM operation: HandshakeAllThreads
Event: 14.306 Executing VM operation: HandshakeAllThreads done
Event: 14.307 Executing VM operation: HandshakeAllThreads
Event: 14.307 Executing VM operation: HandshakeAllThreads done
Event: 14.326 Executing VM operation: HandshakeAllThreads
Event: 14.326 Executing VM operation: HandshakeAllThreads done
Event: 14.335 Executing VM operation: HandshakeAllThreads
Event: 14.335 Executing VM operation: HandshakeAllThreads done
Event: 14.353 Executing VM operation: HandshakeAllThreads
Event: 14.353 Executing VM operation: HandshakeAllThreads done
Event: 14.465 Executing VM operation: HandshakeAllThreads
Event: 14.465 Executing VM operation: HandshakeAllThreads done
Event: 14.527 Executing VM operation: G1CollectForAllocation
Event: 14.542 Executing VM operation: G1CollectForAllocation done
Event: 14.851 Executing VM operation: G1TryInitiateConcMark
Event: 14.879 Executing VM operation: G1TryInitiateConcMark done

Events (20 events):
Event: 15.451 loading class sun/reflect/generics/reflectiveObjects/GenericArrayTypeImpl
Event: 15.453 loading class sun/reflect/generics/reflectiveObjects/GenericArrayTypeImpl done
Event: 15.659 Thread 0x00000252116e0160 Thread added: 0x00000252116e0160
Event: 15.697 loading class java/lang/EnumBeanInfo
Event: 15.698 loading class java/lang/EnumBeanInfo done
Event: 15.698 loading class java/lang/EnumBeanInfo
Event: 15.698 loading class java/lang/EnumBeanInfo done
Event: 15.698 loading class java/lang/EnumCustomizer
Event: 15.699 loading class java/lang/EnumCustomizer done
Event: 15.700 loading class java/lang/EnumCustomizer
Event: 15.700 loading class java/lang/EnumCustomizer done
Event: 15.758 loading class jdk/internal/math/FDBigInteger
Event: 15.759 loading class jdk/internal/math/FDBigInteger done
Event: 15.779 loading class java/util/zip/GZIPOutputStream
Event: 15.780 loading class java/util/zip/GZIPOutputStream done
Event: 15.780 loading class java/util/zip/GZIPInputStream
Event: 15.781 loading class java/util/zip/GZIPInputStream done
Event: 15.790 loading class java/lang/ThreadLocal$SuppliedThreadLocal
Event: 15.791 loading class java/lang/ThreadLocal$SuppliedThreadLocal done
Event: 15.856 Thread 0x00000252116e3650 Thread added: 0x00000252116e3650


Dynamic libraries:
0x00007ff6abfb0000 - 0x00007ff6abfba000 	C:\Program Files\Android\Android Studio\jbr\bin\java.exe
0x00007fffb41f0000 - 0x00007fffb4404000 	C:\windows\SYSTEM32\ntdll.dll
0x00007fffb3820000 - 0x00007fffb38e4000 	C:\windows\System32\KERNEL32.DLL
0x00007fffb1a90000 - 0x00007fffb1e34000 	C:\windows\System32\KERNELBASE.dll
0x00007fffb17e0000 - 0x00007fffb18f1000 	C:\windows\System32\ucrtbase.dll
0x00007fffac3e0000 - 0x00007fffac3f7000 	C:\Program Files\Android\Android Studio\jbr\bin\jli.dll
0x00007fffac3c0000 - 0x00007fffac3db000 	C:\Program Files\Android\Android Studio\jbr\bin\VCRUNTIME140.dll
0x00007fffb1fb0000 - 0x00007fffb215a000 	C:\windows\System32\USER32.dll
0x00007fffb1690000 - 0x00007fffb16b6000 	C:\windows\System32\win32u.dll
0x00007fffb3210000 - 0x00007fffb3239000 	C:\windows\System32\GDI32.dll
0x00007fff8d2e0000 - 0x00007fff8d56f000 	C:\windows\WinSxS\amd64_microsoft.windows.common-controls_6595b64144ccf1df_6.0.22621.2070_none_2713e6537381f706\COMCTL32.dll
0x00007fffb16c0000 - 0x00007fffb17d9000 	C:\windows\System32\gdi32full.dll
0x00007fffb19f0000 - 0x00007fffb1a8a000 	C:\windows\System32\msvcp_win.dll
0x00007fffb2260000 - 0x00007fffb2307000 	C:\windows\System32\msvcrt.dll
0x00007fffb4170000 - 0x00007fffb41a1000 	C:\windows\System32\IMM32.DLL
0x00007fffac440000 - 0x00007fffac44c000 	C:\Program Files\Android\Android Studio\jbr\bin\vcruntime140_1.dll
0x00007fff91a80000 - 0x00007fff91b0d000 	C:\Program Files\Android\Android Studio\jbr\bin\msvcp140.dll
0x00007fff2f930000 - 0x00007fff3059d000 	C:\Program Files\Android\Android Studio\jbr\bin\server\jvm.dll
0x00007fffb3e60000 - 0x00007fffb3f10000 	C:\windows\System32\ADVAPI32.dll
0x00007fffb40a0000 - 0x00007fffb4146000 	C:\windows\System32\sechost.dll
0x00007fffb2eb0000 - 0x00007fffb2fc7000 	C:\windows\System32\RPCRT4.dll
0x00007fff82010000 - 0x00007fff82019000 	C:\windows\SYSTEM32\WSOCK32.dll
0x00007fffa6460000 - 0x00007fffa6494000 	C:\windows\SYSTEM32\WINMM.dll
0x00007fffb3d90000 - 0x00007fffb3e01000 	C:\windows\System32\WS2_32.dll
0x00007fffa6040000 - 0x00007fffa604a000 	C:\windows\SYSTEM32\VERSION.dll
0x00007fffb0590000 - 0x00007fffb05a8000 	C:\windows\SYSTEM32\kernel.appcore.dll
0x00007fff82000000 - 0x00007fff8200a000 	C:\Program Files\Android\Android Studio\jbr\bin\jimage.dll
0x00007fffaedf0000 - 0x00007fffaf01e000 	C:\windows\SYSTEM32\DBGHELP.DLL
0x00007fffb3a00000 - 0x00007fffb3d8a000 	C:\windows\System32\combase.dll
0x00007fffb2310000 - 0x00007fffb23e7000 	C:\windows\System32\OLEAUT32.dll
0x00007fff8d5a0000 - 0x00007fff8d5d2000 	C:\windows\SYSTEM32\dbgcore.DLL
0x00007fffb1900000 - 0x00007fffb197a000 	C:\windows\System32\bcryptPrimitives.dll
0x00007fff75290000 - 0x00007fff752b5000 	C:\Program Files\Android\Android Studio\jbr\bin\java.dll
0x00007fff78220000 - 0x00007fff78238000 	C:\Program Files\Android\Android Studio\jbr\bin\zip.dll
0x00007fffb2630000 - 0x00007fffb2e46000 	C:\windows\System32\SHELL32.dll
0x00007fffaf550000 - 0x00007fffafe3a000 	C:\windows\SYSTEM32\windows.storage.dll
0x00007fffaf410000 - 0x00007fffaf54e000 	C:\windows\SYSTEM32\wintypes.dll
0x00007fffb2160000 - 0x00007fffb2253000 	C:\windows\System32\SHCORE.dll
0x00007fffb3f10000 - 0x00007fffb3f6e000 	C:\windows\System32\shlwapi.dll
0x00007fffb1500000 - 0x00007fffb1526000 	C:\windows\SYSTEM32\profapi.dll
0x00007fff75270000 - 0x00007fff75289000 	C:\Program Files\Android\Android Studio\jbr\bin\net.dll
0x00007fffab650000 - 0x00007fffab787000 	C:\windows\SYSTEM32\WINHTTP.dll
0x00007fffb0a70000 - 0x00007fffb0ad9000 	C:\windows\system32\mswsock.dll
0x00007fff75250000 - 0x00007fff75266000 	C:\Program Files\Android\Android Studio\jbr\bin\nio.dll
0x00007fff75140000 - 0x00007fff75150000 	C:\Program Files\Android\Android Studio\jbr\bin\verify.dll
0x00007fffac450000 - 0x00007fffac477000 	C:\Users\vidye\.gradle\native\68d5fa5c4cc2d200863cafc0d521ce42e7d3e7ee720ec0a83991735586a16f82\windows-amd64\native-platform.dll
0x00007fff91710000 - 0x00007fff91854000 	C:\Users\vidye\.gradle\native\e376f236ea51e6404a007f0833ffe2c6e607c4080706a723a18a27aeea778392\windows-amd64\native-platform-file-events.dll
0x00007fff7be90000 - 0x00007fff7be99000 	C:\Program Files\Android\Android Studio\jbr\bin\management.dll
0x00007fff76790000 - 0x00007fff7679b000 	C:\Program Files\Android\Android Studio\jbr\bin\management_ext.dll
0x00007fffb38f0000 - 0x00007fffb38f8000 	C:\windows\System32\PSAPI.DLL
0x00007fffb0ce0000 - 0x00007fffb0cfb000 	C:\windows\SYSTEM32\CRYPTSP.dll
0x00007fffb0550000 - 0x00007fffb0585000 	C:\windows\system32\rsaenh.dll
0x00007fffb0b80000 - 0x00007fffb0bac000 	C:\windows\SYSTEM32\USERENV.dll
0x00007fffb0ea0000 - 0x00007fffb0ec8000 	C:\windows\SYSTEM32\bcrypt.dll
0x00007fffb0d00000 - 0x00007fffb0d0c000 	C:\windows\SYSTEM32\CRYPTBASE.dll
0x00007fffb00a0000 - 0x00007fffb00cd000 	C:\windows\SYSTEM32\IPHLPAPI.DLL
0x00007fffb3200000 - 0x00007fffb3209000 	C:\windows\System32\NSI.dll
0x00007fffa7190000 - 0x00007fffa71a9000 	C:\windows\SYSTEM32\dhcpcsvc6.DLL
0x00007fffa7140000 - 0x00007fffa715f000 	C:\windows\SYSTEM32\dhcpcsvc.DLL
0x00007fffb0110000 - 0x00007fffb0203000 	C:\windows\SYSTEM32\DNSAPI.dll
0x00007fff906c0000 - 0x00007fff906c8000 	C:\windows\system32\wshunix.dll

dbghelp: loaded successfully - version: 4.0.5 - missing functions: none
symbol engine: initialized successfully - sym options: 0x614 - pdb path: .;C:\Program Files\Android\Android Studio\jbr\bin;C:\windows\SYSTEM32;C:\windows\WinSxS\amd64_microsoft.windows.common-controls_6595b64144ccf1df_6.0.22621.2070_none_2713e6537381f706;C:\Program Files\Android\Android Studio\jbr\bin\server;C:\Users\vidye\.gradle\native\68d5fa5c4cc2d200863cafc0d521ce42e7d3e7ee720ec0a83991735586a16f82\windows-amd64;C:\Users\vidye\.gradle\native\e376f236ea51e6404a007f0833ffe2c6e607c4080706a723a18a27aeea778392\windows-amd64

VM Arguments:
jvm_args: --add-opens=java.base/java.util=ALL-UNNAMED --add-opens=java.base/java.lang=ALL-UNNAMED --add-opens=java.base/java.lang.invoke=ALL-UNNAMED --add-opens=java.prefs/java.util.prefs=ALL-UNNAMED --add-opens=java.base/java.nio.charset=ALL-UNNAMED --add-opens=java.base/java.net=ALL-UNNAMED --add-opens=java.base/java.util.concurrent.atomic=ALL-UNNAMED -Xmx2048m -Dfile.encoding=UTF-8 -Duser.country=IN -Duser.language=en -Duser.variant 
java_command: org.gradle.launcher.daemon.bootstrap.GradleDaemon 8.0
java_class_path (initial): C:\Users\vidye\.gradle\wrapper\dists\gradle-8.0-bin\ca5e32bp14vu59qr306oxotwh\gradle-8.0\lib\gradle-launcher-8.0.jar
Launcher Type: SUN_STANDARD

[Global flags]
     intx CICompilerCount                          = 4                                         {product} {ergonomic}
     uint ConcGCThreads                            = 3                                         {product} {ergonomic}
     uint G1ConcRefinementThreads                  = 10                                        {product} {ergonomic}
   size_t G1HeapRegionSize                         = 1048576                                   {product} {ergonomic}
    uintx GCDrainStackTargetSize                   = 64                                        {product} {ergonomic}
   size_t InitialHeapSize                          = 62914560                                  {product} {ergonomic}
   size_t MarkStackSize                            = 4194304                                   {product} {ergonomic}
   size_t MaxHeapSize                              = 2147483648                                {product} {command line}
   size_t MaxNewSize                               = 1287651328                                {product} {ergonomic}
   size_t MinHeapDeltaBytes                        = 1048576                                   {product} {ergonomic}
   size_t MinHeapSize                              = 8388608                                   {product} {ergonomic}
    uintx NonNMethodCodeHeapSize                   = 5839372                                {pd product} {ergonomic}
    uintx NonProfiledCodeHeapSize                  = 122909434                              {pd product} {ergonomic}
    uintx ProfiledCodeHeapSize                     = 122909434                              {pd product} {ergonomic}
    uintx ReservedCodeCacheSize                    = 251658240                              {pd product} {ergonomic}
     bool SegmentedCodeCache                       = true                                      {product} {ergonomic}
   size_t SoftMaxHeapSize                          = 2147483648                             {manageable} {ergonomic}
     bool UseCompressedClassPointers               = true                           {product lp64_product} {ergonomic}
     bool UseCompressedOops                        = true                           {product lp64_product} {ergonomic}
     bool UseG1GC                                  = true                                      {product} {ergonomic}
     bool UseLargePagesIndividualAllocation        = false                                  {pd product} {ergonomic}

Logging:
Log output configuration:
 #0: stdout all=warning uptime,level,tags
 #1: stderr all=off uptime,level,tags

Environment Variables:
JAVA_HOME=C:\Program Files\Java\jdk-19
PATH=C:\Program Files\Common Files\Oracle\Java\javapath;C:\windows\system32;C:\windows;C:\windows\System32\Wbem;C:\windows\System32\WindowsPowerShell\v1.0\;C:\Users\vidye\mingw64\bin;C:\Program Files\MySQL\MySQL Server 8.0\bin;C:\Program Files\Git\cmd;C:\Program Files\Java\jdk-19\bin;C:\Users\vidye\Downloads\apache-maven-3.9.1-bin\apache-maven-3.9.1\bin;C:\Program Files\nodejs\;C:\Users\vidye\AppData\Local\Programs\Python\Python310\Scripts\;C:\Users\vidye\AppData\Local\Programs\Python\Python310\;C:\Program Files\MySQL\MySQL Shell 8.0\bin\;C:\Users\vidye\AppData\Local\Microsoft\WindowsApps;C:\Users\vidye\AppData\Local\Programs\Microsoft VS Code\bin;C:\Users\vidye\Downloads\flutter_windows_3.3.10-stable\flutter\bin;;C:\Users\vidye\AppData\Local\JetBrains\IntelliJ IDEA Community Edition 2022.3.3\bin;;C:\Users\vidye\AppData\Roaming\npm
USERNAME=vidye
OS=Windows_NT
PROCESSOR_IDENTIFIER=Intel64 Family 6 Model 154 Stepping 4, GenuineIntel
TMP=C:\Users\vidye\AppData\Local\Temp
TEMP=C:\Users\vidye\AppData\Local\Temp



---------------  S Y S T E M  ---------------

OS:
 Windows 11 , 64 bit Build 22621 (10.0.22621.2070)
OS uptime: 0 days 2:56 hours
Hyper-V role detected

CPU: total 12 (initial active 12) (6 cores per cpu, 2 threads per core) family 6 model 154 stepping 4 microcode 0x423, cx8, cmov, fxsr, ht, mmx, 3dnowpref, sse, sse2, sse3, ssse3, sse4.1, sse4.2, popcnt, lzcnt, tsc, tscinvbit, avx, avx2, aes, erms, clmul, bmi1, bmi2, adx, sha, fma, vzeroupper, clflush, clflushopt, clwb, hv

Memory: 4k page, system-wide physical 3767M (3M free)
TotalPageFile size 15543M (AvailPageFile size 5M)
current process WorkingSet (physical memory assigned to process): 109M, peak: 137M
current process commit charge ("private bytes"): 285M, peak: 286M

vm_info: OpenJDK 64-Bit Server VM (17.0.6+0-b2043.56-9586694) for windows-amd64 JRE (17.0.6+0-b2043.56-9586694), built on Feb  9 2023 20:06:20 by "androidbuild" with MS VC++ 16.10 / 16.11 (VS2019)

END.
