#
# There is insufficient memory for the Java Runtime Environment to continue.
# Native memory allocation (malloc) failed to allocate 944080 bytes for Chunk::new
# Possible reasons:
#   The system is out of physical RAM or swap space
#   The process is running with CompressedOops enabled, and the Java Heap may be blocking the growth of the native heap
# Possible solutions:
#   Reduce memory load on the system
#   Increase physical memory or swap space
#   Check if swap backing store is full
#   Decrease Java heap size (-Xmx/-Xms)
#   Decrease number of Java threads
#   Decrease Java thread stack sizes (-Xss)
#   Set larger code cache with -XX:ReservedCodeCacheSize=
#   JVM is running with Unscaled Compressed Oops mode in which the Java heap is
#     placed in the first 4GB address space. The Java Heap base address is the
#     maximum limit for the native heap growth. Please use -XX:HeapBaseMinAddress
#     to set the Java Heap base and to place the Java Heap above 4GB virtual address.
# This output file may be truncated or incomplete.
#
#  Out of Memory Error (arena.cpp:189), pid=8688, tid=1436
#
# JRE version: OpenJDK Runtime Environment (17.0.6) (build 17.0.6+0-b2043.56-9586694)
# Java VM: OpenJDK 64-Bit Server VM (17.0.6+0-b2043.56-9586694, mixed mode, tiered, compressed oops, compressed class ptrs, g1 gc, windows-amd64)
# No core dump will be written. Minidumps are not enabled by default on client versions of Windows
#

---------------  S U M M A R Y ------------

Command Line: --add-opens=java.base/java.util=ALL-UNNAMED --add-opens=java.base/java.lang=ALL-UNNAMED --add-opens=java.base/java.lang.invoke=ALL-UNNAMED --add-opens=java.prefs/java.util.prefs=ALL-UNNAMED --add-opens=java.base/java.nio.charset=ALL-UNNAMED --add-opens=java.base/java.net=ALL-UNNAMED --add-opens=java.base/java.util.concurrent.atomic=ALL-UNNAMED -Xmx2048m -Dfile.encoding=UTF-8 -Duser.country=IN -Duser.language=en -Duser.variant org.gradle.launcher.daemon.bootstrap.GradleDaemon 8.0

Host: 12th Gen Intel(R) Core(TM) i5-1235U, 12 cores, 3G,  Windows 11 , 64 bit Build 22621 (10.0.22621.2070)
Time: Thu Aug 17 19:14:11 2023 India Standard Time elapsed time: 19.777505 seconds (0d 0h 0m 19s)

---------------  T H R E A D  ---------------

Current thread (0x00000293b484ed00):  JavaThread "C2 CompilerThread0" daemon [_thread_in_native, id=1436, stack(0x0000009a78d00000,0x0000009a78e00000)]


Current CompileTask:
C2:  19777 7817       4       jdk.internal.loader.URLClassPath$JarLoader$2::getBytes (48 bytes)

Stack: [0x0000009a78d00000,0x0000009a78e00000]
Native frames: (J=compiled Java code, j=interpreted, Vv=VM code, C=native code)
V  [jvm.dll+0x683b4a]
V  [jvm.dll+0x842654]
V  [jvm.dll+0x843dfe]
V  [jvm.dll+0x844463]
V  [jvm.dll+0x249b75]
V  [jvm.dll+0xabcac]
V  [jvm.dll+0xac27c]
V  [jvm.dll+0x368857]
V  [jvm.dll+0x1bd0b8]
V  [jvm.dll+0x21c359]
V  [jvm.dll+0x21b621]
V  [jvm.dll+0x1a4fdd]
V  [jvm.dll+0x22b098]
V  [jvm.dll+0x229159]
V  [jvm.dll+0x7f809c]
V  [jvm.dll+0x7f25fa]
V  [jvm.dll+0x682985]
C  [ucrtbase.dll+0x29363]
C  [KERNEL32.DLL+0x126ad]
C  [ntdll.dll+0x5aa68]


---------------  P R O C E S S  ---------------

Threads class SMR info:
_java_thread_list=0x00000293b701cbb0, length=168, elements={
0x0000029399baa6e0, 0x00000293b3b20970, 0x00000293b3b21cc0, 0x00000293b4806100,
0x00000293b4806cb0, 0x00000293b4844410, 0x00000293b4845470, 0x00000293b484ed00,
0x00000293b484f7a0, 0x00000293b4850930, 0x00000293b49d3d50, 0x00000293b49beab0,
0x00000293b6257260, 0x00000293b62f05f0, 0x00000293b5c68b00, 0x00000293b5a73510,
0x00000293b5a739e0, 0x00000293b63044a0, 0x00000293b54c0210, 0x00000293b54b1e40,
0x00000293b54b2310, 0x00000293b54b44c0, 0x00000293b54b4990, 0x00000293b54b27e0,
0x00000293b54b14a0, 0x00000293b54b2cb0, 0x00000293b54b3650, 0x00000293b54b3b20,
0x00000293b54b3ff0, 0x00000293b767d290, 0x00000293b767fde0, 0x00000293b76802b0,
0x00000293b7680c50, 0x00000293b7680780, 0x00000293b767d760, 0x00000293b767dc30,
0x00000293b767ef70, 0x00000293b767e100, 0x00000293b767f440, 0x00000293b767f910,
0x00000293b767e5d0, 0x00000293b767eaa0, 0x00000293b8cf0c10, 0x00000293b8cf3290,
0x00000293b8cee590, 0x00000293b8cedbf0, 0x00000293b8ced720, 0x00000293b8ceef30,
0x00000293b8cef8d0, 0x00000293b8cef400, 0x00000293b8cf1f50, 0x00000293b8cebf10,
0x00000293b8cefda0, 0x00000293b8cf15b0, 0x00000293b8cf0270, 0x00000293b8cf10e0,
0x00000293b8cf1a80, 0x00000293b8cf2dc0, 0x00000293b8cf3760, 0x00000293b8cec3e0,
0x00000293b9798df0, 0x00000293b979a600, 0x00000293b9797110, 0x00000293b9798450,
0x00000293b9796770, 0x00000293b979aad0, 0x00000293b97992c0, 0x00000293b9799c60,
0x00000293b9799790, 0x00000293b979d150, 0x00000293b979b940, 0x00000293b979dfc0,
0x00000293b979be10, 0x00000293b979a130, 0x00000293b979daf0, 0x00000293b9796c40,
0x00000293b9798920, 0x00000293b979b470, 0x00000293b97975e0, 0x00000293b9797ab0,
0x00000293b979c7b0, 0x00000293b979afa0, 0x00000293b979d620, 0x00000293b9797f80,
0x00000293b979c2e0, 0x00000293b979cc80, 0x00000293b8f5c9f0, 0x00000293b8f5e200,
0x00000293b8f5c050, 0x00000293b8f5b1e0, 0x00000293b8f5b6b0, 0x00000293b8f59500,
0x00000293b8f57cf0, 0x00000293b8f58b60, 0x00000293b8f5c520, 0x00000293b8f581c0,
0x00000293b8f57820, 0x00000293b8f5a840, 0x00000293b8f5bb80, 0x00000293b8f58690,
0x00000293b8f5cec0, 0x00000293b8f59030, 0x00000293b8f599d0, 0x00000293b8f5dd30,
0x00000293b8f5d390, 0x00000293b8f5d860, 0x00000293b8f59ea0, 0x00000293b8f5e6d0,
0x00000293b8f5a370, 0x00000293b8f5ad10, 0x00000293b8f5eba0, 0x00000293b8f5f070,
0x00000293b9a934b0, 0x00000293b9a92170, 0x00000293b9a99020, 0x00000293b9a94cc0,
0x00000293b9a95b30, 0x00000293b9a964d0, 0x00000293b9a96e70, 0x00000293b9a91ca0,
0x00000293b9a969a0, 0x00000293b9a96000, 0x00000293b9a97340, 0x00000293b9a97ce0,
0x00000293b9a93980, 0x00000293b9a95190, 0x00000293b9a93e50, 0x00000293b9a981b0,
0x00000293b9a94320, 0x00000293b9a947f0, 0x00000293b9a95660, 0x00000293b9a97810,
0x00000293b9a98680, 0x00000293b9a98b50, 0x00000293b9a92fe0, 0x00000293b9a994f0,
0x00000293b9a92640, 0x00000293b9a92b10, 0x00000293b959f730, 0x00000293b959d580,
0x00000293b959e8c0, 0x00000293b959c710, 0x00000293b95a0f40, 0x00000293b959c240,
0x00000293b95a0a70, 0x00000293b959ed90, 0x00000293b959fc00, 0x00000293b959aa30,
0x00000293b95a18e0, 0x00000293b959f260, 0x00000293b959df20, 0x00000293b95a00d0,
0x00000293b959da50, 0x00000293b95a05a0, 0x00000293b959e3f0, 0x00000293b959cbe0,
0x00000293b95a1410, 0x00000293b95a1db0, 0x00000293b959af00, 0x00000293b959d0b0,
0x00000293b95a2280, 0x00000293b959b3d0, 0x00000293b959b8a0, 0x00000293b959bd70,
0x00000293bace86b0, 0x00000293bace3e80, 0x00000293bacea390, 0x00000293bace5b60
}

Java Threads: ( => current thread )
  0x0000029399baa6e0 JavaThread "main" [_thread_blocked, id=4956, stack(0x0000009a78000000,0x0000009a78100000)]
  0x00000293b3b20970 JavaThread "Reference Handler" daemon [_thread_blocked, id=24788, stack(0x0000009a78700000,0x0000009a78800000)]
  0x00000293b3b21cc0 JavaThread "Finalizer" daemon [_thread_blocked, id=23592, stack(0x0000009a78800000,0x0000009a78900000)]
  0x00000293b4806100 JavaThread "Signal Dispatcher" daemon [_thread_blocked, id=16828, stack(0x0000009a78900000,0x0000009a78a00000)]
  0x00000293b4806cb0 JavaThread "Attach Listener" daemon [_thread_blocked, id=2820, stack(0x0000009a78a00000,0x0000009a78b00000)]
  0x00000293b4844410 JavaThread "Service Thread" daemon [_thread_blocked, id=8500, stack(0x0000009a78b00000,0x0000009a78c00000)]
  0x00000293b4845470 JavaThread "Monitor Deflation Thread" daemon [_thread_blocked, id=5868, stack(0x0000009a78c00000,0x0000009a78d00000)]
=>0x00000293b484ed00 JavaThread "C2 CompilerThread0" daemon [_thread_in_native, id=1436, stack(0x0000009a78d00000,0x0000009a78e00000)]
  0x00000293b484f7a0 JavaThread "C1 CompilerThread0" daemon [_thread_blocked, id=21396, stack(0x0000009a78e00000,0x0000009a78f00000)]
  0x00000293b4850930 JavaThread "Sweeper thread" daemon [_thread_blocked, id=26352, stack(0x0000009a78f00000,0x0000009a79000000)]
  0x00000293b49d3d50 JavaThread "Common-Cleaner" daemon [_thread_blocked, id=6408, stack(0x0000009a79000000,0x0000009a79100000)]
  0x00000293b49beab0 JavaThread "Notification Thread" daemon [_thread_blocked, id=15088, stack(0x0000009a79100000,0x0000009a79200000)]
  0x00000293b6257260 JavaThread "Daemon health stats" [_thread_blocked, id=5872, stack(0x0000009a79700000,0x0000009a79800000)]
  0x00000293b62f05f0 JavaThread "Incoming local TCP Connector on port 59789" [_thread_in_native, id=22740, stack(0x0000009a79b00000,0x0000009a79c00000)]
  0x00000293b5c68b00 JavaThread "Daemon periodic checks" [_thread_blocked, id=1060, stack(0x0000009a79c00000,0x0000009a79d00000)]
  0x00000293b5a73510 JavaThread "Daemon" [_thread_blocked, id=3892, stack(0x0000009a79d00000,0x0000009a79e00000)]
  0x00000293b5a739e0 JavaThread "Handler for socket connection from /127.0.0.1:59789 to /127.0.0.1:59790" [_thread_in_native, id=22636, stack(0x0000009a79e00000,0x0000009a79f00000)]
  0x00000293b63044a0 JavaThread "Cancel handler" [_thread_blocked, id=21204, stack(0x0000009a79f00000,0x0000009a7a000000)]
  0x00000293b54c0210 JavaThread "Daemon worker" [_thread_in_native, id=17324, stack(0x0000009a7a000000,0x0000009a7a100000)]
  0x00000293b54b1e40 JavaThread "Asynchronous log dispatcher for DefaultDaemonConnection: socket connection from /127.0.0.1:59789 to /127.0.0.1:59790" [_thread_blocked, id=16984, stack(0x0000009a7a100000,0x0000009a7a200000)]
  0x00000293b54b2310 JavaThread "Stdin handler" [_thread_blocked, id=11376, stack(0x0000009a7a200000,0x0000009a7a300000)]
  0x00000293b54b44c0 JavaThread "Daemon client event forwarder" [_thread_blocked, id=23444, stack(0x0000009a7a300000,0x0000009a7a400000)]
  0x00000293b54b4990 JavaThread "Cache worker for journal cache (C:\Users\vidye\.gradle\caches\journal-1)" [_thread_blocked, id=23044, stack(0x0000009a7a800000,0x0000009a7a900000)]
  0x00000293b54b27e0 JavaThread "File lock request listener" [_thread_in_native, id=17396, stack(0x0000009a7a900000,0x0000009a7aa00000)]
  0x00000293b54b14a0 JavaThread "Cache worker for file hash cache (C:\Users\vidye\.gradle\caches\8.0\fileHashes)" [_thread_blocked, id=25312, stack(0x0000009a7aa00000,0x0000009a7ab00000)]
  0x00000293b54b2cb0 JavaThread "File watcher server" daemon [_thread_in_native, id=22908, stack(0x0000009a7ab00000,0x0000009a7ac00000)]
  0x00000293b54b3650 JavaThread "File watcher consumer" daemon [_thread_blocked, id=26092, stack(0x0000009a7ac00000,0x0000009a7ad00000)]
  0x00000293b54b3b20 JavaThread "jar transforms" [_thread_blocked, id=10932, stack(0x0000009a7ad00000,0x0000009a7ae00000)]
  0x00000293b54b3ff0 JavaThread "jar transforms Thread 2" [_thread_blocked, id=26396, stack(0x0000009a7ae00000,0x0000009a7af00000)]
  0x00000293b767d290 JavaThread "jar transforms Thread 3" [_thread_blocked, id=23760, stack(0x0000009a7af00000,0x0000009a7b000000)]
  0x00000293b767fde0 JavaThread "jar transforms Thread 4" [_thread_blocked, id=10716, stack(0x0000009a7b000000,0x0000009a7b100000)]
  0x00000293b76802b0 JavaThread "jar transforms Thread 5" [_thread_blocked, id=23260, stack(0x0000009a7b100000,0x0000009a7b200000)]
  0x00000293b7680c50 JavaThread "jar transforms Thread 6" [_thread_blocked, id=25668, stack(0x0000009a7b200000,0x0000009a7b300000)]
  0x00000293b7680780 JavaThread "jar transforms Thread 7" [_thread_blocked, id=23956, stack(0x0000009a7b300000,0x0000009a7b400000)]
  0x00000293b767d760 JavaThread "jar transforms Thread 8" [_thread_blocked, id=12232, stack(0x0000009a7b400000,0x0000009a7b500000)]
  0x00000293b767dc30 JavaThread "jar transforms Thread 9" [_thread_blocked, id=2752, stack(0x0000009a7b500000,0x0000009a7b600000)]
  0x00000293b767ef70 JavaThread "jar transforms Thread 10" [_thread_blocked, id=5764, stack(0x0000009a7b600000,0x0000009a7b700000)]
  0x00000293b767e100 JavaThread "jar transforms Thread 11" [_thread_blocked, id=17080, stack(0x0000009a7b700000,0x0000009a7b800000)]
  0x00000293b767f440 JavaThread "jar transforms Thread 12" [_thread_blocked, id=23548, stack(0x0000009a7b800000,0x0000009a7b900000)]
  0x00000293b767f910 JavaThread "Cache worker for checksums cache (C:\Users\vidye\AndroidStudioProjects\Chatbot\.gradle\8.0\checksums)" [_thread_blocked, id=25368, stack(0x0000009a7b900000,0x0000009a7ba00000)]
  0x00000293b767e5d0 JavaThread "Cache worker for cache directory md-rule (C:\Users\vidye\.gradle\caches\8.0\md-rule)" [_thread_blocked, id=19560, stack(0x0000009a7ba00000,0x0000009a7bb00000)]
  0x00000293b767eaa0 JavaThread "Cache worker for file content cache (C:\Users\vidye\.gradle\caches\8.0\fileContent)" [_thread_blocked, id=10140, stack(0x0000009a7bb00000,0x0000009a7bc00000)]
  0x00000293b8cf0c10 JavaThread "Cache worker for file hash cache (C:\Users\vidye\AndroidStudioProjects\Chatbot\.gradle\8.0\fileHashes)" [_thread_blocked, id=26376, stack(0x0000009a7bc00000,0x0000009a7bd00000)]
  0x00000293b8cf3290 JavaThread "Cache worker for cache directory md-supplier (C:\Users\vidye\.gradle\caches\8.0\md-supplier)" [_thread_blocked, id=17692, stack(0x0000009a7bd00000,0x0000009a7be00000)]
  0x00000293b8cee590 JavaThread "Cache worker for execution history cache (C:\Users\vidye\.gradle\caches\8.0\executionHistory)" [_thread_blocked, id=19368, stack(0x0000009a7be00000,0x0000009a7bf00000)]
  0x00000293b8cedbf0 JavaThread "Cache worker for dependencies-accessors (C:\Users\vidye\AndroidStudioProjects\Chatbot\.gradle\8.0\dependencies-accessors)" [_thread_blocked, id=7412, stack(0x0000009a7bf00000,0x0000009a7c000000)]
  0x00000293b8ced720 JavaThread "Cache worker for Build Output Cleanup Cache (C:\Users\vidye\AndroidStudioProjects\Chatbot\.gradle\buildOutputCleanup)" [_thread_blocked, id=24288, stack(0x0000009a7c000000,0x0000009a7c100000)]
  0x00000293b8ceef30 JavaThread "Unconstrained build operations" [_thread_blocked, id=6284, stack(0x0000009a7c100000,0x0000009a7c200000)]
  0x00000293b8cef8d0 JavaThread "Unconstrained build operations Thread 2" [_thread_blocked, id=16848, stack(0x0000009a7c200000,0x0000009a7c300000)]
  0x00000293b8cef400 JavaThread "Unconstrained build operations Thread 3" [_thread_blocked, id=22808, stack(0x0000009a7c300000,0x0000009a7c400000)]
  0x00000293b8cf1f50 JavaThread "Unconstrained build operations Thread 4" [_thread_blocked, id=3108, stack(0x0000009a7c400000,0x0000009a7c500000)]
  0x00000293b8cebf10 JavaThread "Unconstrained build operations Thread 5" [_thread_blocked, id=13836, stack(0x0000009a7c500000,0x0000009a7c600000)]
  0x00000293b8cefda0 JavaThread "Unconstrained build operations Thread 6" [_thread_blocked, id=17556, stack(0x0000009a7c600000,0x0000009a7c700000)]
  0x00000293b8cf15b0 JavaThread "Unconstrained build operations Thread 7" [_thread_blocked, id=7548, stack(0x0000009a7c700000,0x0000009a7c800000)]
  0x00000293b8cf0270 JavaThread "Unconstrained build operations Thread 8" [_thread_blocked, id=22156, stack(0x0000009a7c800000,0x0000009a7c900000)]
  0x00000293b8cf10e0 JavaThread "Unconstrained build operations Thread 9" [_thread_blocked, id=15376, stack(0x0000009a7c900000,0x0000009a7ca00000)]
  0x00000293b8cf1a80 JavaThread "Unconstrained build operations Thread 10" [_thread_blocked, id=6556, stack(0x0000009a7ca00000,0x0000009a7cb00000)]
  0x00000293b8cf2dc0 JavaThread "Unconstrained build operations Thread 11" [_thread_blocked, id=23360, stack(0x0000009a7cb00000,0x0000009a7cc00000)]
  0x00000293b8cf3760 JavaThread "Unconstrained build operations Thread 12" [_thread_blocked, id=21384, stack(0x0000009a7cc00000,0x0000009a7cd00000)]
  0x00000293b8cec3e0 JavaThread "Unconstrained build operations Thread 13" [_thread_blocked, id=5128, stack(0x0000009a7cd00000,0x0000009a7ce00000)]
  0x00000293b9798df0 JavaThread "Unconstrained build operations Thread 14" [_thread_blocked, id=16836, stack(0x0000009a7ce00000,0x0000009a7cf00000)]
  0x00000293b979a600 JavaThread "Unconstrained build operations Thread 15" [_thread_blocked, id=25200, stack(0x0000009a7cf00000,0x0000009a7d000000)]
  0x00000293b9797110 JavaThread "Unconstrained build operations Thread 16" [_thread_blocked, id=16780, stack(0x0000009a7d000000,0x0000009a7d100000)]
  0x00000293b9798450 JavaThread "Unconstrained build operations Thread 17" [_thread_blocked, id=22172, stack(0x0000009a7d100000,0x0000009a7d200000)]
  0x00000293b9796770 JavaThread "Unconstrained build operations Thread 18" [_thread_blocked, id=24984, stack(0x0000009a7d200000,0x0000009a7d300000)]
  0x00000293b979aad0 JavaThread "Unconstrained build operations Thread 19" [_thread_blocked, id=24460, stack(0x0000009a7d300000,0x0000009a7d400000)]
  0x00000293b97992c0 JavaThread "Unconstrained build operations Thread 20" [_thread_blocked, id=6412, stack(0x0000009a7d400000,0x0000009a7d500000)]
  0x00000293b9799c60 JavaThread "Unconstrained build operations Thread 21" [_thread_blocked, id=17108, stack(0x0000009a7d500000,0x0000009a7d600000)]
  0x00000293b9799790 JavaThread "Unconstrained build operations Thread 22" [_thread_blocked, id=23864, stack(0x0000009a7d600000,0x0000009a7d700000)]
  0x00000293b979d150 JavaThread "Unconstrained build operations Thread 23" [_thread_blocked, id=25712, stack(0x0000009a7d700000,0x0000009a7d800000)]
  0x00000293b979b940 JavaThread "Unconstrained build operations Thread 24" [_thread_blocked, id=10924, stack(0x0000009a7d800000,0x0000009a7d900000)]
  0x00000293b979dfc0 JavaThread "Unconstrained build operations Thread 25" [_thread_blocked, id=9636, stack(0x0000009a7d900000,0x0000009a7da00000)]
  0x00000293b979be10 JavaThread "Unconstrained build operations Thread 26" [_thread_blocked, id=24868, stack(0x0000009a7da00000,0x0000009a7db00000)]
  0x00000293b979a130 JavaThread "Unconstrained build operations Thread 27" [_thread_blocked, id=21972, stack(0x0000009a7db00000,0x0000009a7dc00000)]
  0x00000293b979daf0 JavaThread "Unconstrained build operations Thread 28" [_thread_blocked, id=13728, stack(0x0000009a7dc00000,0x0000009a7dd00000)]
  0x00000293b9796c40 JavaThread "Unconstrained build operations Thread 29" [_thread_blocked, id=23180, stack(0x0000009a7dd00000,0x0000009a7de00000)]
  0x00000293b9798920 JavaThread "Unconstrained build operations Thread 30" [_thread_blocked, id=3388, stack(0x0000009a7de00000,0x0000009a7df00000)]
  0x00000293b979b470 JavaThread "Unconstrained build operations Thread 31" [_thread_blocked, id=10008, stack(0x0000009a7df00000,0x0000009a7e000000)]
  0x00000293b97975e0 JavaThread "Unconstrained build operations Thread 32" [_thread_blocked, id=22592, stack(0x0000009a7e000000,0x0000009a7e100000)]
  0x00000293b9797ab0 JavaThread "Unconstrained build operations Thread 33" [_thread_blocked, id=17496, stack(0x0000009a7e100000,0x0000009a7e200000)]
  0x00000293b979c7b0 JavaThread "Unconstrained build operations Thread 34" [_thread_blocked, id=22452, stack(0x0000009a7e200000,0x0000009a7e300000)]
  0x00000293b979afa0 JavaThread "Unconstrained build operations Thread 35" [_thread_blocked, id=16276, stack(0x0000009a7e300000,0x0000009a7e400000)]
  0x00000293b979d620 JavaThread "Unconstrained build operations Thread 36" [_thread_blocked, id=13476, stack(0x0000009a7e400000,0x0000009a7e500000)]
  0x00000293b9797f80 JavaThread "Unconstrained build operations Thread 37" [_thread_blocked, id=5076, stack(0x0000009a7e500000,0x0000009a7e600000)]
  0x00000293b979c2e0 JavaThread "Unconstrained build operations Thread 38" [_thread_blocked, id=22576, stack(0x0000009a7e600000,0x0000009a7e700000)]
  0x00000293b979cc80 JavaThread "Unconstrained build operations Thread 39" [_thread_blocked, id=24988, stack(0x0000009a7e700000,0x0000009a7e800000)]
  0x00000293b8f5c9f0 JavaThread "Unconstrained build operations Thread 40" [_thread_blocked, id=18936, stack(0x0000009a7e800000,0x0000009a7e900000)]
  0x00000293b8f5e200 JavaThread "Unconstrained build operations Thread 41" [_thread_blocked, id=25120, stack(0x0000009a7e900000,0x0000009a7ea00000)]
  0x00000293b8f5c050 JavaThread "Unconstrained build operations Thread 42" [_thread_blocked, id=2808, stack(0x0000009a7ea00000,0x0000009a7eb00000)]
  0x00000293b8f5b1e0 JavaThread "Unconstrained build operations Thread 43" [_thread_blocked, id=26552, stack(0x0000009a7eb00000,0x0000009a7ec00000)]
  0x00000293b8f5b6b0 JavaThread "Unconstrained build operations Thread 44" [_thread_blocked, id=10120, stack(0x0000009a7ec00000,0x0000009a7ed00000)]
  0x00000293b8f59500 JavaThread "Unconstrained build operations Thread 45" [_thread_blocked, id=16272, stack(0x0000009a7ed00000,0x0000009a7ee00000)]
  0x00000293b8f57cf0 JavaThread "Unconstrained build operations Thread 46" [_thread_blocked, id=17124, stack(0x0000009a7ee00000,0x0000009a7ef00000)]
  0x00000293b8f58b60 JavaThread "Unconstrained build operations Thread 47" [_thread_blocked, id=17616, stack(0x0000009a7ef00000,0x0000009a7f000000)]
  0x00000293b8f5c520 JavaThread "Unconstrained build operations Thread 48" [_thread_blocked, id=25224, stack(0x0000009a7f000000,0x0000009a7f100000)]
  0x00000293b8f581c0 JavaThread "Unconstrained build operations Thread 49" [_thread_blocked, id=18020, stack(0x0000009a7f100000,0x0000009a7f200000)]
  0x00000293b8f57820 JavaThread "Unconstrained build operations Thread 50" [_thread_blocked, id=24860, stack(0x0000009a7f200000,0x0000009a7f300000)]
  0x00000293b8f5a840 JavaThread "Unconstrained build operations Thread 51" [_thread_blocked, id=17560, stack(0x0000009a7f300000,0x0000009a7f400000)]
  0x00000293b8f5bb80 JavaThread "Unconstrained build operations Thread 52" [_thread_blocked, id=20364, stack(0x0000009a7f400000,0x0000009a7f500000)]
  0x00000293b8f58690 JavaThread "Unconstrained build operations Thread 53" [_thread_blocked, id=22788, stack(0x0000009a7f500000,0x0000009a7f600000)]
  0x00000293b8f5cec0 JavaThread "Unconstrained build operations Thread 54" [_thread_blocked, id=23664, stack(0x0000009a7f600000,0x0000009a7f700000)]
  0x00000293b8f59030 JavaThread "Unconstrained build operations Thread 55" [_thread_blocked, id=8924, stack(0x0000009a7f700000,0x0000009a7f800000)]
  0x00000293b8f599d0 JavaThread "Unconstrained build operations Thread 56" [_thread_blocked, id=11056, stack(0x0000009a7f800000,0x0000009a7f900000)]
  0x00000293b8f5dd30 JavaThread "Unconstrained build operations Thread 57" [_thread_blocked, id=9572, stack(0x0000009a7f900000,0x0000009a7fa00000)]
  0x00000293b8f5d390 JavaThread "Unconstrained build operations Thread 58" [_thread_blocked, id=23324, stack(0x0000009a7fa00000,0x0000009a7fb00000)]
  0x00000293b8f5d860 JavaThread "Unconstrained build operations Thread 59" [_thread_blocked, id=22584, stack(0x0000009a7fb00000,0x0000009a7fc00000)]
  0x00000293b8f59ea0 JavaThread "Unconstrained build operations Thread 60" [_thread_blocked, id=10576, stack(0x0000009a7fc00000,0x0000009a7fd00000)]
  0x00000293b8f5e6d0 JavaThread "Unconstrained build operations Thread 61" [_thread_blocked, id=8552, stack(0x0000009a7fd00000,0x0000009a7fe00000)]
  0x00000293b8f5a370 JavaThread "Unconstrained build operations Thread 62" [_thread_blocked, id=16428, stack(0x0000009a7fe00000,0x0000009a7ff00000)]
  0x00000293b8f5ad10 JavaThread "Unconstrained build operations Thread 63" [_thread_blocked, id=16256, stack(0x0000009a7ff00000,0x0000009a80000000)]
  0x00000293b8f5eba0 JavaThread "Unconstrained build operations Thread 64" [_thread_blocked, id=11184, stack(0x0000009a00000000,0x0000009a00100000)]
  0x00000293b8f5f070 JavaThread "Unconstrained build operations Thread 65" [_thread_blocked, id=8764, stack(0x0000009a00100000,0x0000009a00200000)]
  0x00000293b9a934b0 JavaThread "Unconstrained build operations Thread 66" [_thread_blocked, id=12660, stack(0x0000009a00200000,0x0000009a00300000)]
  0x00000293b9a92170 JavaThread "Unconstrained build operations Thread 67" [_thread_blocked, id=16872, stack(0x0000009a00300000,0x0000009a00400000)]
  0x00000293b9a99020 JavaThread "Unconstrained build operations Thread 68" [_thread_blocked, id=25316, stack(0x0000009a00400000,0x0000009a00500000)]
  0x00000293b9a94cc0 JavaThread "Unconstrained build operations Thread 69" [_thread_blocked, id=23512, stack(0x0000009a00500000,0x0000009a00600000)]
  0x00000293b9a95b30 JavaThread "Unconstrained build operations Thread 70" [_thread_blocked, id=24552, stack(0x0000009a00600000,0x0000009a00700000)]
  0x00000293b9a964d0 JavaThread "Unconstrained build operations Thread 71" [_thread_blocked, id=12672, stack(0x0000009a00700000,0x0000009a00800000)]
  0x00000293b9a96e70 JavaThread "Unconstrained build operations Thread 72" [_thread_blocked, id=24252, stack(0x0000009a00800000,0x0000009a00900000)]
  0x00000293b9a91ca0 JavaThread "Unconstrained build operations Thread 73" [_thread_blocked, id=22688, stack(0x0000009a00900000,0x0000009a00a00000)]
  0x00000293b9a969a0 JavaThread "Unconstrained build operations Thread 74" [_thread_blocked, id=24780, stack(0x0000009a00a00000,0x0000009a00b00000)]
  0x00000293b9a96000 JavaThread "Unconstrained build operations Thread 75" [_thread_blocked, id=20360, stack(0x0000009a00b00000,0x0000009a00c00000)]
  0x00000293b9a97340 JavaThread "Unconstrained build operations Thread 76" [_thread_blocked, id=22976, stack(0x0000009a00c00000,0x0000009a00d00000)]
  0x00000293b9a97ce0 JavaThread "Unconstrained build operations Thread 77" [_thread_blocked, id=21172, stack(0x0000009a00d00000,0x0000009a00e00000)]
  0x00000293b9a93980 JavaThread "Unconstrained build operations Thread 78" [_thread_blocked, id=25028, stack(0x0000009a00e00000,0x0000009a00f00000)]
  0x00000293b9a95190 JavaThread "Unconstrained build operations Thread 79" [_thread_blocked, id=19496, stack(0x0000009a00f00000,0x0000009a01000000)]
  0x00000293b9a93e50 JavaThread "Unconstrained build operations Thread 80" [_thread_blocked, id=26360, stack(0x0000009a01000000,0x0000009a01100000)]
  0x00000293b9a981b0 JavaThread "Unconstrained build operations Thread 81" [_thread_blocked, id=24764, stack(0x0000009a01100000,0x0000009a01200000)]
  0x00000293b9a94320 JavaThread "Unconstrained build operations Thread 82" [_thread_blocked, id=17772, stack(0x0000009a01200000,0x0000009a01300000)]
  0x00000293b9a947f0 JavaThread "Unconstrained build operations Thread 83" [_thread_blocked, id=13256, stack(0x0000009a01300000,0x0000009a01400000)]
  0x00000293b9a95660 JavaThread "Unconstrained build operations Thread 84" [_thread_blocked, id=3404, stack(0x0000009a01400000,0x0000009a01500000)]
  0x00000293b9a97810 JavaThread "Unconstrained build operations Thread 85" [_thread_blocked, id=17924, stack(0x0000009a01500000,0x0000009a01600000)]
  0x00000293b9a98680 JavaThread "Unconstrained build operations Thread 86" [_thread_blocked, id=14780, stack(0x0000009a01600000,0x0000009a01700000)]
  0x00000293b9a98b50 JavaThread "Unconstrained build operations Thread 87" [_thread_blocked, id=17648, stack(0x0000009a01700000,0x0000009a01800000)]
  0x00000293b9a92fe0 JavaThread "Unconstrained build operations Thread 88" [_thread_blocked, id=25664, stack(0x0000009a01800000,0x0000009a01900000)]
  0x00000293b9a994f0 JavaThread "Unconstrained build operations Thread 89" [_thread_blocked, id=16924, stack(0x0000009a01900000,0x0000009a01a00000)]
  0x00000293b9a92640 JavaThread "Unconstrained build operations Thread 90" [_thread_blocked, id=12484, stack(0x0000009a01a00000,0x0000009a01b00000)]
  0x00000293b9a92b10 JavaThread "Unconstrained build operations Thread 91" [_thread_blocked, id=7036, stack(0x0000009a01b00000,0x0000009a01c00000)]
  0x00000293b959f730 JavaThread "Unconstrained build operations Thread 92" [_thread_blocked, id=6052, stack(0x0000009a01c00000,0x0000009a01d00000)]
  0x00000293b959d580 JavaThread "Unconstrained build operations Thread 93" [_thread_blocked, id=17612, stack(0x0000009a01d00000,0x0000009a01e00000)]
  0x00000293b959e8c0 JavaThread "Unconstrained build operations Thread 94" [_thread_blocked, id=14452, stack(0x0000009a01e00000,0x0000009a01f00000)]
  0x00000293b959c710 JavaThread "Unconstrained build operations Thread 95" [_thread_blocked, id=8084, stack(0x0000009a01f00000,0x0000009a02000000)]
  0x00000293b95a0f40 JavaThread "Unconstrained build operations Thread 96" [_thread_blocked, id=23320, stack(0x0000009a02000000,0x0000009a02100000)]
  0x00000293b959c240 JavaThread "Unconstrained build operations Thread 97" [_thread_blocked, id=11516, stack(0x0000009a02100000,0x0000009a02200000)]
  0x00000293b95a0a70 JavaThread "Unconstrained build operations Thread 98" [_thread_blocked, id=17328, stack(0x0000009a02200000,0x0000009a02300000)]
  0x00000293b959ed90 JavaThread "Unconstrained build operations Thread 99" [_thread_blocked, id=1304, stack(0x0000009a02300000,0x0000009a02400000)]
  0x00000293b959fc00 JavaThread "Unconstrained build operations Thread 100" [_thread_blocked, id=11724, stack(0x0000009a02400000,0x0000009a02500000)]
  0x00000293b959aa30 JavaThread "Unconstrained build operations Thread 101" [_thread_blocked, id=26208, stack(0x0000009a02500000,0x0000009a02600000)]
  0x00000293b95a18e0 JavaThread "Unconstrained build operations Thread 102" [_thread_blocked, id=24348, stack(0x0000009a02600000,0x0000009a02700000)]
  0x00000293b959f260 JavaThread "Unconstrained build operations Thread 103" [_thread_blocked, id=22120, stack(0x0000009a02700000,0x0000009a02800000)]
  0x00000293b959df20 JavaThread "Unconstrained build operations Thread 104" [_thread_blocked, id=780, stack(0x0000009a02800000,0x0000009a02900000)]
  0x00000293b95a00d0 JavaThread "Unconstrained build operations Thread 105" [_thread_blocked, id=1908, stack(0x0000009a02900000,0x0000009a02a00000)]
  0x00000293b959da50 JavaThread "Unconstrained build operations Thread 106" [_thread_blocked, id=11952, stack(0x0000009a02a00000,0x0000009a02b00000)]
  0x00000293b95a05a0 JavaThread "Unconstrained build operations Thread 107" [_thread_blocked, id=16516, stack(0x0000009a02b00000,0x0000009a02c00000)]
  0x00000293b959e3f0 JavaThread "Unconstrained build operations Thread 108" [_thread_blocked, id=2356, stack(0x0000009a02c00000,0x0000009a02d00000)]
  0x00000293b959cbe0 JavaThread "Unconstrained build operations Thread 109" [_thread_blocked, id=20148, stack(0x0000009a02d00000,0x0000009a02e00000)]
  0x00000293b95a1410 JavaThread "Unconstrained build operations Thread 110" [_thread_blocked, id=25628, stack(0x0000009a02e00000,0x0000009a02f00000)]
  0x00000293b95a1db0 JavaThread "Unconstrained build operations Thread 111" [_thread_blocked, id=21232, stack(0x0000009a02f00000,0x0000009a03000000)]
  0x00000293b959af00 JavaThread "Unconstrained build operations Thread 112" [_thread_blocked, id=17524, stack(0x0000009a03000000,0x0000009a03100000)]
  0x00000293b959d0b0 JavaThread "Unconstrained build operations Thread 113" [_thread_blocked, id=13868, stack(0x0000009a03100000,0x0000009a03200000)]
  0x00000293b95a2280 JavaThread "Unconstrained build operations Thread 114" [_thread_blocked, id=2100, stack(0x0000009a03200000,0x0000009a03300000)]
  0x00000293b959b3d0 JavaThread "Unconstrained build operations Thread 115" [_thread_blocked, id=25856, stack(0x0000009a03300000,0x0000009a03400000)]
  0x00000293b959b8a0 JavaThread "Unconstrained build operations Thread 116" [_thread_blocked, id=20448, stack(0x0000009a03400000,0x0000009a03500000)]
  0x00000293b959bd70 JavaThread "Unconstrained build operations Thread 117" [_thread_blocked, id=5620, stack(0x0000009a03500000,0x0000009a03600000)]
  0x00000293bace86b0 JavaThread "Unconstrained build operations Thread 118" [_thread_blocked, id=23348, stack(0x0000009a03600000,0x0000009a03700000)]
  0x00000293bace3e80 JavaThread "Unconstrained build operations Thread 119" [_thread_blocked, id=24372, stack(0x0000009a03700000,0x0000009a03800000)]
  0x00000293bacea390 JavaThread "Unconstrained build operations Thread 120" [_thread_blocked, id=23920, stack(0x0000009a03800000,0x0000009a03900000)]
  0x00000293bace5b60 JavaThread "Memory manager" [_thread_blocked, id=26448, stack(0x0000009a03900000,0x0000009a03a00000)]

Other Threads:
  0x00000293b3b1b300 VMThread "VM Thread" [stack: 0x0000009a78600000,0x0000009a78700000] [id=16116]
  0x00000293b49e6300 WatcherThread [stack: 0x0000009a79200000,0x0000009a79300000] [id=20800]
  0x0000029399c04670 GCTaskThread "GC Thread#0" [stack: 0x0000009a78100000,0x0000009a78200000] [id=20556]
  0x00000293b5605780 GCTaskThread "GC Thread#1" [stack: 0x0000009a79300000,0x0000009a79400000] [id=11744]
  0x00000293b4f0a820 GCTaskThread "GC Thread#2" [stack: 0x0000009a79400000,0x0000009a79500000] [id=25476]
  0x00000293b536b6e0 GCTaskThread "GC Thread#3" [stack: 0x0000009a79500000,0x0000009a79600000] [id=10692]
  0x00000293b53c1610 GCTaskThread "GC Thread#4" [stack: 0x0000009a79600000,0x0000009a79700000] [id=14436]
  0x00000293b6252f00 GCTaskThread "GC Thread#5" [stack: 0x0000009a79800000,0x0000009a79900000] [id=20884]
  0x00000293b5ec3ca0 GCTaskThread "GC Thread#6" [stack: 0x0000009a79900000,0x0000009a79a00000] [id=26160]
  0x00000293b5a03620 GCTaskThread "GC Thread#7" [stack: 0x0000009a79a00000,0x0000009a79b00000] [id=18012]
  0x00000293b54aca40 GCTaskThread "GC Thread#8" [stack: 0x0000009a7a400000,0x0000009a7a500000] [id=24904]
  0x00000293b5facad0 GCTaskThread "GC Thread#9" [stack: 0x0000009a7a500000,0x0000009a7a600000] [id=2644]
  0x0000029399c155b0 ConcurrentGCThread "G1 Main Marker" [stack: 0x0000009a78200000,0x0000009a78300000] [id=10392]
  0x0000029399c17130 ConcurrentGCThread "G1 Conc#0" [stack: 0x0000009a78300000,0x0000009a78400000] [id=22884]
  0x00000293b4e146b0 ConcurrentGCThread "G1 Conc#1" [stack: 0x0000009a7a600000,0x0000009a7a700000] [id=5404]
  0x00000293b61ff9a0 ConcurrentGCThread "G1 Conc#2" [stack: 0x0000009a7a700000,0x0000009a7a800000] [id=19772]
  0x0000029399c5dc40 ConcurrentGCThread "G1 Refine#0" [stack: 0x0000009a78400000,0x0000009a78500000] [id=2016]
  0x0000029399c5e500 ConcurrentGCThread "G1 Service" [stack: 0x0000009a78500000,0x0000009a78600000] [id=26204]

Threads with active compile tasks:
C2 CompilerThread0    19847 7817       4       jdk.internal.loader.URLClassPath$JarLoader$2::getBytes (48 bytes)

VM state: not at safepoint (normal execution)

VM Mutex/Monitor currently owned by a thread: None

Heap address: 0x0000000080000000, size: 2048 MB, Compressed Oops mode: 32-bit

CDS archive(s) not mapped
Compressed class space mapped at: 0x0000000100000000-0x0000000140000000, reserved size: 1073741824
Narrow klass base: 0x0000000000000000, Narrow klass shift: 3, Narrow klass range: 0x140000000

GC Precious Log:
 CPUs: 12 total, 12 available
 Memory: 3767M
 Large Page Support: Disabled
 NUMA Support: Disabled
 Compressed Oops: Enabled (32-bit)
 Heap Region Size: 1M
 Heap Min Capacity: 8M
 Heap Initial Capacity: 60M
 Heap Max Capacity: 2G
 Pre-touch: Disabled
 Parallel Workers: 10
 Concurrent Workers: 3
 Concurrent Refinement Workers: 10
 Periodic GC: Disabled

Heap:
 garbage-first heap   total 224256K, used 149509K [0x0000000080000000, 0x0000000100000000)
  region size 1024K, 21 young (21504K), 2 survivors (2048K)
 Metaspace       used 72689K, committed 73344K, reserved 1114112K
  class space    used 9571K, committed 9856K, reserved 1048576K

Heap Regions: E=young(eden), S=young(survivor), O=old, HS=humongous(starts), HC=humongous(continues), CS=collection set, F=free, OA=open archive, CA=closed archive, TAMS=top-at-mark-start (previous, next)
|   0|0x0000000080000000, 0x0000000080100000, 0x0000000080100000|100%|HS|  |TAMS 0x0000000080100000, 0x0000000080000000| Complete 
|   1|0x0000000080100000, 0x0000000080200000, 0x0000000080200000|100%|HC|  |TAMS 0x0000000080200000, 0x0000000080100000| Complete 
|   2|0x0000000080200000, 0x0000000080300000, 0x0000000080300000|100%|HC|  |TAMS 0x0000000080300000, 0x0000000080200000| Complete 
|   3|0x0000000080300000, 0x0000000080400000, 0x0000000080400000|100%|HC|  |TAMS 0x0000000080400000, 0x0000000080300000| Complete 
|   4|0x0000000080400000, 0x0000000080500000, 0x0000000080500000|100%| O|  |TAMS 0x0000000080500000, 0x0000000080400000| Untracked 
|   5|0x0000000080500000, 0x0000000080600000, 0x0000000080600000|100%| O|  |TAMS 0x0000000080600000, 0x0000000080500000| Untracked 
|   6|0x0000000080600000, 0x0000000080700000, 0x0000000080700000|100%| O|  |TAMS 0x0000000080700000, 0x0000000080600000| Untracked 
|   7|0x0000000080700000, 0x0000000080800000, 0x0000000080800000|100%| O|  |TAMS 0x0000000080800000, 0x0000000080700000| Untracked 
|   8|0x0000000080800000, 0x0000000080900000, 0x0000000080900000|100%| O|  |TAMS 0x0000000080900000, 0x0000000080800000| Untracked 
|   9|0x0000000080900000, 0x0000000080a00000, 0x0000000080a00000|100%| O|  |TAMS 0x0000000080a00000, 0x0000000080900000| Untracked 
|  10|0x0000000080a00000, 0x0000000080b00000, 0x0000000080b00000|100%| O|  |TAMS 0x0000000080b00000, 0x0000000080a00000| Untracked 
|  11|0x0000000080b00000, 0x0000000080c00000, 0x0000000080c00000|100%| O|  |TAMS 0x0000000080c00000, 0x0000000080b00000| Untracked 
|  12|0x0000000080c00000, 0x0000000080d00000, 0x0000000080d00000|100%| O|  |TAMS 0x0000000080d00000, 0x0000000080c00000| Untracked 
|  13|0x0000000080d00000, 0x0000000080e00000, 0x0000000080e00000|100%| O|  |TAMS 0x0000000080e00000, 0x0000000080d00000| Untracked 
|  14|0x0000000080e00000, 0x0000000080f00000, 0x0000000080f00000|100%| O|  |TAMS 0x0000000080f00000, 0x0000000080e00000| Untracked 
|  15|0x0000000080f00000, 0x0000000081000000, 0x0000000081000000|100%| O|  |TAMS 0x0000000081000000, 0x0000000080f00000| Untracked 
|  16|0x0000000081000000, 0x0000000081100000, 0x0000000081100000|100%| O|  |TAMS 0x0000000081100000, 0x0000000081000000| Untracked 
|  17|0x0000000081100000, 0x0000000081200000, 0x0000000081200000|100%| O|  |TAMS 0x0000000081200000, 0x0000000081100000| Untracked 
|  18|0x0000000081200000, 0x0000000081300000, 0x0000000081300000|100%| O|  |TAMS 0x0000000081300000, 0x0000000081200000| Untracked 
|  19|0x0000000081300000, 0x0000000081400000, 0x0000000081400000|100%|HS|  |TAMS 0x0000000081400000, 0x0000000081300000| Complete 
|  20|0x0000000081400000, 0x0000000081500000, 0x0000000081500000|100%|HC|  |TAMS 0x0000000081500000, 0x0000000081400000| Complete 
|  21|0x0000000081500000, 0x0000000081600000, 0x0000000081600000|100%|HS|  |TAMS 0x0000000081600000, 0x0000000081500000| Complete 
|  22|0x0000000081600000, 0x0000000081700000, 0x0000000081700000|100%|HC|  |TAMS 0x0000000081700000, 0x0000000081600000| Complete 
|  23|0x0000000081700000, 0x0000000081800000, 0x0000000081800000|100%|HC|  |TAMS 0x0000000081800000, 0x0000000081700000| Complete 
|  24|0x0000000081800000, 0x0000000081900000, 0x0000000081900000|100%|HS|  |TAMS 0x0000000081900000, 0x0000000081800000| Complete 
|  25|0x0000000081900000, 0x0000000081a00000, 0x0000000081a00000|100%|HC|  |TAMS 0x0000000081a00000, 0x0000000081900000| Complete 
|  26|0x0000000081a00000, 0x0000000081b00000, 0x0000000081b00000|100%|HC|  |TAMS 0x0000000081b00000, 0x0000000081a00000| Complete 
|  27|0x0000000081b00000, 0x0000000081c00000, 0x0000000081c00000|100%| O|  |TAMS 0x0000000081c00000, 0x0000000081b00000| Untracked 
|  28|0x0000000081c00000, 0x0000000081d00000, 0x0000000081d00000|100%|HS|  |TAMS 0x0000000081d00000, 0x0000000081c00000| Complete 
|  29|0x0000000081d00000, 0x0000000081e00000, 0x0000000081e00000|100%|HC|  |TAMS 0x0000000081e00000, 0x0000000081d00000| Complete 
|  30|0x0000000081e00000, 0x0000000081f00000, 0x0000000081f00000|100%| O|  |TAMS 0x0000000081f00000, 0x0000000081e00000| Untracked 
|  31|0x0000000081f00000, 0x0000000082000000, 0x0000000082000000|100%| O|  |TAMS 0x0000000082000000, 0x0000000081f00000| Untracked 
|  32|0x0000000082000000, 0x0000000082100000, 0x0000000082100000|100%| O|  |TAMS 0x0000000082100000, 0x0000000082000000| Untracked 
|  33|0x0000000082100000, 0x0000000082200000, 0x0000000082200000|100%| O|  |TAMS 0x0000000082200000, 0x0000000082100000| Untracked 
|  34|0x0000000082200000, 0x0000000082300000, 0x0000000082300000|100%|HS|  |TAMS 0x0000000082300000, 0x0000000082200000| Complete 
|  35|0x0000000082300000, 0x0000000082400000, 0x0000000082400000|100%|HC|  |TAMS 0x0000000082400000, 0x0000000082300000| Complete 
|  36|0x0000000082400000, 0x0000000082500000, 0x0000000082500000|100%|HC|  |TAMS 0x0000000082500000, 0x0000000082400000| Complete 
|  37|0x0000000082500000, 0x0000000082600000, 0x0000000082600000|100%|HC|  |TAMS 0x0000000082600000, 0x0000000082500000| Complete 
|  38|0x0000000082600000, 0x0000000082700000, 0x0000000082700000|100%|HC|  |TAMS 0x0000000082700000, 0x0000000082600000| Complete 
|  39|0x0000000082700000, 0x0000000082800000, 0x0000000082800000|100%|HC|  |TAMS 0x0000000082800000, 0x0000000082700000| Complete 
|  40|0x0000000082800000, 0x0000000082900000, 0x0000000082900000|100%|HC|  |TAMS 0x0000000082900000, 0x0000000082800000| Complete 
|  41|0x0000000082900000, 0x0000000082a00000, 0x0000000082a00000|100%|HC|  |TAMS 0x0000000082a00000, 0x0000000082900000| Complete 
|  42|0x0000000082a00000, 0x0000000082b00000, 0x0000000082b00000|100%|HC|  |TAMS 0x0000000082b00000, 0x0000000082a00000| Complete 
|  43|0x0000000082b00000, 0x0000000082c00000, 0x0000000082c00000|100%|HC|  |TAMS 0x0000000082c00000, 0x0000000082b00000| Complete 
|  44|0x0000000082c00000, 0x0000000082d00000, 0x0000000082d00000|100%|HS|  |TAMS 0x0000000082d00000, 0x0000000082c00000| Complete 
|  45|0x0000000082d00000, 0x0000000082e00000, 0x0000000082e00000|100%|HC|  |TAMS 0x0000000082e00000, 0x0000000082d00000| Complete 
|  46|0x0000000082e00000, 0x0000000082f00000, 0x0000000082f00000|100%|HS|  |TAMS 0x0000000082f00000, 0x0000000082e00000| Complete 
|  47|0x0000000082f00000, 0x0000000083000000, 0x0000000083000000|100%|HC|  |TAMS 0x0000000083000000, 0x0000000082f00000| Complete 
|  48|0x0000000083000000, 0x0000000083100000, 0x0000000083100000|100%|HC|  |TAMS 0x0000000083100000, 0x0000000083000000| Complete 
|  49|0x0000000083100000, 0x0000000083200000, 0x0000000083200000|100%|HC|  |TAMS 0x0000000083200000, 0x0000000083100000| Complete 
|  50|0x0000000083200000, 0x0000000083300000, 0x0000000083300000|100%|HC|  |TAMS 0x0000000083300000, 0x0000000083200000| Complete 
|  51|0x0000000083300000, 0x0000000083400000, 0x0000000083400000|100%|HC|  |TAMS 0x0000000083400000, 0x0000000083300000| Complete 
|  52|0x0000000083400000, 0x0000000083500000, 0x0000000083500000|100%|HS|  |TAMS 0x0000000083500000, 0x0000000083400000| Complete 
|  53|0x0000000083500000, 0x0000000083600000, 0x0000000083600000|100%| O|  |TAMS 0x0000000083600000, 0x0000000083500000| Untracked 
|  54|0x0000000083600000, 0x0000000083700000, 0x0000000083700000|100%| O|  |TAMS 0x0000000083700000, 0x0000000083600000| Untracked 
|  55|0x0000000083700000, 0x0000000083800000, 0x0000000083800000|100%| O|  |TAMS 0x0000000083800000, 0x0000000083700000| Untracked 
|  56|0x0000000083800000, 0x0000000083900000, 0x0000000083900000|100%| O|  |TAMS 0x0000000083900000, 0x0000000083800000| Untracked 
|  57|0x0000000083900000, 0x0000000083a00000, 0x0000000083a00000|100%| O|  |TAMS 0x0000000083a00000, 0x0000000083900000| Untracked 
|  58|0x0000000083a00000, 0x0000000083b00000, 0x0000000083b00000|100%| O|  |TAMS 0x0000000083b00000, 0x0000000083a00000| Untracked 
|  59|0x0000000083b00000, 0x0000000083c00000, 0x0000000083c00000|100%| O|  |TAMS 0x0000000083c00000, 0x0000000083b00000| Untracked 
|  60|0x0000000083c00000, 0x0000000083d00000, 0x0000000083d00000|100%| O|  |TAMS 0x0000000083d00000, 0x0000000083c00000| Untracked 
|  61|0x0000000083d00000, 0x0000000083e00000, 0x0000000083e00000|100%| O|  |TAMS 0x0000000083e00000, 0x0000000083d00000| Untracked 
|  62|0x0000000083e00000, 0x0000000083f00000, 0x0000000083f00000|100%| O|  |TAMS 0x0000000083f00000, 0x0000000083e00000| Untracked 
|  63|0x0000000083f00000, 0x0000000084000000, 0x0000000084000000|100%| O|  |TAMS 0x0000000084000000, 0x0000000083f00000| Untracked 
|  64|0x0000000084000000, 0x0000000084100000, 0x0000000084100000|100%| O|  |TAMS 0x0000000084100000, 0x0000000084000000| Untracked 
|  65|0x0000000084100000, 0x0000000084200000, 0x0000000084200000|100%|HS|  |TAMS 0x0000000084200000, 0x0000000084100000| Complete 
|  66|0x0000000084200000, 0x0000000084300000, 0x0000000084300000|100%|HC|  |TAMS 0x0000000084300000, 0x0000000084200000| Complete 
|  67|0x0000000084300000, 0x0000000084400000, 0x0000000084400000|100%|HC|  |TAMS 0x0000000084400000, 0x0000000084300000| Complete 
|  68|0x0000000084400000, 0x0000000084500000, 0x0000000084500000|100%|HC|  |TAMS 0x0000000084500000, 0x0000000084400000| Complete 
|  69|0x0000000084500000, 0x0000000084600000, 0x0000000084600000|100%|HC|  |TAMS 0x0000000084600000, 0x0000000084500000| Complete 
|  70|0x0000000084600000, 0x0000000084700000, 0x0000000084700000|100%|HC|  |TAMS 0x0000000084700000, 0x0000000084600000| Complete 
|  71|0x0000000084700000, 0x0000000084800000, 0x0000000084800000|100%|HC|  |TAMS 0x0000000084800000, 0x0000000084700000| Complete 
|  72|0x0000000084800000, 0x0000000084900000, 0x0000000084900000|100%|HC|  |TAMS 0x0000000084900000, 0x0000000084800000| Complete 
|  73|0x0000000084900000, 0x0000000084a00000, 0x0000000084a00000|100%|HC|  |TAMS 0x0000000084a00000, 0x0000000084900000| Complete 
|  74|0x0000000084a00000, 0x0000000084b00000, 0x0000000084b00000|100%|HC|  |TAMS 0x0000000084b00000, 0x0000000084a00000| Complete 
|  75|0x0000000084b00000, 0x0000000084c00000, 0x0000000084c00000|100%|HC|  |TAMS 0x0000000084c00000, 0x0000000084b00000| Complete 
|  76|0x0000000084c00000, 0x0000000084d00000, 0x0000000084d00000|100%|HS|  |TAMS 0x0000000084d00000, 0x0000000084c00000| Complete 
|  77|0x0000000084d00000, 0x0000000084e00000, 0x0000000084e00000|100%|HC|  |TAMS 0x0000000084e00000, 0x0000000084d00000| Complete 
|  78|0x0000000084e00000, 0x0000000084f00000, 0x0000000084f00000|100%|HS|  |TAMS 0x0000000084f00000, 0x0000000084e00000| Complete 
|  79|0x0000000084f00000, 0x0000000085000000, 0x0000000085000000|100%|HC|  |TAMS 0x0000000085000000, 0x0000000084f00000| Complete 
|  80|0x0000000085000000, 0x0000000085100000, 0x0000000085100000|100%|HC|  |TAMS 0x0000000085100000, 0x0000000085000000| Complete 
|  81|0x0000000085100000, 0x0000000085200000, 0x0000000085200000|100%|HS|  |TAMS 0x0000000085200000, 0x0000000085100000| Complete 
|  82|0x0000000085200000, 0x0000000085300000, 0x0000000085300000|100%|HC|  |TAMS 0x0000000085300000, 0x0000000085200000| Complete 
|  83|0x0000000085300000, 0x0000000085400000, 0x0000000085400000|100%| O|  |TAMS 0x0000000085400000, 0x0000000085300000| Untracked 
|  84|0x0000000085400000, 0x0000000085500000, 0x0000000085500000|100%| O|  |TAMS 0x0000000085500000, 0x0000000085400000| Untracked 
|  85|0x0000000085500000, 0x0000000085600000, 0x0000000085600000|100%|HS|  |TAMS 0x0000000085600000, 0x0000000085500000| Complete 
|  86|0x0000000085600000, 0x0000000085700000, 0x0000000085700000|100%|HC|  |TAMS 0x0000000085700000, 0x0000000085600000| Complete 
|  87|0x0000000085700000, 0x0000000085800000, 0x0000000085800000|100%|HC|  |TAMS 0x0000000085800000, 0x0000000085700000| Complete 
|  88|0x0000000085800000, 0x0000000085900000, 0x0000000085900000|100%| O|  |TAMS 0x0000000085900000, 0x0000000085800000| Untracked 
|  89|0x0000000085900000, 0x0000000085a00000, 0x0000000085a00000|100%| O|  |TAMS 0x0000000085a00000, 0x0000000085900000| Untracked 
|  90|0x0000000085a00000, 0x0000000085b00000, 0x0000000085b00000|100%|HS|  |TAMS 0x0000000085b00000, 0x0000000085a00000| Complete 
|  91|0x0000000085b00000, 0x0000000085c00000, 0x0000000085c00000|100%|HC|  |TAMS 0x0000000085c00000, 0x0000000085b00000| Complete 
|  92|0x0000000085c00000, 0x0000000085d00000, 0x0000000085d00000|100%|HC|  |TAMS 0x0000000085d00000, 0x0000000085c00000| Complete 
|  93|0x0000000085d00000, 0x0000000085e00000, 0x0000000085e00000|100%|HC|  |TAMS 0x0000000085e00000, 0x0000000085d00000| Complete 
|  94|0x0000000085e00000, 0x0000000085f00000, 0x0000000085f00000|100%|HC|  |TAMS 0x0000000085f00000, 0x0000000085e00000| Complete 
|  95|0x0000000085f00000, 0x0000000086000000, 0x0000000086000000|100%|HC|  |TAMS 0x0000000086000000, 0x0000000085f00000| Complete 
|  96|0x0000000086000000, 0x0000000086100000, 0x0000000086100000|100%|HS|  |TAMS 0x0000000086100000, 0x0000000086000000| Complete 
|  97|0x0000000086100000, 0x0000000086200000, 0x0000000086200000|100%| O|  |TAMS 0x0000000086200000, 0x0000000086100000| Untracked 
|  98|0x0000000086200000, 0x0000000086300000, 0x0000000086300000|100%| O|  |TAMS 0x0000000086300000, 0x0000000086200000| Untracked 
|  99|0x0000000086300000, 0x0000000086400000, 0x0000000086400000|100%| O|  |TAMS 0x0000000086400000, 0x0000000086300000| Untracked 
| 100|0x0000000086400000, 0x0000000086500000, 0x0000000086500000|100%| O|  |TAMS 0x0000000086500000, 0x0000000086400000| Untracked 
| 101|0x0000000086500000, 0x0000000086600000, 0x0000000086600000|100%|HS|  |TAMS 0x0000000086600000, 0x0000000086500000| Complete 
| 102|0x0000000086600000, 0x0000000086700000, 0x0000000086700000|100%|HS|  |TAMS 0x0000000086700000, 0x0000000086600000| Complete 
| 103|0x0000000086700000, 0x0000000086800000, 0x0000000086800000|100%|HC|  |TAMS 0x0000000086800000, 0x0000000086700000| Complete 
| 104|0x0000000086800000, 0x0000000086900000, 0x0000000086900000|100%| O|  |TAMS 0x0000000086900000, 0x0000000086800000| Untracked 
| 105|0x0000000086900000, 0x0000000086a00000, 0x0000000086a00000|100%| O|  |TAMS 0x0000000086a00000, 0x0000000086900000| Untracked 
| 106|0x0000000086a00000, 0x0000000086b00000, 0x0000000086b00000|100%| O|  |TAMS 0x0000000086b00000, 0x0000000086a00000| Untracked 
| 107|0x0000000086b00000, 0x0000000086c00000, 0x0000000086c00000|100%|HS|  |TAMS 0x0000000086c00000, 0x0000000086b00000| Complete 
| 108|0x0000000086c00000, 0x0000000086d00000, 0x0000000086d00000|100%| O|  |TAMS 0x0000000086d00000, 0x0000000086c00000| Untracked 
| 109|0x0000000086d00000, 0x0000000086e00000, 0x0000000086e00000|100%|HS|  |TAMS 0x0000000086d00000, 0x0000000086d00000| Complete 
| 110|0x0000000086e00000, 0x0000000086f00000, 0x0000000086f00000|100%|HS|  |TAMS 0x0000000086f00000, 0x0000000086e00000| Complete 
| 111|0x0000000086f00000, 0x0000000087000000, 0x0000000087000000|100%|HC|  |TAMS 0x0000000087000000, 0x0000000086f00000| Complete 
| 112|0x0000000087000000, 0x0000000087100000, 0x0000000087100000|100%|HC|  |TAMS 0x0000000087100000, 0x0000000087000000| Complete 
| 113|0x0000000087100000, 0x0000000087200000, 0x0000000087200000|100%|HC|  |TAMS 0x0000000087200000, 0x0000000087100000| Complete 
| 114|0x0000000087200000, 0x0000000087300000, 0x0000000087300000|100%| O|  |TAMS 0x0000000087300000, 0x0000000087200000| Untracked 
| 115|0x0000000087300000, 0x0000000087400000, 0x0000000087400000|100%| O|  |TAMS 0x0000000087400000, 0x0000000087300000| Untracked 
| 116|0x0000000087400000, 0x0000000087500000, 0x0000000087500000|100%| O|  |TAMS 0x0000000087500000, 0x0000000087400000| Untracked 
| 117|0x0000000087500000, 0x0000000087600000, 0x0000000087600000|100%| O|  |TAMS 0x0000000087600000, 0x0000000087500000| Untracked 
| 118|0x0000000087600000, 0x0000000087700000, 0x0000000087700000|100%| O|  |TAMS 0x0000000087700000, 0x0000000087600000| Untracked 
| 119|0x0000000087700000, 0x0000000087800000, 0x0000000087800000|100%| O|  |TAMS 0x0000000087800000, 0x0000000087700000| Untracked 
| 120|0x0000000087800000, 0x0000000087900000, 0x0000000087900000|100%| O|  |TAMS 0x0000000087900000, 0x0000000087800000| Untracked 
| 121|0x0000000087900000, 0x0000000087a00000, 0x0000000087a00000|100%| O|  |TAMS 0x0000000087a00000, 0x0000000087900000| Untracked 
| 122|0x0000000087a00000, 0x0000000087b00000, 0x0000000087b00000|100%| O|  |TAMS 0x0000000087b00000, 0x0000000087a00000| Untracked 
| 123|0x0000000087b00000, 0x0000000087c00000, 0x0000000087c00000|100%| O|  |TAMS 0x0000000087c00000, 0x0000000087b00000| Untracked 
| 124|0x0000000087c00000, 0x0000000087d00000, 0x0000000087d00000|100%| O|  |TAMS 0x0000000087d00000, 0x0000000087c00000| Untracked 
| 125|0x0000000087d00000, 0x0000000087e00000, 0x0000000087e00000|100%| O|  |TAMS 0x0000000087e00000, 0x0000000087d00000| Untracked 
| 126|0x0000000087e00000, 0x0000000087e02600, 0x0000000087f00000|  0%| O|  |TAMS 0x0000000087e02600, 0x0000000087e00000| Untracked 
| 127|0x0000000087f00000, 0x0000000088000000, 0x0000000088000000|100%| O|  |TAMS 0x0000000088000000, 0x0000000087f00000| Untracked 
| 128|0x0000000088000000, 0x0000000088000000, 0x0000000088100000|  0%| F|  |TAMS 0x0000000088000000, 0x0000000088000000| Untracked 
| 129|0x0000000088100000, 0x0000000088100000, 0x0000000088200000|  0%| F|  |TAMS 0x0000000088100000, 0x0000000088100000| Untracked 
| 130|0x0000000088200000, 0x0000000088200000, 0x0000000088300000|  0%| F|  |TAMS 0x0000000088200000, 0x0000000088200000| Untracked 
| 131|0x0000000088300000, 0x0000000088300000, 0x0000000088400000|  0%| F|  |TAMS 0x0000000088300000, 0x0000000088300000| Untracked 
| 132|0x0000000088400000, 0x0000000088400000, 0x0000000088500000|  0%| F|  |TAMS 0x0000000088400000, 0x0000000088400000| Untracked 
| 133|0x0000000088500000, 0x0000000088500000, 0x0000000088600000|  0%| F|  |TAMS 0x0000000088500000, 0x0000000088500000| Untracked 
| 134|0x0000000088600000, 0x0000000088600000, 0x0000000088700000|  0%| F|  |TAMS 0x0000000088600000, 0x0000000088600000| Untracked 
| 135|0x0000000088700000, 0x0000000088700000, 0x0000000088800000|  0%| F|  |TAMS 0x0000000088700000, 0x0000000088700000| Untracked 
| 136|0x0000000088800000, 0x0000000088800000, 0x0000000088900000|  0%| F|  |TAMS 0x0000000088800000, 0x0000000088800000| Untracked 
| 137|0x0000000088900000, 0x0000000088900000, 0x0000000088a00000|  0%| F|  |TAMS 0x0000000088900000, 0x0000000088900000| Untracked 
| 138|0x0000000088a00000, 0x0000000088a00000, 0x0000000088b00000|  0%| F|  |TAMS 0x0000000088a00000, 0x0000000088a00000| Untracked 
| 139|0x0000000088b00000, 0x0000000088b00000, 0x0000000088c00000|  0%| F|  |TAMS 0x0000000088b00000, 0x0000000088b00000| Untracked 
| 140|0x0000000088c00000, 0x0000000088c00000, 0x0000000088d00000|  0%| F|  |TAMS 0x0000000088c00000, 0x0000000088c00000| Untracked 
| 141|0x0000000088d00000, 0x0000000088d00000, 0x0000000088e00000|  0%| F|  |TAMS 0x0000000088d00000, 0x0000000088d00000| Untracked 
| 142|0x0000000088e00000, 0x0000000088e00000, 0x0000000088f00000|  0%| F|  |TAMS 0x0000000088e00000, 0x0000000088e00000| Untracked 
| 143|0x0000000088f00000, 0x0000000088f00000, 0x0000000089000000|  0%| F|  |TAMS 0x0000000088f00000, 0x0000000088f00000| Untracked 
| 144|0x0000000089000000, 0x0000000089000000, 0x0000000089100000|  0%| F|  |TAMS 0x0000000089000000, 0x0000000089000000| Untracked 
| 145|0x0000000089100000, 0x0000000089100000, 0x0000000089200000|  0%| F|  |TAMS 0x0000000089100000, 0x0000000089100000| Untracked 
| 146|0x0000000089200000, 0x0000000089200000, 0x0000000089300000|  0%| F|  |TAMS 0x0000000089200000, 0x0000000089200000| Untracked 
| 147|0x0000000089300000, 0x0000000089300000, 0x0000000089400000|  0%| F|  |TAMS 0x0000000089300000, 0x0000000089300000| Untracked 
| 148|0x0000000089400000, 0x0000000089400000, 0x0000000089500000|  0%| F|  |TAMS 0x0000000089400000, 0x0000000089400000| Untracked 
| 149|0x0000000089500000, 0x0000000089500000, 0x0000000089600000|  0%| F|  |TAMS 0x0000000089500000, 0x0000000089500000| Untracked 
| 150|0x0000000089600000, 0x0000000089600000, 0x0000000089700000|  0%| F|  |TAMS 0x0000000089600000, 0x0000000089600000| Untracked 
| 151|0x0000000089700000, 0x0000000089700000, 0x0000000089800000|  0%| F|  |TAMS 0x0000000089700000, 0x0000000089700000| Untracked 
| 152|0x0000000089800000, 0x0000000089800000, 0x0000000089900000|  0%| F|  |TAMS 0x0000000089800000, 0x0000000089800000| Untracked 
| 153|0x0000000089900000, 0x0000000089900000, 0x0000000089a00000|  0%| F|  |TAMS 0x0000000089900000, 0x0000000089900000| Untracked 
| 154|0x0000000089a00000, 0x0000000089a00000, 0x0000000089b00000|  0%| F|  |TAMS 0x0000000089a00000, 0x0000000089a00000| Untracked 
| 155|0x0000000089b00000, 0x0000000089b00000, 0x0000000089c00000|  0%| F|  |TAMS 0x0000000089b00000, 0x0000000089b00000| Untracked 
| 156|0x0000000089c00000, 0x0000000089c00000, 0x0000000089d00000|  0%| F|  |TAMS 0x0000000089c00000, 0x0000000089c00000| Untracked 
| 157|0x0000000089d00000, 0x0000000089d00000, 0x0000000089e00000|  0%| F|  |TAMS 0x0000000089d00000, 0x0000000089d00000| Untracked 
| 158|0x0000000089e00000, 0x0000000089e00000, 0x0000000089f00000|  0%| F|  |TAMS 0x0000000089e00000, 0x0000000089e00000| Untracked 
| 159|0x0000000089f00000, 0x0000000089f00000, 0x000000008a000000|  0%| F|  |TAMS 0x0000000089f00000, 0x0000000089f00000| Untracked 
| 160|0x000000008a000000, 0x000000008a000000, 0x000000008a100000|  0%| F|  |TAMS 0x000000008a000000, 0x000000008a000000| Untracked 
| 161|0x000000008a100000, 0x000000008a100000, 0x000000008a200000|  0%| F|  |TAMS 0x000000008a100000, 0x000000008a100000| Untracked 
| 162|0x000000008a200000, 0x000000008a200000, 0x000000008a300000|  0%| F|  |TAMS 0x000000008a200000, 0x000000008a200000| Untracked 
| 163|0x000000008a300000, 0x000000008a300000, 0x000000008a400000|  0%| F|  |TAMS 0x000000008a300000, 0x000000008a300000| Untracked 
| 164|0x000000008a400000, 0x000000008a400000, 0x000000008a500000|  0%| F|  |TAMS 0x000000008a400000, 0x000000008a400000| Untracked 
| 165|0x000000008a500000, 0x000000008a500000, 0x000000008a600000|  0%| F|  |TAMS 0x000000008a500000, 0x000000008a500000| Untracked 
| 166|0x000000008a600000, 0x000000008a600000, 0x000000008a700000|  0%| F|  |TAMS 0x000000008a600000, 0x000000008a600000| Untracked 
| 167|0x000000008a700000, 0x000000008a700000, 0x000000008a800000|  0%| F|  |TAMS 0x000000008a700000, 0x000000008a700000| Untracked 
| 168|0x000000008a800000, 0x000000008a800000, 0x000000008a900000|  0%| F|  |TAMS 0x000000008a800000, 0x000000008a800000| Untracked 
| 169|0x000000008a900000, 0x000000008a900000, 0x000000008aa00000|  0%| F|  |TAMS 0x000000008a900000, 0x000000008a900000| Untracked 
| 170|0x000000008aa00000, 0x000000008aa00000, 0x000000008ab00000|  0%| F|  |TAMS 0x000000008aa00000, 0x000000008aa00000| Untracked 
| 171|0x000000008ab00000, 0x000000008ab00000, 0x000000008ac00000|  0%| F|  |TAMS 0x000000008ab00000, 0x000000008ab00000| Untracked 
| 172|0x000000008ac00000, 0x000000008ac00000, 0x000000008ad00000|  0%| F|  |TAMS 0x000000008ac00000, 0x000000008ac00000| Untracked 
| 173|0x000000008ad00000, 0x000000008ad00000, 0x000000008ae00000|  0%| F|  |TAMS 0x000000008ad00000, 0x000000008ad00000| Untracked 
| 174|0x000000008ae00000, 0x000000008ae00000, 0x000000008af00000|  0%| F|  |TAMS 0x000000008ae00000, 0x000000008ae00000| Untracked 
| 175|0x000000008af00000, 0x000000008af00000, 0x000000008b000000|  0%| F|  |TAMS 0x000000008af00000, 0x000000008af00000| Untracked 
| 176|0x000000008b000000, 0x000000008b000000, 0x000000008b100000|  0%| F|  |TAMS 0x000000008b000000, 0x000000008b000000| Untracked 
| 177|0x000000008b100000, 0x000000008b100000, 0x000000008b200000|  0%| F|  |TAMS 0x000000008b100000, 0x000000008b100000| Untracked 
| 178|0x000000008b200000, 0x000000008b200000, 0x000000008b300000|  0%| F|  |TAMS 0x000000008b200000, 0x000000008b200000| Untracked 
| 179|0x000000008b300000, 0x000000008b300000, 0x000000008b400000|  0%| F|  |TAMS 0x000000008b300000, 0x000000008b300000| Untracked 
| 180|0x000000008b400000, 0x000000008b400000, 0x000000008b500000|  0%| F|  |TAMS 0x000000008b400000, 0x000000008b400000| Untracked 
| 181|0x000000008b500000, 0x000000008b500000, 0x000000008b600000|  0%| F|  |TAMS 0x000000008b500000, 0x000000008b500000| Untracked 
| 182|0x000000008b600000, 0x000000008b600000, 0x000000008b700000|  0%| F|  |TAMS 0x000000008b600000, 0x000000008b600000| Untracked 
| 183|0x000000008b700000, 0x000000008b700000, 0x000000008b800000|  0%| F|  |TAMS 0x000000008b700000, 0x000000008b700000| Untracked 
| 184|0x000000008b800000, 0x000000008b800000, 0x000000008b900000|  0%| F|  |TAMS 0x000000008b800000, 0x000000008b800000| Untracked 
| 185|0x000000008b900000, 0x000000008b900000, 0x000000008ba00000|  0%| F|  |TAMS 0x000000008b900000, 0x000000008b900000| Untracked 
| 186|0x000000008ba00000, 0x000000008ba00000, 0x000000008bb00000|  0%| F|  |TAMS 0x000000008ba00000, 0x000000008ba00000| Untracked 
| 187|0x000000008bb00000, 0x000000008bbfeff0, 0x000000008bc00000| 99%| S|CS|TAMS 0x000000008bb00000, 0x000000008bb00000| Complete 
| 188|0x000000008bc00000, 0x000000008bd00000, 0x000000008bd00000|100%| S|CS|TAMS 0x000000008bc00000, 0x000000008bc00000| Complete 
| 189|0x000000008bd00000, 0x000000008bd00000, 0x000000008be00000|  0%| F|  |TAMS 0x000000008bd00000, 0x000000008bd00000| Untracked 
| 190|0x000000008be00000, 0x000000008be00000, 0x000000008bf00000|  0%| F|  |TAMS 0x000000008be00000, 0x000000008be00000| Untracked 
| 191|0x000000008bf00000, 0x000000008bf00000, 0x000000008c000000|  0%| F|  |TAMS 0x000000008bf00000, 0x000000008bf00000| Untracked 
| 192|0x000000008c000000, 0x000000008c000000, 0x000000008c100000|  0%| F|  |TAMS 0x000000008c000000, 0x000000008c000000| Untracked 
| 193|0x000000008c100000, 0x000000008c100000, 0x000000008c200000|  0%| F|  |TAMS 0x000000008c100000, 0x000000008c100000| Untracked 
| 194|0x000000008c200000, 0x000000008c200000, 0x000000008c300000|  0%| F|  |TAMS 0x000000008c200000, 0x000000008c200000| Untracked 
| 195|0x000000008c300000, 0x000000008c300000, 0x000000008c400000|  0%| F|  |TAMS 0x000000008c300000, 0x000000008c300000| Untracked 
| 196|0x000000008c400000, 0x000000008c400000, 0x000000008c500000|  0%| F|  |TAMS 0x000000008c400000, 0x000000008c400000| Untracked 
| 197|0x000000008c500000, 0x000000008c500000, 0x000000008c600000|  0%| F|  |TAMS 0x000000008c500000, 0x000000008c500000| Untracked 
| 198|0x000000008c600000, 0x000000008c600000, 0x000000008c700000|  0%| F|  |TAMS 0x000000008c600000, 0x000000008c600000| Untracked 
| 199|0x000000008c700000, 0x000000008c700000, 0x000000008c800000|  0%| F|  |TAMS 0x000000008c700000, 0x000000008c700000| Untracked 
| 200|0x000000008c800000, 0x000000008c880800, 0x000000008c900000| 50%| E|  |TAMS 0x000000008c800000, 0x000000008c800000| Complete 
| 201|0x000000008c900000, 0x000000008ca00000, 0x000000008ca00000|100%| E|CS|TAMS 0x000000008c900000, 0x000000008c900000| Complete 
| 202|0x000000008ca00000, 0x000000008cb00000, 0x000000008cb00000|100%| E|CS|TAMS 0x000000008ca00000, 0x000000008ca00000| Complete 
| 203|0x000000008cb00000, 0x000000008cc00000, 0x000000008cc00000|100%| E|CS|TAMS 0x000000008cb00000, 0x000000008cb00000| Complete 
| 204|0x000000008cc00000, 0x000000008cd00000, 0x000000008cd00000|100%| E|CS|TAMS 0x000000008cc00000, 0x000000008cc00000| Complete 
| 205|0x000000008cd00000, 0x000000008ce00000, 0x000000008ce00000|100%| E|CS|TAMS 0x000000008cd00000, 0x000000008cd00000| Complete 
| 206|0x000000008ce00000, 0x000000008cf00000, 0x000000008cf00000|100%| E|CS|TAMS 0x000000008ce00000, 0x000000008ce00000| Complete 
| 207|0x000000008cf00000, 0x000000008d000000, 0x000000008d000000|100%| E|CS|TAMS 0x000000008cf00000, 0x000000008cf00000| Complete 
| 208|0x000000008d000000, 0x000000008d100000, 0x000000008d100000|100%| E|CS|TAMS 0x000000008d000000, 0x000000008d000000| Complete 
| 209|0x000000008d100000, 0x000000008d200000, 0x000000008d200000|100%| E|CS|TAMS 0x000000008d100000, 0x000000008d100000| Complete 
| 210|0x000000008d200000, 0x000000008d300000, 0x000000008d300000|100%| E|CS|TAMS 0x000000008d200000, 0x000000008d200000| Complete 
| 211|0x000000008d300000, 0x000000008d400000, 0x000000008d400000|100%| E|CS|TAMS 0x000000008d300000, 0x000000008d300000| Complete 
| 212|0x000000008d400000, 0x000000008d500000, 0x000000008d500000|100%| E|CS|TAMS 0x000000008d400000, 0x000000008d400000| Complete 
| 213|0x000000008d500000, 0x000000008d600000, 0x000000008d600000|100%| E|CS|TAMS 0x000000008d500000, 0x000000008d500000| Complete 
| 214|0x000000008d600000, 0x000000008d700000, 0x000000008d700000|100%| E|CS|TAMS 0x000000008d600000, 0x000000008d600000| Complete 
| 215|0x000000008d700000, 0x000000008d800000, 0x000000008d800000|100%| E|CS|TAMS 0x000000008d700000, 0x000000008d700000| Complete 
| 216|0x000000008d800000, 0x000000008d900000, 0x000000008d900000|100%| E|CS|TAMS 0x000000008d800000, 0x000000008d800000| Complete 
| 217|0x000000008d900000, 0x000000008da00000, 0x000000008da00000|100%| E|CS|TAMS 0x000000008d900000, 0x000000008d900000| Complete 
| 218|0x000000008da00000, 0x000000008db00000, 0x000000008db00000|100%| E|CS|TAMS 0x000000008da00000, 0x000000008da00000| Complete 

Card table byte_map: [0x00000293ac9c0000,0x00000293acdc0000] _byte_map_base: 0x00000293ac5c0000

Marking Bits (Prev, Next): (CMBitMap*) 0x0000029399c04cc0, (CMBitMap*) 0x0000029399c04c80
 Prev Bits: [0x00000293af1c0000, 0x00000293b11c0000)
 Next Bits: [0x00000293ad1c0000, 0x00000293af1c0000)

Polling page: 0x0000029399370000

Metaspace:

Usage:
  Non-class:     61.70 MB used.
      Class:      9.35 MB used.
       Both:     71.05 MB used.

Virtual space:
  Non-class space:       64.00 MB reserved,      62.00 MB ( 97%) committed,  8 nodes.
      Class space:        1.00 GB reserved,       9.62 MB ( <1%) committed,  1 nodes.
             Both:        1.06 GB reserved,      71.62 MB (  7%) committed. 

Chunk freelists:
   Non-Class:  1.75 MB
       Class:  2.35 MB
        Both:  4.10 MB

MaxMetaspaceSize: unlimited
CompressedClassSpaceSize: 1.00 GB
Initial GC threshold: 21.00 MB
Current GC threshold: 116.19 MB
CDS: off
MetaspaceReclaimPolicy: balanced
 - commit_granule_bytes: 65536.
 - commit_granule_words: 8192.
 - virtual_space_node_default_size: 1048576.
 - enlarge_chunks_in_place: 1.
 - new_chunks_are_fully_committed: 0.
 - uncommit_free_chunks: 1.
 - use_allocation_guard: 0.
 - handle_deallocations: 1.


Internal statistics:

num_allocs_failed_limit: 3.
num_arena_births: 712.
num_arena_deaths: 0.
num_vsnodes_births: 9.
num_vsnodes_deaths: 0.
num_space_committed: 1147.
num_space_uncommitted: 0.
num_chunks_returned_to_freelist: 3.
num_chunks_taken_from_freelist: 3172.
num_chunk_merges: 3.
num_chunk_splits: 2120.
num_chunks_enlarged: 1446.
num_purges: 0.
num_inconsistent_stats: 0.

CodeHeap 'non-profiled nmethods': size=120000Kb used=3465Kb max_used=3465Kb free=116534Kb
 bounds [0x00000293a4b40000, 0x00000293a4eb0000, 0x00000293ac070000]
CodeHeap 'profiled nmethods': size=120000Kb used=13930Kb max_used=13930Kb free=106070Kb
 bounds [0x000002939d070000, 0x000002939de10000, 0x00000293a45a0000]
CodeHeap 'non-nmethods': size=5760Kb used=2366Kb max_used=2393Kb free=3393Kb
 bounds [0x00000293a45a0000, 0x00000293a4810000, 0x00000293a4b40000]
 total_blobs=7872 nmethods=6976 adapters=807
 compilation: enabled
              stopped_count=0, restarted_count=0
 full_count=0

Compilation events (20 events):
Event: 19.686 Thread 0x00000293b484f7a0 7831       3       java.beans.WeakIdentityMap::getIndex (7 bytes)
Event: 19.686 Thread 0x00000293b484f7a0 nmethod 7831 0x000002939ddfac90 code [0x000002939ddfae20, 0x000002939ddfaf18]
Event: 19.687 Thread 0x00000293b484f7a0 7832       3       java.beans.ThreadGroupContext::getContext (16 bytes)
Event: 19.687 Thread 0x00000293b484f7a0 nmethod 7832 0x000002939ddfb010 code [0x000002939ddfb1c0, 0x000002939ddfb488]
Event: 19.687 Thread 0x00000293b484f7a0 7833   !   3       java.beans.WeakIdentityMap::get (278 bytes)
Event: 19.688 Thread 0x00000293b484f7a0 nmethod 7833 0x000002939ddfb590 code [0x000002939ddfb8a0, 0x000002939ddfce28]
Event: 19.688 Thread 0x00000293b484f7a0 7834       3       java.beans.WeakIdentityMap$Entry::isMatched (22 bytes)
Event: 19.689 Thread 0x00000293b484f7a0 nmethod 7834 0x000002939ddfd890 code [0x000002939ddfda20, 0x000002939ddfdc78]
Event: 19.692 Thread 0x00000293b484f7a0 7837       3       jdk.internal.loader.URLClassPath$JarLoader::validIndex (94 bytes)
Event: 19.694 Thread 0x00000293b484f7a0 nmethod 7837 0x000002939ddfdd10 code [0x000002939ddfe000, 0x000002939ddfef08]
Event: 19.695 Thread 0x00000293b484f7a0 7838       3       java.lang.String::replace (42 bytes)
Event: 19.696 Thread 0x00000293b484f7a0 nmethod 7838 0x000002939ddff490 code [0x000002939ddff660, 0x000002939ddff998]
Event: 19.697 Thread 0x00000293b484f7a0 7839   !   3       java.lang.Class::getTypeName (59 bytes)
Event: 19.697 Thread 0x00000293b484f7a0 nmethod 7839 0x000002939ddffa90 code [0x000002939ddffd40, 0x000002939de00788]
Event: 19.712 Thread 0x00000293b484f7a0 7842       3       org.objectweb.asm.Label::resolve (219 bytes)
Event: 19.713 Thread 0x00000293b484f7a0 nmethod 7842 0x000002939de00c10 code [0x000002939de00de0, 0x000002939de01318]
Event: 19.721 Thread 0x00000293b484f7a0 7844       3       java.lang.reflect.AccessibleObject::setAccessible0 (7 bytes)
Event: 19.721 Thread 0x00000293b484f7a0 nmethod 7844 0x000002939de01610 code [0x000002939de017a0, 0x000002939de018b8]
Event: 19.729 Thread 0x00000293b484f7a0 7845       3       groovy.lang.MetaClassImpl::canAccessLegally (23 bytes)
Event: 19.730 Thread 0x00000293b484f7a0 nmethod 7845 0x000002939de01990 code [0x000002939de01b60, 0x000002939de01f68]

GC Heap History (20 events):
Event: 14.843 GC heap before
{Heap before GC invocations=40 (full 0):
 garbage-first heap   total 190464K, used 126900K [0x0000000080000000, 0x0000000100000000)
  region size 1024K, 29 young (29696K), 7 survivors (7168K)
 Metaspace       used 54944K, committed 55488K, reserved 1097728K
  class space    used 7314K, committed 7552K, reserved 1048576K
}
Event: 14.853 GC heap after
{Heap after GC invocations=41 (full 0):
 garbage-first heap   total 190464K, used 107677K [0x0000000080000000, 0x0000000100000000)
  region size 1024K, 5 young (5120K), 5 survivors (5120K)
 Metaspace       used 54944K, committed 55488K, reserved 1097728K
  class space    used 7314K, committed 7552K, reserved 1048576K
}
Event: 15.519 GC heap before
{Heap before GC invocations=42 (full 0):
 garbage-first heap   total 190464K, used 131229K [0x0000000080000000, 0x0000000100000000)
  region size 1024K, 27 young (27648K), 5 survivors (5120K)
 Metaspace       used 55267K, committed 55872K, reserved 1105920K
  class space    used 7326K, committed 7616K, reserved 1048576K
}
Event: 15.526 GC heap after
{Heap after GC invocations=43 (full 0):
 garbage-first heap   total 190464K, used 112948K [0x0000000080000000, 0x0000000100000000)
  region size 1024K, 4 young (4096K), 4 survivors (4096K)
 Metaspace       used 55267K, committed 55872K, reserved 1105920K
  class space    used 7326K, committed 7616K, reserved 1048576K
}
Event: 15.675 GC heap before
{Heap before GC invocations=44 (full 0):
 garbage-first heap   total 193536K, used 117044K [0x0000000080000000, 0x0000000100000000)
  region size 1024K, 8 young (8192K), 4 survivors (4096K)
 Metaspace       used 55276K, committed 55872K, reserved 1105920K
  class space    used 7326K, committed 7616K, reserved 1048576K
}
Event: 15.678 GC heap after
{Heap after GC invocations=45 (full 0):
 garbage-first heap   total 193536K, used 116268K [0x0000000080000000, 0x0000000100000000)
  region size 1024K, 5 young (5120K), 5 survivors (5120K)
 Metaspace       used 55276K, committed 55872K, reserved 1105920K
  class space    used 7326K, committed 7616K, reserved 1048576K
}
Event: 15.820 GC heap before
{Heap before GC invocations=46 (full 0):
 garbage-first heap   total 204800K, used 123436K [0x0000000080000000, 0x0000000100000000)
  region size 1024K, 9 young (9216K), 5 survivors (5120K)
 Metaspace       used 55572K, committed 56192K, reserved 1105920K
  class space    used 7379K, committed 7680K, reserved 1048576K
}
Event: 15.830 GC heap after
{Heap after GC invocations=47 (full 0):
 garbage-first heap   total 204800K, used 122486K [0x0000000080000000, 0x0000000100000000)
  region size 1024K, 5 young (5120K), 5 survivors (5120K)
 Metaspace       used 55572K, committed 56192K, reserved 1105920K
  class space    used 7379K, committed 7680K, reserved 1048576K
}
Event: 16.936 GC heap before
{Heap before GC invocations=48 (full 0):
 garbage-first heap   total 209920K, used 149110K [0x0000000080000000, 0x0000000100000000)
  region size 1024K, 31 young (31744K), 5 survivors (5120K)
 Metaspace       used 58810K, committed 59392K, reserved 1105920K
  class space    used 7823K, committed 8064K, reserved 1048576K
}
Event: 16.943 GC heap after
{Heap after GC invocations=49 (full 0):
 garbage-first heap   total 209920K, used 124351K [0x0000000080000000, 0x0000000100000000)
  region size 1024K, 4 young (4096K), 4 survivors (4096K)
 Metaspace       used 58810K, committed 59392K, reserved 1105920K
  class space    used 7823K, committed 8064K, reserved 1048576K
}
Event: 17.111 GC heap before
{Heap before GC invocations=49 (full 0):
 garbage-first heap   total 209920K, used 130495K [0x0000000080000000, 0x0000000100000000)
  region size 1024K, 10 young (10240K), 4 survivors (4096K)
 Metaspace       used 60027K, committed 60672K, reserved 1105920K
  class space    used 7934K, committed 8192K, reserved 1048576K
}
Event: 17.121 GC heap after
{Heap after GC invocations=50 (full 0):
 garbage-first heap   total 209920K, used 124147K [0x0000000080000000, 0x0000000100000000)
  region size 1024K, 1 young (1024K), 1 survivors (1024K)
 Metaspace       used 60027K, committed 60672K, reserved 1105920K
  class space    used 7934K, committed 8192K, reserved 1048576K
}
Event: 18.133 GC heap before
{Heap before GC invocations=50 (full 0):
 garbage-first heap   total 209920K, used 154867K [0x0000000080000000, 0x0000000100000000)
  region size 1024K, 31 young (31744K), 1 survivors (1024K)
 Metaspace       used 65250K, committed 65856K, reserved 1114112K
  class space    used 8625K, committed 8896K, reserved 1048576K
}
Event: 18.138 GC heap after
{Heap after GC invocations=51 (full 0):
 garbage-first heap   total 209920K, used 125727K [0x0000000080000000, 0x0000000100000000)
  region size 1024K, 2 young (2048K), 2 survivors (2048K)
 Metaspace       used 65250K, committed 65856K, reserved 1114112K
  class space    used 8625K, committed 8896K, reserved 1048576K
}
Event: 18.788 GC heap before
{Heap before GC invocations=52 (full 0):
 garbage-first heap   total 215040K, used 164639K [0x0000000080000000, 0x0000000100000000)
  region size 1024K, 34 young (34816K), 2 survivors (2048K)
 Metaspace       used 68504K, committed 69120K, reserved 1114112K
  class space    used 9026K, committed 9280K, reserved 1048576K
}
Event: 18.793 GC heap after
{Heap after GC invocations=53 (full 0):
 garbage-first heap   total 215040K, used 129547K [0x0000000080000000, 0x0000000100000000)
  region size 1024K, 5 young (5120K), 5 survivors (5120K)
 Metaspace       used 68504K, committed 69120K, reserved 1114112K
  class space    used 9026K, committed 9280K, reserved 1048576K
}
Event: 18.879 GC heap before
{Heap before GC invocations=53 (full 0):
 garbage-first heap   total 215040K, used 134667K [0x0000000080000000, 0x0000000100000000)
  region size 1024K, 10 young (10240K), 5 survivors (5120K)
 Metaspace       used 68909K, committed 69504K, reserved 1114112K
  class space    used 9078K, committed 9344K, reserved 1048576K
}
Event: 18.889 GC heap after
{Heap after GC invocations=54 (full 0):
 garbage-first heap   total 215040K, used 129910K [0x0000000080000000, 0x0000000100000000)
  region size 1024K, 1 young (1024K), 1 survivors (1024K)
 Metaspace       used 68909K, committed 69504K, reserved 1114112K
  class space    used 9078K, committed 9344K, reserved 1048576K
}
Event: 19.325 GC heap before
{Heap before GC invocations=54 (full 0):
 garbage-first heap   total 215040K, used 149366K [0x0000000080000000, 0x0000000100000000)
  region size 1024K, 21 young (21504K), 1 survivors (1024K)
 Metaspace       used 70682K, committed 71360K, reserved 1114112K
  class space    used 9285K, committed 9600K, reserved 1048576K
}
Event: 19.328 GC heap after
{Heap after GC invocations=55 (full 0):
 garbage-first heap   total 215040K, used 131077K [0x0000000080000000, 0x0000000100000000)
  region size 1024K, 2 young (2048K), 2 survivors (2048K)
 Metaspace       used 70682K, committed 71360K, reserved 1114112K
  class space    used 9285K, committed 9600K, reserved 1048576K
}

Dll operation events (2 events):
Event: 0.078 Loaded shared library C:\Program Files\Android\Android Studio\jbr\bin\java.dll
Event: 1.050 Loaded shared library C:\Program Files\Android\Android Studio\jbr\bin\verify.dll

Deoptimization events (20 events):
Event: 19.653 Thread 0x00000293b54c0210 Uncommon trap: trap_request=0xffffff45 fr.pc=0x00000293a4c0694c relative=0x000000000000022c
Event: 19.653 Thread 0x00000293b54c0210 Uncommon trap: reason=unstable_if action=reinterpret pc=0x00000293a4c0694c method=java.util.StringTokenizer.skipDelimiters(I)I @ 21 c2
Event: 19.653 Thread 0x00000293b54c0210 DEOPT PACKING pc=0x00000293a4c0694c sp=0x0000009a7a0f62e0
Event: 19.653 Thread 0x00000293b54c0210 DEOPT UNPACKING pc=0x00000293a45f69a3 sp=0x0000009a7a0f6280 mode 2
Event: 19.676 Thread 0x00000293b54c0210 DEOPT PACKING pc=0x000002939d707d4e sp=0x0000009a7a0f6ce0
Event: 19.676 Thread 0x00000293b54c0210 DEOPT UNPACKING pc=0x00000293a45f7143 sp=0x0000009a7a0f61a8 mode 0
Event: 19.676 Thread 0x00000293b54c0210 DEOPT PACKING pc=0x000002939d70e659 sp=0x0000009a7a0f6cb0
Event: 19.676 Thread 0x00000293b54c0210 DEOPT UNPACKING pc=0x00000293a45f7143 sp=0x0000009a7a0f61a0 mode 0
Event: 19.680 Thread 0x00000293b54c0210 DEOPT PACKING pc=0x000002939d707d4e sp=0x0000009a7a0f6ce0
Event: 19.680 Thread 0x00000293b54c0210 DEOPT UNPACKING pc=0x00000293a45f7143 sp=0x0000009a7a0f61a8 mode 0
Event: 19.680 Thread 0x00000293b54c0210 DEOPT PACKING pc=0x000002939d70e659 sp=0x0000009a7a0f6cb0
Event: 19.680 Thread 0x00000293b54c0210 DEOPT UNPACKING pc=0x00000293a45f7143 sp=0x0000009a7a0f61a0 mode 0
Event: 19.681 Thread 0x00000293b54c0210 Uncommon trap: trap_request=0xffffff45 fr.pc=0x00000293a4c10050 relative=0x0000000000000530
Event: 19.681 Thread 0x00000293b54c0210 Uncommon trap: reason=unstable_if action=reinterpret pc=0x00000293a4c10050 method=java.lang.String.replace(CC)Ljava/lang/String; @ 2 c2
Event: 19.681 Thread 0x00000293b54c0210 DEOPT PACKING pc=0x00000293a4c10050 sp=0x0000009a7a0f6dc0
Event: 19.681 Thread 0x00000293b54c0210 DEOPT UNPACKING pc=0x00000293a45f69a3 sp=0x0000009a7a0f6d70 mode 2
Event: 19.730 Thread 0x00000293b54c0210 Uncommon trap: trap_request=0xffffffde fr.pc=0x00000293a4e5861c relative=0x000000000000017c
Event: 19.730 Thread 0x00000293b54c0210 Uncommon trap: reason=class_check action=maybe_recompile pc=0x00000293a4e5861c method=java.util.stream.StreamOpFlag.fromCharacteristics(Ljava/util/Spliterator;)I @ 14 c2
Event: 19.730 Thread 0x00000293b54c0210 DEOPT PACKING pc=0x00000293a4e5861c sp=0x0000009a7a0f73e0
Event: 19.730 Thread 0x00000293b54c0210 DEOPT UNPACKING pc=0x00000293a45f69a3 sp=0x0000009a7a0f72c8 mode 2

Classes unloaded (0 events):
No events

Classes redefined (0 events):
No events

Internal exceptions (20 events):
Event: 19.014 Thread 0x00000293b54c0210 Exception <a 'java/lang/ClassNotFoundException'{0x000000008cbc5028}: org/gradle/api/plugins/BasePluginConventionCustomizer> (0x000000008cbc5028) 
thrown [s\src\hotspot\share\classfile\systemDictionary.cpp, line 256]
Event: 19.018 Thread 0x00000293b54c0210 Exception <a 'java/lang/ClassNotFoundException'{0x000000008cbea418}: org/gradle/api/plugins/internal/DefaultBasePluginConventionCustomizer> (0x000000008cbea418) 
thrown [s\src\hotspot\share\classfile\systemDictionary.cpp, line 256]
Event: 19.021 Thread 0x00000293b54c0210 Exception <a 'java/lang/ClassNotFoundException'{0x000000008ca18508}: org/gradle/api/plugins/internal/DefaultBasePluginConvention_DecoratedCustomizer> (0x000000008ca18508) 
thrown [s\src\hotspot\share\classfile\systemDictionary.cpp, line 256]
Event: 19.027 Thread 0x00000293b54c0210 Exception <a 'java/lang/ClassNotFoundException'{0x000000008ca8d0f8}: org/gradle/api/plugins/internal/DefaultJavaPluginConvention_DecoratedBeanInfo> (0x000000008ca8d0f8) 
thrown [s\src\hotspot\share\classfile\systemDictionary.cpp, line 256]
Event: 19.027 Thread 0x00000293b54c0210 Exception <a 'java/lang/ClassNotFoundException'{0x000000008caa8958}: org/gradle/api/plugins/internal/DefaultJavaPluginConventionBeanInfo> (0x000000008caa8958) 
thrown [s\src\hotspot\share\classfile\systemDictionary.cpp, line 256]
Event: 19.028 Thread 0x00000293b54c0210 Exception <a 'java/lang/ClassNotFoundException'{0x000000008cac4290}: org/gradle/api/plugins/JavaPluginConventionBeanInfo> (0x000000008cac4290) 
thrown [s\src\hotspot\share\classfile\systemDictionary.cpp, line 256]
Event: 19.029 Thread 0x00000293b54c0210 Exception <a 'java/lang/ClassNotFoundException'{0x000000008cadf640}: org/gradle/api/plugins/JavaPluginConventionCustomizer> (0x000000008cadf640) 
thrown [s\src\hotspot\share\classfile\systemDictionary.cpp, line 256]
Event: 19.031 Thread 0x00000293b54c0210 Exception <a 'java/lang/ClassNotFoundException'{0x000000008c90f3c0}: org/gradle/api/plugins/internal/DefaultJavaPluginConventionCustomizer> (0x000000008c90f3c0) 
thrown [s\src\hotspot\share\classfile\systemDictionary.cpp, line 256]
Event: 19.034 Thread 0x00000293b54c0210 Exception <a 'java/lang/ClassNotFoundException'{0x000000008c9510d8}: org/gradle/api/plugins/internal/DefaultJavaPluginConvention_DecoratedCustomizer> (0x000000008c9510d8) 
thrown [s\src\hotspot\share\classfile\systemDictionary.cpp, line 256]
Event: 19.638 Thread 0x00000293b54c0210 Exception <a 'java/lang/IncompatibleClassChangeError'{0x000000008d2d0660}: Found class java.lang.Object, but interface was expected> (0x000000008d2d0660) 
thrown [s\src\hotspot\share\interpreter\linkResolver.cpp, line 838]
Event: 19.686 Thread 0x00000293b54c0210 Exception <a 'java/lang/ClassNotFoundException'{0x000000008cfc13b8}: org/gradle/api/internal/project/DefaultAntBuilderBeanInfo> (0x000000008cfc13b8) 
thrown [s\src\hotspot\share\classfile\systemDictionary.cpp, line 256]
Event: 19.687 Thread 0x00000293b54c0210 Exception <a 'java/lang/ClassNotFoundException'{0x000000008cfd9140}: org/gradle/api/internal/project/ant/BasicAntBuilderBeanInfo> (0x000000008cfd9140) 
thrown [s\src\hotspot\share\classfile\systemDictionary.cpp, line 256]
Event: 19.688 Thread 0x00000293b54c0210 Exception <a 'java/lang/ClassNotFoundException'{0x000000008cff0138}: org/gradle/api/AntBuilderBeanInfo> (0x000000008cff0138) 
thrown [s\src\hotspot\share\classfile\systemDictionary.cpp, line 256]
Event: 19.689 Thread 0x00000293b54c0210 Exception <a 'java/lang/ClassNotFoundException'{0x000000008ce095a8}: groovy/ant/AntBuilderBeanInfo> (0x000000008ce095a8) 
thrown [s\src\hotspot\share\classfile\systemDictionary.cpp, line 256]
Event: 19.691 Thread 0x00000293b54c0210 Exception <a 'java/lang/ClassNotFoundException'{0x000000008ce712a0}: groovy/util/BuilderSupportBeanInfo> (0x000000008ce712a0) 
thrown [s\src\hotspot\share\classfile\systemDictionary.cpp, line 256]
Event: 19.693 Thread 0x00000293b54c0210 Exception <a 'java/lang/ClassNotFoundException'{0x000000008ced9228}: groovy/util/BuilderSupportCustomizer> (0x000000008ced9228) 
thrown [s\src\hotspot\share\classfile\systemDictionary.cpp, line 256]
Event: 19.694 Thread 0x00000293b54c0210 Exception <a 'java/lang/ClassNotFoundException'{0x000000008cef4560}: groovy/ant/AntBuilderCustomizer> (0x000000008cef4560) 
thrown [s\src\hotspot\share\classfile\systemDictionary.cpp, line 256]
Event: 19.695 Thread 0x00000293b54c0210 Exception <a 'java/lang/ClassNotFoundException'{0x000000008cd10720}: org/gradle/api/AntBuilderCustomizer> (0x000000008cd10720) 
thrown [s\src\hotspot\share\classfile\systemDictionary.cpp, line 256]
Event: 19.696 Thread 0x00000293b54c0210 Exception <a 'java/lang/ClassNotFoundException'{0x000000008cd336e0}: org/gradle/api/internal/project/ant/BasicAntBuilderCustomizer> (0x000000008cd336e0) 
thrown [s\src\hotspot\share\classfile\systemDictionary.cpp, line 256]
Event: 19.698 Thread 0x00000293b54c0210 Exception <a 'java/lang/ClassNotFoundException'{0x000000008cd5de30}: org/gradle/api/internal/project/DefaultAntBuilderCustomizer> (0x000000008cd5de30) 
thrown [s\src\hotspot\share\classfile\systemDictionary.cpp, line 256]

VM Operations (20 events):
Event: 18.132 Executing VM operation: G1CollectForAllocation
Event: 18.141 Executing VM operation: G1CollectForAllocation done
Event: 18.182 Executing VM operation: G1Concurrent
Event: 18.212 Executing VM operation: G1Concurrent done
Event: 18.212 Executing VM operation: HandshakeAllThreads
Event: 18.212 Executing VM operation: HandshakeAllThreads done
Event: 18.229 Executing VM operation: G1Concurrent
Event: 18.230 Executing VM operation: G1Concurrent done
Event: 18.788 Executing VM operation: G1CollectForAllocation
Event: 18.793 Executing VM operation: G1CollectForAllocation done
Event: 18.879 Executing VM operation: G1CollectForAllocation
Event: 18.889 Executing VM operation: G1CollectForAllocation done
Event: 19.324 Executing VM operation: G1TryInitiateConcMark
Event: 19.329 Executing VM operation: G1TryInitiateConcMark done
Event: 19.365 Executing VM operation: G1Concurrent
Event: 19.372 Executing VM operation: G1Concurrent done
Event: 19.391 Executing VM operation: G1Concurrent
Event: 19.391 Executing VM operation: G1Concurrent done
Event: 19.594 Executing VM operation: HandshakeAllThreads
Event: 19.594 Executing VM operation: HandshakeAllThreads done

Events (20 events):
Event: 19.606 loading class java/util/TreeMap$EntrySpliterator
Event: 19.606 loading class java/util/TreeMap$TreeMapSpliterator
Event: 19.607 loading class java/util/TreeMap$TreeMapSpliterator done
Event: 19.607 loading class java/util/TreeMap$EntrySpliterator done
Event: 19.622 loading class java/util/Stack
Event: 19.622 loading class java/util/Stack done
Event: 19.637 loading class org/xml/sax/ContentHandler
Event: 19.637 loading class org/xml/sax/ContentHandler done
Event: 19.637 loading class org/xml/sax/EntityResolver
Event: 19.638 loading class org/xml/sax/EntityResolver done
Event: 19.638 loading class org/xml/sax/DTDHandler
Event: 19.638 loading class org/xml/sax/DTDHandler done
Event: 19.653 loading class java/util/Spliterators$IntArraySpliterator
Event: 19.654 loading class java/util/Spliterators$IntArraySpliterator done
Event: 19.659 loading class java/text/ParsePosition
Event: 19.660 loading class java/text/ParsePosition done
Event: 19.671 loading class java/text/CharacterIterator
Event: 19.671 loading class java/text/CharacterIterator done
Event: 19.733 loading class java/time/format/DateTimeFormatterBuilder$WeekBasedFieldPrinterParser
Event: 19.734 loading class java/time/format/DateTimeFormatterBuilder$WeekBasedFieldPrinterParser done


Dynamic libraries:
0x00007ff7a8e00000 - 0x00007ff7a8e0a000 	C:\Program Files\Android\Android Studio\jbr\bin\java.exe
0x00007fffb41f0000 - 0x00007fffb4404000 	C:\windows\SYSTEM32\ntdll.dll
0x00007fffb3820000 - 0x00007fffb38e4000 	C:\windows\System32\KERNEL32.DLL
0x00007fffb1a90000 - 0x00007fffb1e34000 	C:\windows\System32\KERNELBASE.dll
0x00007fffb17e0000 - 0x00007fffb18f1000 	C:\windows\System32\ucrtbase.dll
0x00007fffac3e0000 - 0x00007fffac3fb000 	C:\Program Files\Android\Android Studio\jbr\bin\VCRUNTIME140.dll
0x00007fffac3c0000 - 0x00007fffac3d7000 	C:\Program Files\Android\Android Studio\jbr\bin\jli.dll
0x00007fffb1fb0000 - 0x00007fffb215a000 	C:\windows\System32\USER32.dll
0x00007fffb1690000 - 0x00007fffb16b6000 	C:\windows\System32\win32u.dll
0x00007fffb3210000 - 0x00007fffb3239000 	C:\windows\System32\GDI32.dll
0x00007fffb16c0000 - 0x00007fffb17d9000 	C:\windows\System32\gdi32full.dll
0x00007fffb19f0000 - 0x00007fffb1a8a000 	C:\windows\System32\msvcp_win.dll
0x00007fff8d2e0000 - 0x00007fff8d56f000 	C:\windows\WinSxS\amd64_microsoft.windows.common-controls_6595b64144ccf1df_6.0.22621.2070_none_2713e6537381f706\COMCTL32.dll
0x00007fffb2260000 - 0x00007fffb2307000 	C:\windows\System32\msvcrt.dll
0x00007fffb4170000 - 0x00007fffb41a1000 	C:\windows\System32\IMM32.DLL
0x00007fffac440000 - 0x00007fffac44c000 	C:\Program Files\Android\Android Studio\jbr\bin\vcruntime140_1.dll
0x00007fff91a80000 - 0x00007fff91b0d000 	C:\Program Files\Android\Android Studio\jbr\bin\msvcp140.dll
0x00007fff2f930000 - 0x00007fff3059d000 	C:\Program Files\Android\Android Studio\jbr\bin\server\jvm.dll
0x00007fffb3e60000 - 0x00007fffb3f10000 	C:\windows\System32\ADVAPI32.dll
0x00007fffb40a0000 - 0x00007fffb4146000 	C:\windows\System32\sechost.dll
0x00007fffb2eb0000 - 0x00007fffb2fc7000 	C:\windows\System32\RPCRT4.dll
0x00007fff82010000 - 0x00007fff82019000 	C:\windows\SYSTEM32\WSOCK32.dll
0x00007fffb3d90000 - 0x00007fffb3e01000 	C:\windows\System32\WS2_32.dll
0x00007fffa6460000 - 0x00007fffa6494000 	C:\windows\SYSTEM32\WINMM.dll
0x00007fffa6040000 - 0x00007fffa604a000 	C:\windows\SYSTEM32\VERSION.dll
0x00007fffb0590000 - 0x00007fffb05a8000 	C:\windows\SYSTEM32\kernel.appcore.dll
0x00007fff82000000 - 0x00007fff8200a000 	C:\Program Files\Android\Android Studio\jbr\bin\jimage.dll
0x00007fffaedf0000 - 0x00007fffaf01e000 	C:\windows\SYSTEM32\DBGHELP.DLL
0x00007fffb3a00000 - 0x00007fffb3d8a000 	C:\windows\System32\combase.dll
0x00007fffb2310000 - 0x00007fffb23e7000 	C:\windows\System32\OLEAUT32.dll
0x00007fff8d5a0000 - 0x00007fff8d5d2000 	C:\windows\SYSTEM32\dbgcore.DLL
0x00007fffb1900000 - 0x00007fffb197a000 	C:\windows\System32\bcryptPrimitives.dll
0x00007fff75290000 - 0x00007fff752b5000 	C:\Program Files\Android\Android Studio\jbr\bin\java.dll
0x00007fff78220000 - 0x00007fff78238000 	C:\Program Files\Android\Android Studio\jbr\bin\zip.dll
0x00007fffb2630000 - 0x00007fffb2e46000 	C:\windows\System32\SHELL32.dll
0x00007fffaf550000 - 0x00007fffafe3a000 	C:\windows\SYSTEM32\windows.storage.dll
0x00007fffaf410000 - 0x00007fffaf54e000 	C:\windows\SYSTEM32\wintypes.dll
0x00007fffb2160000 - 0x00007fffb2253000 	C:\windows\System32\SHCORE.dll
0x00007fffb3f10000 - 0x00007fffb3f6e000 	C:\windows\System32\shlwapi.dll
0x00007fffb1500000 - 0x00007fffb1526000 	C:\windows\SYSTEM32\profapi.dll
0x00007fff75270000 - 0x00007fff75289000 	C:\Program Files\Android\Android Studio\jbr\bin\net.dll
0x00007fffab650000 - 0x00007fffab787000 	C:\windows\SYSTEM32\WINHTTP.dll
0x00007fffb0a70000 - 0x00007fffb0ad9000 	C:\windows\system32\mswsock.dll
0x00007fff75250000 - 0x00007fff75266000 	C:\Program Files\Android\Android Studio\jbr\bin\nio.dll
0x00007fff75140000 - 0x00007fff75150000 	C:\Program Files\Android\Android Studio\jbr\bin\verify.dll
0x00007fffac450000 - 0x00007fffac477000 	C:\Users\vidye\.gradle\native\68d5fa5c4cc2d200863cafc0d521ce42e7d3e7ee720ec0a83991735586a16f82\windows-amd64\native-platform.dll
0x00007fff91710000 - 0x00007fff91854000 	C:\Users\vidye\.gradle\native\e376f236ea51e6404a007f0833ffe2c6e607c4080706a723a18a27aeea778392\windows-amd64\native-platform-file-events.dll
0x00007fff7be90000 - 0x00007fff7be99000 	C:\Program Files\Android\Android Studio\jbr\bin\management.dll
0x00007fff76790000 - 0x00007fff7679b000 	C:\Program Files\Android\Android Studio\jbr\bin\management_ext.dll
0x00007fffb38f0000 - 0x00007fffb38f8000 	C:\windows\System32\PSAPI.DLL
0x00007fffb0ce0000 - 0x00007fffb0cfb000 	C:\windows\SYSTEM32\CRYPTSP.dll
0x00007fffb0550000 - 0x00007fffb0585000 	C:\windows\system32\rsaenh.dll
0x00007fffb0b80000 - 0x00007fffb0bac000 	C:\windows\SYSTEM32\USERENV.dll
0x00007fffb0ea0000 - 0x00007fffb0ec8000 	C:\windows\SYSTEM32\bcrypt.dll
0x00007fffb0d00000 - 0x00007fffb0d0c000 	C:\windows\SYSTEM32\CRYPTBASE.dll
0x00007fffb00a0000 - 0x00007fffb00cd000 	C:\windows\SYSTEM32\IPHLPAPI.DLL
0x00007fffb3200000 - 0x00007fffb3209000 	C:\windows\System32\NSI.dll
0x00007fffa7190000 - 0x00007fffa71a9000 	C:\windows\SYSTEM32\dhcpcsvc6.DLL
0x00007fffa7140000 - 0x00007fffa715f000 	C:\windows\SYSTEM32\dhcpcsvc.DLL
0x00007fffb0110000 - 0x00007fffb0203000 	C:\windows\SYSTEM32\DNSAPI.dll
0x00007fff906c0000 - 0x00007fff906c8000 	C:\windows\system32\wshunix.dll

dbghelp: loaded successfully - version: 4.0.5 - missing functions: none
symbol engine: initialized successfully - sym options: 0x614 - pdb path: .;C:\Program Files\Android\Android Studio\jbr\bin;C:\windows\SYSTEM32;C:\windows\WinSxS\amd64_microsoft.windows.common-controls_6595b64144ccf1df_6.0.22621.2070_none_2713e6537381f706;C:\Program Files\Android\Android Studio\jbr\bin\server;C:\Users\vidye\.gradle\native\68d5fa5c4cc2d200863cafc0d521ce42e7d3e7ee720ec0a83991735586a16f82\windows-amd64;C:\Users\vidye\.gradle\native\e376f236ea51e6404a007f0833ffe2c6e607c4080706a723a18a27aeea778392\windows-amd64

VM Arguments:
jvm_args: --add-opens=java.base/java.util=ALL-UNNAMED --add-opens=java.base/java.lang=ALL-UNNAMED --add-opens=java.base/java.lang.invoke=ALL-UNNAMED --add-opens=java.prefs/java.util.prefs=ALL-UNNAMED --add-opens=java.base/java.nio.charset=ALL-UNNAMED --add-opens=java.base/java.net=ALL-UNNAMED --add-opens=java.base/java.util.concurrent.atomic=ALL-UNNAMED -Xmx2048m -Dfile.encoding=UTF-8 -Duser.country=IN -Duser.language=en -Duser.variant 
java_command: org.gradle.launcher.daemon.bootstrap.GradleDaemon 8.0
java_class_path (initial): C:\Users\vidye\.gradle\wrapper\dists\gradle-8.0-bin\ca5e32bp14vu59qr306oxotwh\gradle-8.0\lib\gradle-launcher-8.0.jar
Launcher Type: SUN_STANDARD

[Global flags]
     intx CICompilerCount                          = 4                                         {product} {ergonomic}
     uint ConcGCThreads                            = 3                                         {product} {ergonomic}
     uint G1ConcRefinementThreads                  = 10                                        {product} {ergonomic}
   size_t G1HeapRegionSize                         = 1048576                                   {product} {ergonomic}
    uintx GCDrainStackTargetSize                   = 64                                        {product} {ergonomic}
   size_t InitialHeapSize                          = 62914560                                  {product} {ergonomic}
   size_t MarkStackSize                            = 4194304                                   {product} {ergonomic}
   size_t MaxHeapSize                              = 2147483648                                {product} {command line}
   size_t MaxNewSize                               = 1287651328                                {product} {ergonomic}
   size_t MinHeapDeltaBytes                        = 1048576                                   {product} {ergonomic}
   size_t MinHeapSize                              = 8388608                                   {product} {ergonomic}
    uintx NonNMethodCodeHeapSize                   = 5839372                                {pd product} {ergonomic}
    uintx NonProfiledCodeHeapSize                  = 122909434                              {pd product} {ergonomic}
    uintx ProfiledCodeHeapSize                     = 122909434                              {pd product} {ergonomic}
    uintx ReservedCodeCacheSize                    = 251658240                              {pd product} {ergonomic}
     bool SegmentedCodeCache                       = true                                      {product} {ergonomic}
   size_t SoftMaxHeapSize                          = 2147483648                             {manageable} {ergonomic}
     bool UseCompressedClassPointers               = true                           {product lp64_product} {ergonomic}
     bool UseCompressedOops                        = true                           {product lp64_product} {ergonomic}
     bool UseG1GC                                  = true                                      {product} {ergonomic}
     bool UseLargePagesIndividualAllocation        = false                                  {pd product} {ergonomic}

Logging:
Log output configuration:
 #0: stdout all=warning uptime,level,tags
 #1: stderr all=off uptime,level,tags

Environment Variables:
JAVA_HOME=C:\Program Files\Java\jdk-19
PATH=C:\Program Files\Common Files\Oracle\Java\javapath;C:\windows\system32;C:\windows;C:\windows\System32\Wbem;C:\windows\System32\WindowsPowerShell\v1.0\;C:\Users\vidye\mingw64\bin;C:\Program Files\MySQL\MySQL Server 8.0\bin;C:\Program Files\Git\cmd;C:\Program Files\Java\jdk-19\bin;C:\Users\vidye\Downloads\apache-maven-3.9.1-bin\apache-maven-3.9.1\bin;C:\Program Files\nodejs\;C:\Users\vidye\AppData\Local\Programs\Python\Python310\Scripts\;C:\Users\vidye\AppData\Local\Programs\Python\Python310\;C:\Program Files\MySQL\MySQL Shell 8.0\bin\;C:\Users\vidye\AppData\Local\Microsoft\WindowsApps;C:\Users\vidye\AppData\Local\Programs\Microsoft VS Code\bin;C:\Users\vidye\Downloads\flutter_windows_3.3.10-stable\flutter\bin;;C:\Users\vidye\AppData\Local\JetBrains\IntelliJ IDEA Community Edition 2022.3.3\bin;;C:\Users\vidye\AppData\Roaming\npm
USERNAME=vidye
OS=Windows_NT
PROCESSOR_IDENTIFIER=Intel64 Family 6 Model 154 Stepping 4, GenuineIntel
TMP=C:\Users\vidye\AppData\Local\Temp
TEMP=C:\Users\vidye\AppData\Local\Temp



---------------  S Y S T E M  ---------------

OS:
 Windows 11 , 64 bit Build 22621 (10.0.22621.2070)
OS uptime: 0 days 2:54 hours
Hyper-V role detected

CPU: total 12 (initial active 12) (6 cores per cpu, 2 threads per core) family 6 model 154 stepping 4 microcode 0x423, cx8, cmov, fxsr, ht, mmx, 3dnowpref, sse, sse2, sse3, ssse3, sse4.1, sse4.2, popcnt, lzcnt, tsc, tscinvbit, avx, avx2, aes, erms, clmul, bmi1, bmi2, adx, sha, fma, vzeroupper, clflush, clflushopt, clwb, hv

Memory: 4k page, system-wide physical 3767M (60M free)
TotalPageFile size 15543M (AvailPageFile size 3M)
current process WorkingSet (physical memory assigned to process): 232M, peak: 246M
current process commit charge ("private bytes"): 475M, peak: 475M

vm_info: OpenJDK 64-Bit Server VM (17.0.6+0-b2043.56-9586694) for windows-amd64 JRE (17.0.6+0-b2043.56-9586694), built on Feb  9 2023 20:06:20 by "androidbuild" with MS VC++ 16.10 / 16.11 (VS2019)

END.
